[ 2024-06-18 17:26:09,111 ] 113 werkzeug - WARNING -  * Debugger is active!
[ 2024-06-18 17:26:09,198 ] 113 werkzeug - INFO -  * Debugger PIN: 161-147-940
[ 2024-06-18 17:26:10,230 ] 113 werkzeug - INFO -  * Detected change in 'C:\\Users\\Public\\miniconda3\\envs\\annotation\\Lib\\__pycache__\\codecs.cpython-37.pyc', reloading
[ 2024-06-18 17:26:10,231 ] 113 werkzeug - INFO -  * Detected change in 'C:\\Users\\Public\\miniconda3\\envs\\annotation\\Lib\\encodings\\__pycache__\\__init__.cpython-37.pyc', reloading
[ 2024-06-18 17:26:10,231 ] 113 werkzeug - INFO -  * Detected change in 'C:\\Users\\Public\\miniconda3\\envs\\annotation\\Lib\\__pycache__\\io.cpython-37.pyc', reloading
[ 2024-06-18 17:26:10,232 ] 113 werkzeug - INFO -  * Detected change in 'C:\\Users\\Public\\miniconda3\\envs\\annotation\\Lib\\encodings\\__pycache__\\utf_8.cpython-37.pyc', reloading
[ 2024-06-18 17:26:10,232 ] 113 werkzeug - INFO -  * Detected change in 'C:\\Users\\Public\\miniconda3\\envs\\annotation\\Lib\\encodings\\__pycache__\\latin_1.cpython-37.pyc', reloading
[ 2024-06-18 17:26:10,233 ] 113 werkzeug - INFO -  * Detected change in 'C:\\Users\\Public\\miniconda3\\envs\\annotation\\Lib\\__pycache__\\abc.cpython-37.pyc', reloading
[ 2024-06-18 17:26:10,233 ] 113 werkzeug - INFO -  * Detected change in 'C:\\Users\\Public\\miniconda3\\envs\\annotation\\Lib\\__pycache__\\_bootlocale.cpython-37.pyc', reloading
[ 2024-06-18 17:26:10,233 ] 113 werkzeug - INFO -  * Detected change in 'C:\\Users\\Public\\miniconda3\\envs\\annotation\\Lib\\encodings\\__pycache__\\cp1252.cpython-37.pyc', reloading
[ 2024-06-18 17:26:10,234 ] 113 werkzeug - INFO -  * Detected change in 'C:\\Users\\Public\\miniconda3\\envs\\annotation\\Lib\\__pycache__\\site.cpython-37.pyc', reloading
[ 2024-06-18 17:26:10,235 ] 113 werkzeug - INFO -  * Detected change in 'C:\\Users\\Public\\miniconda3\\envs\\annotation\\Lib\\__pycache__\\os.cpython-37.pyc', reloading
[ 2024-06-18 17:26:10,235 ] 113 werkzeug - INFO -  * Detected change in 'C:\\Users\\Public\\miniconda3\\envs\\annotation\\Lib\\__pycache__\\stat.cpython-37.pyc', reloading
[ 2024-06-18 17:26:10,236 ] 113 werkzeug - INFO -  * Detected change in 'C:\\Users\\Public\\miniconda3\\envs\\annotation\\Lib\\__pycache__\\_collections_abc.cpython-37.pyc', reloading
[ 2024-06-18 17:26:10,236 ] 113 werkzeug - INFO -  * Detected change in 'C:\\Users\\Public\\miniconda3\\envs\\annotation\\Lib\\__pycache__\\ntpath.cpython-37.pyc', reloading
[ 2024-06-18 17:26:10,237 ] 113 werkzeug - INFO -  * Detected change in 'C:\\Users\\Public\\miniconda3\\envs\\annotation\\Lib\\__pycache__\\genericpath.cpython-37.pyc', reloading
[ 2024-06-18 17:26:10,237 ] 113 werkzeug - INFO -  * Detected change in 'C:\\Users\\Public\\miniconda3\\envs\\annotation\\Lib\\__pycache__\\_sitebuiltins.cpython-37.pyc', reloading
[ 2024-06-18 17:26:10,238 ] 113 werkzeug - INFO -  * Detected change in 'C:\\Users\\Public\\miniconda3\\envs\\annotation\\Lib\\site-packages\\_distutils_hack\\__pycache__\\__init__.cpython-37.pyc', reloading
[ 2024-06-18 17:26:10,238 ] 113 werkzeug - INFO -  * Detected change in 'C:\\Users\\Public\\miniconda3\\envs\\annotation\\Lib\\__pycache__\\types.cpython-37.pyc', reloading
[ 2024-06-18 17:26:10,239 ] 113 werkzeug - INFO -  * Detected change in 'C:\\Users\\Public\\miniconda3\\envs\\annotation\\Lib\\__pycache__\\warnings.cpython-37.pyc', reloading
[ 2024-06-18 17:26:10,239 ] 113 werkzeug - INFO -  * Detected change in 'C:\\Users\\Public\\miniconda3\\envs\\annotation\\Lib\\importlib\\__pycache__\\__init__.cpython-37.pyc', reloading
[ 2024-06-18 17:26:10,239 ] 113 werkzeug - INFO -  * Detected change in 'C:\\Users\\Public\\miniconda3\\envs\\annotation\\Lib\\encodings\\__pycache__\\aliases.cpython-37.pyc', reloading
[ 2024-06-18 17:26:10,240 ] 113 werkzeug - INFO -  * Detected change in 'C:\\Users\\Public\\miniconda3\\envs\\annotation\\Lib\\importlib\\__pycache__\\util.cpython-37.pyc', reloading
[ 2024-06-18 17:26:10,240 ] 113 werkzeug - INFO -  * Detected change in 'C:\\Users\\Public\\miniconda3\\envs\\annotation\\Lib\\__pycache__\\contextlib.cpython-37.pyc', reloading
[ 2024-06-18 17:26:10,241 ] 113 werkzeug - INFO -  * Detected change in 'C:\\Users\\Public\\miniconda3\\envs\\annotation\\Lib\\importlib\\__pycache__\\abc.cpython-37.pyc', reloading
[ 2024-06-18 17:26:10,241 ] 113 werkzeug - INFO -  * Detected change in 'C:\\Users\\Public\\miniconda3\\envs\\annotation\\Lib\\collections\\__pycache__\\__init__.cpython-37.pyc', reloading
[ 2024-06-18 17:26:10,241 ] 113 werkzeug - INFO -  * Detected change in 'C:\\Users\\Public\\miniconda3\\envs\\annotation\\Lib\\importlib\\__pycache__\\machinery.cpython-37.pyc', reloading
[ 2024-06-18 17:26:10,243 ] 113 werkzeug - INFO -  * Detected change in 'C:\\Users\\Public\\miniconda3\\envs\\annotation\\Lib\\__pycache__\\operator.cpython-37.pyc', reloading
[ 2024-06-18 17:26:10,244 ] 113 werkzeug - INFO -  * Detected change in 'C:\\Users\\Public\\miniconda3\\envs\\annotation\\Lib\\__pycache__\\keyword.cpython-37.pyc', reloading
[ 2024-06-18 17:26:10,244 ] 113 werkzeug - INFO -  * Detected change in 'C:\\Users\\Public\\miniconda3\\envs\\annotation\\Lib\\__pycache__\\heapq.cpython-37.pyc', reloading
[ 2024-06-18 17:26:10,244 ] 113 werkzeug - INFO -  * Detected change in 'C:\\Users\\Public\\miniconda3\\envs\\annotation\\Lib\\__pycache__\\functools.cpython-37.pyc', reloading
[ 2024-06-18 17:26:10,245 ] 113 werkzeug - INFO -  * Detected change in 'C:\\Users\\Public\\miniconda3\\envs\\annotation\\Lib\\__pycache__\\reprlib.cpython-37.pyc', reloading
[ 2024-06-18 17:26:10,245 ] 113 werkzeug - INFO -  * Detected change in 'C:\\Users\\Public\\miniconda3\\envs\\annotation\\Lib\\__pycache__\\runpy.cpython-37.pyc', reloading
[ 2024-06-18 17:26:10,246 ] 113 werkzeug - INFO -  * Detected change in 'C:\\Users\\Public\\miniconda3\\envs\\annotation\\Lib\\__pycache__\\pkgutil.cpython-37.pyc', reloading
[ 2024-06-18 17:26:10,246 ] 113 werkzeug - INFO -  * Detected change in 'C:\\Users\\Public\\miniconda3\\envs\\annotation\\Lib\\__pycache__\\weakref.cpython-37.pyc', reloading
[ 2024-06-18 17:26:10,246 ] 113 werkzeug - INFO -  * Detected change in 'C:\\Users\\Public\\miniconda3\\envs\\annotation\\Lib\\__pycache__\\_weakrefset.cpython-37.pyc', reloading
[ 2024-06-18 17:26:10,247 ] 113 werkzeug - INFO -  * Detected change in 'C:\\Users\\Public\\miniconda3\\envs\\annotation\\Lib\\__pycache__\\re.cpython-37.pyc', reloading
[ 2024-06-18 17:26:10,247 ] 113 werkzeug - INFO -  * Detected change in 'C:\\Users\\Public\\miniconda3\\envs\\annotation\\Lib\\__pycache__\\enum.cpython-37.pyc', reloading
[ 2024-06-18 17:26:10,248 ] 113 werkzeug - INFO -  * Detected change in 'C:\\Users\\Public\\miniconda3\\envs\\annotation\\Lib\\json\\__pycache__\\__init__.cpython-37.pyc', reloading
[ 2024-06-18 17:26:10,248 ] 113 werkzeug - INFO -  * Detected change in 'C:\\Users\\Public\\miniconda3\\envs\\annotation\\Lib\\json\\__pycache__\\decoder.cpython-37.pyc', reloading
[ 2024-06-18 17:26:10,248 ] 113 werkzeug - INFO -  * Detected change in 'C:\\Users\\Public\\miniconda3\\envs\\annotation\\Lib\\__pycache__\\sre_compile.cpython-37.pyc', reloading
[ 2024-06-18 17:26:10,249 ] 113 werkzeug - INFO -  * Detected change in 'C:\\Users\\Public\\miniconda3\\envs\\annotation\\Lib\\__pycache__\\sre_parse.cpython-37.pyc', reloading
[ 2024-06-18 17:26:10,249 ] 113 werkzeug - INFO -  * Detected change in 'C:\\Users\\Public\\miniconda3\\envs\\annotation\\Lib\\__pycache__\\copyreg.cpython-37.pyc', reloading
[ 2024-06-18 17:26:10,250 ] 113 werkzeug - INFO -  * Detected change in 'C:\\Users\\Public\\miniconda3\\envs\\annotation\\Lib\\__pycache__\\sre_constants.cpython-37.pyc', reloading
[ 2024-06-18 17:26:10,250 ] 113 werkzeug - INFO -  * Detected change in 'C:\\Users\\Public\\miniconda3\\envs\\annotation\\Lib\\json\\__pycache__\\scanner.cpython-37.pyc', reloading
[ 2024-06-18 17:26:10,250 ] 113 werkzeug - INFO -  * Detected change in 'C:\\Users\\Public\\miniconda3\\envs\\annotation\\Lib\\json\\__pycache__\\encoder.cpython-37.pyc', reloading
[ 2024-06-18 17:26:10,425 ] 113 werkzeug - INFO -  * Detected change in 'C:\\Users\\Public\\miniconda3\\envs\\tracking\\Lib\\encodings\\__pycache__\\__init__.cpython-37.pyc', reloading
[ 2024-06-18 17:26:10,427 ] 113 werkzeug - INFO -  * Detected change in 'C:\\Users\\Public\\miniconda3\\envs\\tracking\\Lib\\__pycache__\\codecs.cpython-37.pyc', reloading
[ 2024-06-18 17:26:10,435 ] 113 werkzeug - INFO -  * Detected change in 'C:\\Users\\Public\\miniconda3\\envs\\tracking\\Lib\\encodings\\__pycache__\\aliases.cpython-37.pyc', reloading
[ 2024-06-18 17:26:10,437 ] 113 werkzeug - INFO -  * Detected change in 'C:\\Users\\Public\\miniconda3\\envs\\tracking\\Lib\\encodings\\__pycache__\\utf_8.cpython-37.pyc', reloading
[ 2024-06-18 17:26:10,439 ] 113 werkzeug - INFO -  * Detected change in 'C:\\Users\\Public\\miniconda3\\envs\\tracking\\Lib\\encodings\\__pycache__\\latin_1.cpython-37.pyc', reloading
[ 2024-06-18 17:26:10,441 ] 113 werkzeug - INFO -  * Detected change in 'C:\\Users\\Public\\miniconda3\\envs\\tracking\\Lib\\__pycache__\\io.cpython-37.pyc', reloading
[ 2024-06-18 17:26:10,443 ] 113 werkzeug - INFO -  * Detected change in 'C:\\Users\\Public\\miniconda3\\envs\\tracking\\Lib\\__pycache__\\abc.cpython-37.pyc', reloading
[ 2024-06-18 17:26:10,446 ] 113 werkzeug - INFO -  * Detected change in 'C:\\Users\\Public\\miniconda3\\envs\\tracking\\Lib\\__pycache__\\_bootlocale.cpython-37.pyc', reloading
[ 2024-06-18 17:26:10,448 ] 113 werkzeug - INFO -  * Detected change in 'C:\\Users\\Public\\miniconda3\\envs\\tracking\\Lib\\encodings\\__pycache__\\cp1252.cpython-37.pyc', reloading
[ 2024-06-18 17:26:10,450 ] 113 werkzeug - INFO -  * Detected change in 'C:\\Users\\Public\\miniconda3\\envs\\tracking\\Lib\\__pycache__\\site.cpython-37.pyc', reloading
[ 2024-06-18 17:26:10,453 ] 113 werkzeug - INFO -  * Detected change in 'C:\\Users\\Public\\miniconda3\\envs\\tracking\\Lib\\__pycache__\\os.cpython-37.pyc', reloading
[ 2024-06-18 17:26:10,483 ] 113 werkzeug - INFO -  * Detected change in 'C:\\Users\\Public\\miniconda3\\envs\\tracking\\Lib\\__pycache__\\stat.cpython-37.pyc', reloading
[ 2024-06-18 17:26:10,486 ] 113 werkzeug - INFO -  * Detected change in 'C:\\Users\\Public\\miniconda3\\envs\\tracking\\Lib\\__pycache__\\_collections_abc.cpython-37.pyc', reloading
[ 2024-06-18 17:26:10,489 ] 113 werkzeug - INFO -  * Detected change in 'C:\\Users\\Public\\miniconda3\\envs\\tracking\\Lib\\__pycache__\\ntpath.cpython-37.pyc', reloading
[ 2024-06-18 17:26:10,491 ] 113 werkzeug - INFO -  * Detected change in 'C:\\Users\\Public\\miniconda3\\envs\\tracking\\Lib\\__pycache__\\genericpath.cpython-37.pyc', reloading
[ 2024-06-18 17:26:10,509 ] 113 werkzeug - INFO -  * Detected change in 'C:\\Users\\Public\\miniconda3\\envs\\tracking\\Lib\\__pycache__\\_sitebuiltins.cpython-37.pyc', reloading
[ 2024-06-18 17:26:10,526 ] 113 werkzeug - INFO -  * Detected change in 'C:\\Users\\Public\\miniconda3\\envs\\tracking\\Lib\\site-packages\\_distutils_hack\\__pycache__\\__init__.cpython-37.pyc', reloading
[ 2024-06-18 17:26:10,531 ] 113 werkzeug - INFO -  * Detected change in 'C:\\Users\\Public\\miniconda3\\envs\\tracking\\Lib\\__pycache__\\types.cpython-37.pyc', reloading
[ 2024-06-18 17:26:10,534 ] 113 werkzeug - INFO -  * Detected change in 'C:\\Users\\Public\\miniconda3\\envs\\tracking\\Lib\\importlib\\__pycache__\\__init__.cpython-37.pyc', reloading
[ 2024-06-18 17:26:10,594 ] 113 werkzeug - INFO -  * Detected change in 'C:\\Users\\Public\\miniconda3\\envs\\tracking\\Lib\\__pycache__\\warnings.cpython-37.pyc', reloading
[ 2024-06-18 17:26:10,602 ] 113 werkzeug - INFO -  * Detected change in 'C:\\Users\\Public\\miniconda3\\envs\\tracking\\Lib\\importlib\\__pycache__\\util.cpython-37.pyc', reloading
[ 2024-06-18 17:26:10,604 ] 113 werkzeug - INFO -  * Detected change in 'C:\\Users\\Public\\miniconda3\\envs\\tracking\\Lib\\importlib\\__pycache__\\abc.cpython-37.pyc', reloading
[ 2024-06-18 17:26:10,606 ] 113 werkzeug - INFO -  * Detected change in 'C:\\Users\\Public\\miniconda3\\envs\\tracking\\Lib\\importlib\\__pycache__\\machinery.cpython-37.pyc', reloading
[ 2024-06-18 17:26:10,612 ] 113 werkzeug - INFO -  * Detected change in 'C:\\Users\\Public\\miniconda3\\envs\\tracking\\Lib\\__pycache__\\contextlib.cpython-37.pyc', reloading
[ 2024-06-18 17:26:10,615 ] 113 werkzeug - INFO -  * Detected change in 'C:\\Users\\Public\\miniconda3\\envs\\tracking\\Lib\\collections\\__pycache__\\__init__.cpython-37.pyc', reloading
[ 2024-06-18 17:26:10,619 ] 113 werkzeug - INFO -  * Detected change in 'C:\\Users\\Public\\miniconda3\\envs\\tracking\\Lib\\__pycache__\\operator.cpython-37.pyc', reloading
[ 2024-06-18 17:26:10,621 ] 113 werkzeug - INFO -  * Detected change in 'C:\\Users\\Public\\miniconda3\\envs\\tracking\\Lib\\__pycache__\\keyword.cpython-37.pyc', reloading
[ 2024-06-18 17:26:10,623 ] 113 werkzeug - INFO -  * Detected change in 'C:\\Users\\Public\\miniconda3\\envs\\tracking\\Lib\\__pycache__\\heapq.cpython-37.pyc', reloading
[ 2024-06-18 17:26:10,625 ] 113 werkzeug - INFO -  * Detected change in 'C:\\Users\\Public\\miniconda3\\envs\\tracking\\Lib\\__pycache__\\reprlib.cpython-37.pyc', reloading
[ 2024-06-18 17:26:10,628 ] 113 werkzeug - INFO -  * Detected change in 'C:\\Users\\Public\\miniconda3\\envs\\tracking\\Lib\\__pycache__\\functools.cpython-37.pyc', reloading
[ 2024-06-18 17:26:10,667 ] 113 werkzeug - INFO -  * Detected change in 'C:\\Users\\Public\\miniconda3\\envs\\tracking\\Lib\\__pycache__\\runpy.cpython-37.pyc', reloading
[ 2024-06-18 17:26:10,669 ] 113 werkzeug - INFO -  * Detected change in 'C:\\Users\\Public\\miniconda3\\envs\\tracking\\Lib\\__pycache__\\pkgutil.cpython-37.pyc', reloading
[ 2024-06-18 17:26:10,672 ] 113 werkzeug - INFO -  * Detected change in 'C:\\Users\\Public\\miniconda3\\envs\\tracking\\Lib\\__pycache__\\weakref.cpython-37.pyc', reloading
[ 2024-06-18 17:26:10,674 ] 113 werkzeug - INFO -  * Detected change in 'C:\\Users\\Public\\miniconda3\\envs\\tracking\\Lib\\__pycache__\\_weakrefset.cpython-37.pyc', reloading
[ 2024-06-18 17:26:10,682 ] 113 werkzeug - INFO -  * Detected change in 'C:\\Users\\Public\\miniconda3\\envs\\tracking\\Lib\\json\\__pycache__\\__init__.cpython-37.pyc', reloading
[ 2024-06-18 17:26:10,684 ] 113 werkzeug - INFO -  * Detected change in 'C:\\Users\\Public\\miniconda3\\envs\\tracking\\Lib\\json\\__pycache__\\decoder.cpython-37.pyc', reloading
[ 2024-06-18 17:26:10,686 ] 113 werkzeug - INFO -  * Detected change in 'C:\\Users\\Public\\miniconda3\\envs\\tracking\\Lib\\__pycache__\\re.cpython-37.pyc', reloading
[ 2024-06-18 17:26:10,687 ] 113 werkzeug - INFO -  * Detected change in 'C:\\Users\\Public\\miniconda3\\envs\\tracking\\Lib\\__pycache__\\enum.cpython-37.pyc', reloading
[ 2024-06-18 17:26:10,716 ] 113 werkzeug - INFO -  * Detected change in 'C:\\Users\\Public\\miniconda3\\envs\\tracking\\Lib\\__pycache__\\sre_compile.cpython-37.pyc', reloading
[ 2024-06-18 17:26:10,719 ] 113 werkzeug - INFO -  * Detected change in 'C:\\Users\\Public\\miniconda3\\envs\\tracking\\Lib\\__pycache__\\sre_parse.cpython-37.pyc', reloading
[ 2024-06-18 17:26:10,721 ] 113 werkzeug - INFO -  * Detected change in 'C:\\Users\\Public\\miniconda3\\envs\\tracking\\Lib\\__pycache__\\sre_constants.cpython-37.pyc', reloading
[ 2024-06-18 17:26:10,725 ] 113 werkzeug - INFO -  * Detected change in 'C:\\Users\\Public\\miniconda3\\envs\\tracking\\Lib\\__pycache__\\copyreg.cpython-37.pyc', reloading
[ 2024-06-18 17:26:10,727 ] 113 werkzeug - INFO -  * Detected change in 'C:\\Users\\Public\\miniconda3\\envs\\tracking\\Lib\\json\\__pycache__\\scanner.cpython-37.pyc', reloading
[ 2024-06-18 17:26:10,736 ] 113 werkzeug - INFO -  * Detected change in 'C:\\Users\\Public\\miniconda3\\envs\\tracking\\Lib\\json\\__pycache__\\encoder.cpython-37.pyc', reloading
[ 2024-06-18 17:26:10,903 ] 113 werkzeug - INFO -  * Running on http://0.0.0.0:5000/ (Press CTRL+C to quit)
