[ 2024-04-12 12:43:19,388 ] 113 werkzeug - WARNING -  * Debugger is active!
[ 2024-04-12 12:43:19,419 ] 113 werkzeug - INFO -  * Debugger PIN: 623-489-910
[ 2024-04-12 12:43:19,513 ] 113 werkzeug - INFO -  * Detected change in 'C:\\Users\\Public\\miniconda3\\pkgs\\setuptools-66.0.0-py38haa95532_0\\Lib\\site-packages\\setuptools\\_distutils\\dist.py', reloading
[ 2024-04-12 12:43:19,529 ] 113 werkzeug - INFO -  * Detected change in 'C:\\Users\\Public\\miniconda3\\pkgs\\setuptools-66.0.0-py38haa95532_0\\Lib\\site-packages\\setuptools\\_distutils\\ccompiler.py', reloading
[ 2024-04-12 12:43:19,539 ] 113 werkzeug - INFO -  * Detected change in 'C:\\Users\\Public\\miniconda3\\pkgs\\setuptools-66.0.0-py38haa95532_0\\Lib\\site-packages\\setuptools\\_vendor\\jaraco\\__init__.py', reloading
[ 2024-04-12 12:43:19,571 ] 113 werkzeug - INFO -  * Detected change in 'C:\\Users\\Public\\miniconda3\\pkgs\\setuptools-66.0.0-py38haa95532_0\\Lib\\site-packages\\setuptools\\_vendor\\more_itertools\\more.py', reloading
[ 2024-04-12 12:43:19,586 ] 113 werkzeug - INFO -  * Detected change in 'C:\\Users\\Public\\miniconda3\\pkgs\\setuptools-66.0.0-py38haa95532_0\\Lib\\site-packages\\setuptools\\dist.py', reloading
[ 2024-04-12 12:43:19,617 ] 113 werkzeug - INFO -  * Detected change in 'C:\\Users\\Public\\miniconda3\\pkgs\\setuptools-66.0.0-py38haa95532_0\\Lib\\site-packages\\setuptools\\package_index.py', reloading
[ 2024-04-12 12:43:19,633 ] 113 werkzeug - INFO -  * Detected change in 'C:\\Users\\Public\\miniconda3\\pkgs\\setuptools-66.0.0-py38haa95532_0\\Lib\\site-packages\\setuptools\\_distutils\\command\\build_ext.py', reloading
[ 2024-04-12 12:43:19,649 ] 113 werkzeug - INFO -  * Detected change in 'C:\\Users\\Public\\miniconda3\\pkgs\\setuptools-66.0.0-py38haa95532_0\\Lib\\site-packages\\setuptools\\command\\editable_wheel.py', reloading
[ 2024-04-12 12:43:19,664 ] 113 werkzeug - INFO -  * Detected change in 'C:\\Users\\Public\\miniconda3\\pkgs\\setuptools-66.0.0-py38haa95532_0\\Lib\\site-packages\\setuptools\\_distutils\\msvc9compiler.py', reloading
[ 2024-04-12 12:43:19,680 ] 113 werkzeug - INFO -  * Detected change in 'C:\\Users\\Public\\miniconda3\\pkgs\\setuptools-66.0.0-py38haa95532_0\\Lib\\site-packages\\setuptools\\_distutils\\command\\install.py', reloading
[ 2024-04-12 12:43:19,680 ] 113 werkzeug - INFO -  * Detected change in 'C:\\Users\\Public\\miniconda3\\pkgs\\setuptools-66.0.0-py38haa95532_0\\Lib\\site-packages\\setuptools\\_vendor\\importlib_metadata\\__init__.py', reloading
[ 2024-04-12 12:43:19,696 ] 113 werkzeug - INFO -  * Detected change in 'C:\\Users\\Public\\miniconda3\\pkgs\\setuptools-66.0.0-py38haa95532_0\\Lib\\site-packages\\setuptools\\_vendor\\packaging\\specifiers.py', reloading
[ 2024-04-12 12:43:19,711 ] 113 werkzeug - INFO -  * Detected change in 'C:\\Users\\Public\\miniconda3\\pkgs\\setuptools-66.0.0-py38haa95532_0\\Lib\\site-packages\\setuptools\\command\\egg_info.py', reloading
[ 2024-04-12 12:43:19,727 ] 113 werkzeug - INFO -  * Detected change in 'C:\\Users\\Public\\miniconda3\\pkgs\\setuptools-66.0.0-py38haa95532_0\\Lib\\site-packages\\setuptools\\config\\setupcfg.py', reloading
[ 2024-04-12 12:43:20,145 ] 113 werkzeug - INFO -  * Detected change in 'C:\\Users\\Public\\miniconda3\\pkgs\\setuptools-66.0.0-py38haa95532_0\\Lib\\site-packages\\setuptools\\_distutils\\msvccompiler.py', reloading
[ 2024-04-12 12:43:20,161 ] 113 werkzeug - INFO -  * Detected change in 'C:\\Users\\Public\\miniconda3\\pkgs\\setuptools-66.0.0-py38haa95532_0\\Lib\\site-packages\\setuptools\\_distutils\\command\\bdist_rpm.py', reloading
[ 2024-04-12 12:43:20,178 ] 113 werkzeug - INFO -  * Detected change in 'C:\\Users\\Public\\miniconda3\\pkgs\\setuptools-66.0.0-py38haa95532_0\\Lib\\site-packages\\setuptools\\discovery.py', reloading
[ 2024-04-12 12:43:20,178 ] 113 werkzeug - INFO -  * Detected change in 'C:\\Users\\Public\\miniconda3\\pkgs\\setuptools-66.0.0-py38haa95532_0\\Lib\\site-packages\\setuptools\\_distutils\\_msvccompiler.py', reloading
[ 2024-04-12 12:43:20,193 ] 113 werkzeug - INFO -  * Detected change in 'C:\\Users\\Public\\miniconda3\\pkgs\\setuptools-66.0.0-py38haa95532_0\\Lib\\site-packages\\setuptools\\build_meta.py', reloading
[ 2024-04-12 12:43:20,209 ] 113 werkzeug - INFO -  * Detected change in 'C:\\Users\\Public\\miniconda3\\pkgs\\setuptools-66.0.0-py38haa95532_0\\Lib\\site-packages\\setuptools\\config\\pyprojecttoml.py', reloading
[ 2024-04-12 12:43:20,225 ] 113 werkzeug - INFO -  * Detected change in 'C:\\Users\\Public\\miniconda3\\pkgs\\setuptools-66.0.0-py38haa95532_0\\Lib\\site-packages\\setuptools\\_vendor\\pyparsing\\core.py', reloading
[ 2024-04-12 12:43:20,256 ] 113 werkzeug - INFO -  * Detected change in 'C:\\Users\\Public\\miniconda3\\pkgs\\setuptools-66.0.0-py38haa95532_0\\Lib\\site-packages\\setuptools\\_vendor\\pyparsing\\helpers.py', reloading
[ 2024-04-12 12:43:20,272 ] 113 werkzeug - INFO -  * Detected change in 'C:\\Users\\Public\\miniconda3\\pkgs\\setuptools-66.0.0-py38haa95532_0\\Lib\\site-packages\\setuptools\\_vendor\\pyparsing\\results.py', reloading
[ 2024-04-12 12:43:20,303 ] 113 werkzeug - INFO -  * Detected change in 'C:\\Users\\Public\\miniconda3\\pkgs\\setuptools-66.0.0-py38haa95532_0\\Lib\\site-packages\\setuptools\\_vendor\\pyparsing\\diagram\\__init__.py', reloading
[ 2024-04-12 12:43:20,334 ] 113 werkzeug - INFO -  * Detected change in 'C:\\Users\\Public\\miniconda3\\pkgs\\setuptools-66.0.0-py38haa95532_0\\Lib\\site-packages\\setuptools\\_vendor\\tomli\\_parser.py', reloading
[ 2024-04-12 12:43:20,350 ] 113 werkzeug - INFO -  * Detected change in 'C:\\Users\\Public\\miniconda3\\pkgs\\setuptools-66.0.0-py38haa95532_0\\Lib\\site-packages\\setuptools\\_distutils\\command\\sdist.py', reloading
[ 2024-04-12 12:43:20,374 ] 113 werkzeug - INFO -  * Detected change in 'C:\\Users\\Public\\miniconda3\\pkgs\\setuptools-66.0.0-py38haa95532_0\\Lib\\site-packages\\setuptools\\_distutils\\sysconfig.py', reloading
[ 2024-04-12 12:43:20,374 ] 113 werkzeug - INFO -  * Detected change in 'C:\\Users\\Public\\miniconda3\\pkgs\\setuptools-66.0.0-py38haa95532_0\\Lib\\site-packages\\setuptools\\_distutils\\util.py', reloading
[ 2024-04-12 12:43:20,390 ] 113 werkzeug - INFO -  * Detected change in 'C:\\Users\\Public\\miniconda3\\pkgs\\setuptools-66.0.0-py38haa95532_0\\Lib\\site-packages\\setuptools\\_distutils\\fancy_getopt.py', reloading
[ 2024-04-12 12:43:20,390 ] 113 werkzeug - INFO -  * Detected change in 'C:\\Users\\Public\\miniconda3\\pkgs\\setuptools-66.0.0-py38haa95532_0\\Lib\\site-packages\\setuptools\\_distutils\\cmd.py', reloading
[ 2024-04-12 12:43:20,405 ] 113 werkzeug - INFO -  * Detected change in 'C:\\Users\\Public\\miniconda3\\pkgs\\setuptools-66.0.0-py38haa95532_0\\Lib\\site-packages\\setuptools\\command\\bdist_egg.py', reloading
[ 2024-04-12 12:43:20,421 ] 113 werkzeug - INFO -  * Detected change in 'C:\\Users\\Public\\miniconda3\\pkgs\\setuptools-66.0.0-py38haa95532_0\\Lib\\site-packages\\setuptools\\_distutils\\command\\build_py.py', reloading
[ 2024-04-12 12:43:20,436 ] 113 werkzeug - INFO -  * Detected change in 'C:\\Users\\Public\\miniconda3\\pkgs\\setuptools-66.0.0-py38haa95532_0\\Lib\\site-packages\\setuptools\\config\\expand.py', reloading
[ 2024-04-12 12:43:20,452 ] 113 werkzeug - INFO -  * Detected change in 'C:\\Users\\Public\\miniconda3\\pkgs\\setuptools-66.0.0-py38haa95532_0\\Lib\\site-packages\\setuptools\\_vendor\\more_itertools\\recipes.py', reloading
[ 2024-04-12 12:43:20,468 ] 113 werkzeug - INFO -  * Detected change in 'C:\\Users\\Public\\miniconda3\\pkgs\\setuptools-66.0.0-py38haa95532_0\\Lib\\site-packages\\setuptools\\command\\build_ext.py', reloading
[ 2024-04-12 12:43:20,468 ] 113 werkzeug - INFO -  * Detected change in 'C:\\Users\\Public\\miniconda3\\pkgs\\setuptools-66.0.0-py38haa95532_0\\Lib\\site-packages\\setuptools\\_vendor\\packaging\\tags.py', reloading
[ 2024-04-12 12:43:20,483 ] 113 werkzeug - INFO -  * Detected change in 'C:\\Users\\Public\\miniconda3\\pkgs\\setuptools-66.0.0-py38haa95532_0\\Lib\\site-packages\\setuptools\\_distutils\\unixccompiler.py', reloading
