[ 2024-04-12 12:32:18,943 ] 113 werkzeug - WARNING -  * Debugger is active!
[ 2024-04-12 12:32:18,943 ] 113 werkzeug - WARNING -  * Debugger is active!
[ 2024-04-12 12:32:18,975 ] 113 werkzeug - INFO -  * Debugger PIN: 623-489-910
[ 2024-04-12 12:32:18,975 ] 113 werkzeug - INFO -  * Debugger PIN: 623-489-910
[ 2024-04-12 12:32:27,375 ] 113 werkzeug - INFO -  * Running on http://0.0.0.0:5000/ (Press CTRL+C to quit)
[ 2024-04-12 12:32:27,391 ] 113 werkzeug - INFO -  * Running on http://0.0.0.0:5000/ (Press CTRL+C to quit)
[ 2024-04-12 12:32:35,408 ] 113 werkzeug - INFO - 127.0.0.1 - - [12/Apr/2024 12:32:35] "[37mGET / HTTP/1.1[0m" 200 -
[ 2024-04-12 12:32:40,801 ] 113 werkzeug - INFO - 127.0.0.1 - - [12/Apr/2024 12:32:40] "[37mGET /predict HTTP/1.1[0m" 200 -
[ 2024-04-12 12:32:40,857 ] 113 werkzeug - INFO - 127.0.0.1 - - [12/Apr/2024 12:32:40] "[33mGET /static/style.css HTTP/1.1[0m" 404 -
[ 2024-04-12 12:33:09,196 ] 80 root - INFO - Dataframe Gathered
[ 2024-04-12 12:33:11,230 ] 113 werkzeug - INFO -  * Detected change in 'C:\\Users\\Public\\miniconda3\\Lib\\site-packages\\joblib\\__pycache__\\numpy_pickle.cpython-39.pyc', reloading
[ 2024-04-12 12:33:11,230 ] 113 werkzeug - INFO -  * Detected change in 'C:\\Users\\Public\\miniconda3\\Lib\\site-packages\\joblib\\__pycache__\\numpy_pickle.cpython-39.pyc', reloading
[ 2024-04-12 12:33:11,232 ] 113 werkzeug - INFO -  * Detected change in 'C:\\Users\\Public\\miniconda3\\Lib\\site-packages\\joblib\\__pycache__\\compressor.cpython-39.pyc', reloading
[ 2024-04-12 12:33:11,233 ] 113 werkzeug - INFO -  * Detected change in 'C:\\Users\\Public\\miniconda3\\Lib\\site-packages\\joblib\\__pycache__\\compressor.cpython-39.pyc', reloading
[ 2024-04-12 12:33:11,236 ] 113 werkzeug - INFO -  * Detected change in 'C:\\Users\\Public\\miniconda3\\Lib\\site-packages\\joblib\\__pycache__\\numpy_pickle_utils.cpython-39.pyc', reloading
[ 2024-04-12 12:33:11,237 ] 113 werkzeug - INFO -  * Detected change in 'C:\\Users\\Public\\miniconda3\\Lib\\site-packages\\joblib\\__pycache__\\numpy_pickle_utils.cpython-39.pyc', reloading
[ 2024-04-12 12:33:11,239 ] 113 werkzeug - INFO -  * Detected change in 'C:\\Users\\Public\\miniconda3\\Lib\\site-packages\\joblib\\__pycache__\\numpy_pickle_compat.cpython-39.pyc', reloading
[ 2024-04-12 12:33:11,240 ] 113 werkzeug - INFO -  * Detected change in 'C:\\Users\\Public\\miniconda3\\Lib\\site-packages\\joblib\\__pycache__\\numpy_pickle_compat.cpython-39.pyc', reloading
[ 2024-04-12 12:33:11,242 ] 113 werkzeug - INFO -  * Detected change in 'C:\\Users\\Public\\miniconda3\\Lib\\site-packages\\joblib\\__pycache__\\parallel.cpython-39.pyc', reloading
[ 2024-04-12 12:33:11,243 ] 113 werkzeug - INFO -  * Detected change in 'C:\\Users\\Public\\miniconda3\\Lib\\site-packages\\joblib\\__pycache__\\parallel.cpython-39.pyc', reloading
[ 2024-04-12 12:33:11,244 ] 113 werkzeug - INFO -  * Detected change in 'C:\\Users\\Public\\miniconda3\\Lib\\site-packages\\joblib\\__pycache__\\_multiprocessing_helpers.cpython-39.pyc', reloading
[ 2024-04-12 12:33:11,244 ] 113 werkzeug - INFO -  * Detected change in 'C:\\Users\\Public\\miniconda3\\Lib\\site-packages\\joblib\\__pycache__\\_multiprocessing_helpers.cpython-39.pyc', reloading
[ 2024-04-12 12:33:11,249 ] 113 werkzeug - INFO -  * Detected change in 'C:\\Users\\Public\\miniconda3\\Lib\\site-packages\\joblib\\__pycache__\\_parallel_backends.cpython-39.pyc', reloading
[ 2024-04-12 12:33:11,249 ] 113 werkzeug - INFO -  * Detected change in 'C:\\Users\\Public\\miniconda3\\Lib\\site-packages\\joblib\\__pycache__\\_parallel_backends.cpython-39.pyc', reloading
[ 2024-04-12 12:33:11,251 ] 113 werkzeug - INFO -  * Detected change in 'C:\\Users\\Public\\miniconda3\\Lib\\site-packages\\joblib\\__pycache__\\my_exceptions.cpython-39.pyc', reloading
[ 2024-04-12 12:33:11,251 ] 113 werkzeug - INFO -  * Detected change in 'C:\\Users\\Public\\miniconda3\\Lib\\site-packages\\joblib\\__pycache__\\my_exceptions.cpython-39.pyc', reloading
[ 2024-04-12 12:33:11,254 ] 113 werkzeug - INFO -  * Detected change in 'C:\\Users\\Public\\miniconda3\\Lib\\site-packages\\joblib\\__pycache__\\_deprecated_my_exceptions.cpython-39.pyc', reloading
[ 2024-04-12 12:33:11,256 ] 113 werkzeug - INFO -  * Detected change in 'C:\\Users\\Public\\miniconda3\\Lib\\site-packages\\joblib\\__pycache__\\_deprecated_my_exceptions.cpython-39.pyc', reloading
[ 2024-04-12 12:33:11,259 ] 113 werkzeug - INFO -  * Detected change in 'C:\\Users\\Public\\miniconda3\\Lib\\site-packages\\joblib\\__pycache__\\pool.cpython-39.pyc', reloading
[ 2024-04-12 12:33:11,259 ] 113 werkzeug - INFO -  * Detected change in 'C:\\Users\\Public\\miniconda3\\Lib\\site-packages\\joblib\\__pycache__\\pool.cpython-39.pyc', reloading
[ 2024-04-12 12:33:11,261 ] 113 werkzeug - INFO -  * Detected change in 'C:\\Users\\Public\\miniconda3\\Lib\\site-packages\\joblib\\__pycache__\\_memmapping_reducer.cpython-39.pyc', reloading
[ 2024-04-12 12:33:11,261 ] 113 werkzeug - INFO -  * Detected change in 'C:\\Users\\Public\\miniconda3\\Lib\\site-packages\\joblib\\__pycache__\\_memmapping_reducer.cpython-39.pyc', reloading
[ 2024-04-12 12:33:11,263 ] 113 werkzeug - INFO -  * Detected change in 'C:\\Users\\Public\\miniconda3\\Lib\\site-packages\\joblib\\externals\\__pycache__\\__init__.cpython-39.pyc', reloading
[ 2024-04-12 12:33:11,263 ] 113 werkzeug - INFO -  * Detected change in 'C:\\Users\\Public\\miniconda3\\Lib\\site-packages\\joblib\\externals\\__pycache__\\__init__.cpython-39.pyc', reloading
[ 2024-04-12 12:33:11,268 ] 113 werkzeug - INFO -  * Detected change in 'C:\\Users\\Public\\miniconda3\\Lib\\site-packages\\joblib\\externals\\loky\\__pycache__\\__init__.cpython-39.pyc', reloading
[ 2024-04-12 12:33:11,268 ] 113 werkzeug - INFO -  * Detected change in 'C:\\Users\\Public\\miniconda3\\Lib\\site-packages\\joblib\\externals\\loky\\__pycache__\\__init__.cpython-39.pyc', reloading
[ 2024-04-12 12:33:11,271 ] 113 werkzeug - INFO -  * Detected change in 'C:\\Users\\Public\\miniconda3\\Lib\\site-packages\\joblib\\externals\\loky\\__pycache__\\_base.cpython-39.pyc', reloading
[ 2024-04-12 12:33:11,271 ] 113 werkzeug - INFO -  * Detected change in 'C:\\Users\\Public\\miniconda3\\Lib\\site-packages\\joblib\\externals\\loky\\__pycache__\\_base.cpython-39.pyc', reloading
[ 2024-04-12 12:33:11,274 ] 113 werkzeug - INFO -  * Detected change in 'C:\\Users\\Public\\miniconda3\\Lib\\site-packages\\joblib\\externals\\loky\\backend\\__pycache__\\__init__.cpython-39.pyc', reloading
[ 2024-04-12 12:33:11,274 ] 113 werkzeug - INFO -  * Detected change in 'C:\\Users\\Public\\miniconda3\\Lib\\site-packages\\joblib\\externals\\loky\\backend\\__pycache__\\__init__.cpython-39.pyc', reloading
[ 2024-04-12 12:33:11,276 ] 113 werkzeug - INFO -  * Detected change in 'C:\\Users\\Public\\miniconda3\\Lib\\multiprocessing\\__pycache__\\synchronize.cpython-39.pyc', reloading
[ 2024-04-12 12:33:11,277 ] 113 werkzeug - INFO -  * Detected change in 'C:\\Users\\Public\\miniconda3\\Lib\\multiprocessing\\__pycache__\\synchronize.cpython-39.pyc', reloading
[ 2024-04-12 12:33:11,280 ] 113 werkzeug - INFO -  * Detected change in 'C:\\Users\\Public\\miniconda3\\Lib\\site-packages\\joblib\\externals\\loky\\backend\\__pycache__\\context.cpython-39.pyc', reloading
[ 2024-04-12 12:33:11,280 ] 113 werkzeug - INFO -  * Detected change in 'C:\\Users\\Public\\miniconda3\\Lib\\site-packages\\joblib\\externals\\loky\\backend\\__pycache__\\context.cpython-39.pyc', reloading
[ 2024-04-12 12:33:11,282 ] 113 werkzeug - INFO -  * Detected change in 'C:\\Users\\Public\\miniconda3\\Lib\\site-packages\\joblib\\externals\\loky\\backend\\__pycache__\\process.cpython-39.pyc', reloading
[ 2024-04-12 12:33:11,285 ] 113 werkzeug - INFO -  * Detected change in 'C:\\Users\\Public\\miniconda3\\Lib\\site-packages\\joblib\\externals\\loky\\backend\\__pycache__\\process.cpython-39.pyc', reloading
[ 2024-04-12 12:33:11,289 ] 113 werkzeug - INFO -  * Detected change in 'C:\\Users\\Public\\miniconda3\\Lib\\site-packages\\joblib\\externals\\loky\\backend\\__pycache__\\reduction.cpython-39.pyc', reloading
[ 2024-04-12 12:33:11,289 ] 113 werkzeug - INFO -  * Detected change in 'C:\\Users\\Public\\miniconda3\\Lib\\site-packages\\joblib\\externals\\loky\\backend\\__pycache__\\reduction.cpython-39.pyc', reloading
[ 2024-04-12 12:33:11,292 ] 113 werkzeug - INFO -  * Detected change in 'C:\\Users\\Public\\miniconda3\\Lib\\site-packages\\joblib\\externals\\loky\\backend\\__pycache__\\_win_reduction.cpython-39.pyc', reloading
[ 2024-04-12 12:33:11,292 ] 113 werkzeug - INFO -  * Detected change in 'C:\\Users\\Public\\miniconda3\\Lib\\site-packages\\joblib\\externals\\loky\\backend\\__pycache__\\_win_reduction.cpython-39.pyc', reloading
[ 2024-04-12 12:33:11,299 ] 113 werkzeug - INFO -  * Detected change in 'C:\\Users\\Public\\miniconda3\\Lib\\site-packages\\joblib\\externals\\cloudpickle\\__pycache__\\__init__.cpython-39.pyc', reloading
[ 2024-04-12 12:33:11,299 ] 113 werkzeug - INFO -  * Detected change in 'C:\\Users\\Public\\miniconda3\\Lib\\site-packages\\joblib\\externals\\cloudpickle\\__pycache__\\__init__.cpython-39.pyc', reloading
[ 2024-04-12 12:33:11,302 ] 113 werkzeug - INFO -  * Detected change in 'C:\\Users\\Public\\miniconda3\\Lib\\site-packages\\joblib\\externals\\cloudpickle\\__pycache__\\cloudpickle.cpython-39.pyc', reloading
[ 2024-04-12 12:33:11,303 ] 113 werkzeug - INFO -  * Detected change in 'C:\\Users\\Public\\miniconda3\\Lib\\site-packages\\joblib\\externals\\cloudpickle\\__pycache__\\cloudpickle.cpython-39.pyc', reloading
[ 2024-04-12 12:33:11,305 ] 113 werkzeug - INFO -  * Detected change in 'C:\\Users\\Public\\miniconda3\\Lib\\site-packages\\joblib\\externals\\cloudpickle\\__pycache__\\compat.cpython-39.pyc', reloading
[ 2024-04-12 12:33:11,305 ] 113 werkzeug - INFO -  * Detected change in 'C:\\Users\\Public\\miniconda3\\Lib\\site-packages\\joblib\\externals\\cloudpickle\\__pycache__\\compat.cpython-39.pyc', reloading
[ 2024-04-12 12:33:11,307 ] 113 werkzeug - INFO -  * Detected change in 'C:\\Users\\Public\\miniconda3\\Lib\\site-packages\\joblib\\externals\\cloudpickle\\__pycache__\\cloudpickle_fast.cpython-39.pyc', reloading
[ 2024-04-12 12:33:11,308 ] 113 werkzeug - INFO -  * Detected change in 'C:\\Users\\Public\\miniconda3\\Lib\\site-packages\\joblib\\externals\\cloudpickle\\__pycache__\\cloudpickle_fast.cpython-39.pyc', reloading
[ 2024-04-12 12:33:11,310 ] 113 werkzeug - INFO -  * Detected change in 'C:\\Users\\Public\\miniconda3\\Lib\\site-packages\\joblib\\externals\\loky\\__pycache__\\reusable_executor.cpython-39.pyc', reloading
[ 2024-04-12 12:33:11,310 ] 113 werkzeug - INFO -  * Detected change in 'C:\\Users\\Public\\miniconda3\\Lib\\site-packages\\joblib\\externals\\loky\\__pycache__\\reusable_executor.cpython-39.pyc', reloading
[ 2024-04-12 12:33:11,313 ] 113 werkzeug - INFO -  * Detected change in 'C:\\Users\\Public\\miniconda3\\Lib\\site-packages\\joblib\\externals\\loky\\__pycache__\\process_executor.cpython-39.pyc', reloading
[ 2024-04-12 12:33:11,314 ] 113 werkzeug - INFO -  * Detected change in 'C:\\Users\\Public\\miniconda3\\Lib\\site-packages\\joblib\\externals\\loky\\__pycache__\\process_executor.cpython-39.pyc', reloading
[ 2024-04-12 12:33:11,319 ] 113 werkzeug - INFO -  * Detected change in 'C:\\Users\\Public\\miniconda3\\Lib\\site-packages\\joblib\\externals\\loky\\backend\\__pycache__\\queues.cpython-39.pyc', reloading
[ 2024-04-12 12:33:11,320 ] 113 werkzeug - INFO -  * Detected change in 'C:\\Users\\Public\\miniconda3\\Lib\\site-packages\\joblib\\externals\\loky\\backend\\__pycache__\\queues.cpython-39.pyc', reloading
[ 2024-04-12 12:33:11,322 ] 113 werkzeug - INFO -  * Detected change in 'C:\\Users\\Public\\miniconda3\\Lib\\site-packages\\joblib\\externals\\loky\\backend\\__pycache__\\utils.cpython-39.pyc', reloading
[ 2024-04-12 12:33:11,323 ] 113 werkzeug - INFO -  * Detected change in 'C:\\Users\\Public\\miniconda3\\Lib\\site-packages\\joblib\\externals\\loky\\backend\\__pycache__\\utils.cpython-39.pyc', reloading
[ 2024-04-12 12:33:11,326 ] 113 werkzeug - INFO -  * Detected change in 'C:\\Users\\Public\\miniconda3\\Lib\\site-packages\\psutil\\__pycache__\\__init__.cpython-39.pyc', reloading
[ 2024-04-12 12:33:11,327 ] 113 werkzeug - INFO -  * Detected change in 'C:\\Users\\Public\\miniconda3\\Lib\\site-packages\\psutil\\__pycache__\\__init__.cpython-39.pyc', reloading
[ 2024-04-12 12:33:11,331 ] 113 werkzeug - INFO -  * Detected change in 'C:\\Users\\Public\\miniconda3\\Lib\\site-packages\\psutil\\__pycache__\\_common.cpython-39.pyc', reloading
[ 2024-04-12 12:33:11,335 ] 113 werkzeug - INFO -  * Detected change in 'C:\\Users\\Public\\miniconda3\\Lib\\site-packages\\psutil\\__pycache__\\_common.cpython-39.pyc', reloading
[ 2024-04-12 12:33:11,337 ] 113 werkzeug - INFO -  * Detected change in 'C:\\Users\\Public\\miniconda3\\Lib\\site-packages\\psutil\\__pycache__\\_compat.cpython-39.pyc', reloading
[ 2024-04-12 12:33:11,338 ] 113 werkzeug - INFO -  * Detected change in 'C:\\Users\\Public\\miniconda3\\Lib\\site-packages\\psutil\\__pycache__\\_compat.cpython-39.pyc', reloading
[ 2024-04-12 12:33:11,340 ] 113 werkzeug - INFO -  * Detected change in 'C:\\Users\\Public\\miniconda3\\Lib\\site-packages\\psutil\\__pycache__\\_pswindows.cpython-39.pyc', reloading
[ 2024-04-12 12:33:11,341 ] 113 werkzeug - INFO -  * Detected change in 'C:\\Users\\Public\\miniconda3\\Lib\\site-packages\\psutil\\__pycache__\\_pswindows.cpython-39.pyc', reloading
[ 2024-04-12 12:33:11,358 ] 113 werkzeug - INFO -  * Detected change in 'C:\\Users\\Public\\miniconda3\\Lib\\site-packages\\joblib\\externals\\loky\\__pycache__\\initializers.cpython-39.pyc', reloading
[ 2024-04-12 12:33:11,359 ] 113 werkzeug - INFO -  * Detected change in 'C:\\Users\\Public\\miniconda3\\Lib\\site-packages\\joblib\\externals\\loky\\__pycache__\\initializers.cpython-39.pyc', reloading
[ 2024-04-12 12:33:11,361 ] 113 werkzeug - INFO -  * Detected change in 'C:\\Users\\Public\\miniconda3\\Lib\\site-packages\\joblib\\externals\\loky\\__pycache__\\cloudpickle_wrapper.cpython-39.pyc', reloading
[ 2024-04-12 12:33:11,361 ] 113 werkzeug - INFO -  * Detected change in 'C:\\Users\\Public\\miniconda3\\Lib\\site-packages\\joblib\\externals\\loky\\__pycache__\\cloudpickle_wrapper.cpython-39.pyc', reloading
[ 2024-04-12 12:33:11,363 ] 113 werkzeug - INFO -  * Detected change in 'C:\\Users\\Public\\miniconda3\\Lib\\site-packages\\joblib\\externals\\loky\\backend\\__pycache__\\resource_tracker.cpython-39.pyc', reloading
[ 2024-04-12 12:33:11,363 ] 113 werkzeug - INFO -  * Detected change in 'C:\\Users\\Public\\miniconda3\\Lib\\site-packages\\joblib\\externals\\loky\\backend\\__pycache__\\resource_tracker.cpython-39.pyc', reloading
[ 2024-04-12 12:33:11,365 ] 113 werkzeug - INFO -  * Detected change in 'C:\\Users\\Public\\miniconda3\\Lib\\site-packages\\joblib\\externals\\loky\\backend\\__pycache__\\spawn.cpython-39.pyc', reloading
[ 2024-04-12 12:33:11,365 ] 113 werkzeug - INFO -  * Detected change in 'C:\\Users\\Public\\miniconda3\\Lib\\site-packages\\joblib\\externals\\loky\\backend\\__pycache__\\spawn.cpython-39.pyc', reloading
[ 2024-04-12 12:33:11,371 ] 113 werkzeug - INFO -  * Detected change in 'C:\\Users\\Public\\miniconda3\\Lib\\site-packages\\joblib\\__pycache__\\executor.cpython-39.pyc', reloading
[ 2024-04-12 12:33:11,372 ] 113 werkzeug - INFO -  * Detected change in 'C:\\Users\\Public\\miniconda3\\Lib\\site-packages\\joblib\\__pycache__\\executor.cpython-39.pyc', reloading
[ 2024-04-12 12:33:11,374 ] 113 werkzeug - INFO -  * Detected change in 'C:\\Users\\Public\\miniconda3\\Lib\\site-packages\\joblib\\__pycache__\\_utils.cpython-39.pyc', reloading
[ 2024-04-12 12:33:11,374 ] 113 werkzeug - INFO -  * Detected change in 'C:\\Users\\Public\\miniconda3\\Lib\\site-packages\\joblib\\__pycache__\\_utils.cpython-39.pyc', reloading
[ 2024-04-12 12:33:11,376 ] 113 werkzeug - INFO -  * Detected change in 'C:\\Users\\Public\\miniconda3\\Lib\\site-packages\\joblib\\__pycache__\\_cloudpickle_wrapper.cpython-39.pyc', reloading
[ 2024-04-12 12:33:11,376 ] 113 werkzeug - INFO -  * Detected change in 'C:\\Users\\Public\\miniconda3\\Lib\\site-packages\\joblib\\__pycache__\\_cloudpickle_wrapper.cpython-39.pyc', reloading
[ 2024-04-12 12:33:11,378 ] 113 werkzeug - INFO -  * Detected change in 'C:\\Users\\Public\\miniconda3\\Lib\\site-packages\\sklearn\\__pycache__\\exceptions.cpython-39.pyc', reloading
[ 2024-04-12 12:33:11,379 ] 113 werkzeug - INFO -  * Detected change in 'C:\\Users\\Public\\miniconda3\\Lib\\site-packages\\sklearn\\__pycache__\\exceptions.cpython-39.pyc', reloading
[ 2024-04-12 12:33:11,381 ] 113 werkzeug - INFO -  * Detected change in 'C:\\Users\\Public\\miniconda3\\Lib\\site-packages\\sklearn\\utils\\__pycache__\\deprecation.cpython-39.pyc', reloading
[ 2024-04-12 12:33:11,381 ] 113 werkzeug - INFO -  * Detected change in 'C:\\Users\\Public\\miniconda3\\Lib\\site-packages\\sklearn\\utils\\__pycache__\\deprecation.cpython-39.pyc', reloading
[ 2024-04-12 12:33:11,383 ] 113 werkzeug - INFO -  * Detected change in 'C:\\Users\\Public\\miniconda3\\Lib\\site-packages\\sklearn\\utils\\__pycache__\\discovery.cpython-39.pyc', reloading
[ 2024-04-12 12:33:11,383 ] 113 werkzeug - INFO -  * Detected change in 'C:\\Users\\Public\\miniconda3\\Lib\\site-packages\\sklearn\\utils\\__pycache__\\discovery.cpython-39.pyc', reloading
[ 2024-04-12 12:33:11,385 ] 113 werkzeug - INFO -  * Detected change in 'C:\\Users\\Public\\miniconda3\\Lib\\site-packages\\sklearn\\utils\\__pycache__\\fixes.cpython-39.pyc', reloading
[ 2024-04-12 12:33:11,386 ] 113 werkzeug - INFO -  * Detected change in 'C:\\Users\\Public\\miniconda3\\Lib\\site-packages\\sklearn\\utils\\__pycache__\\fixes.cpython-39.pyc', reloading
[ 2024-04-12 12:33:11,389 ] 113 werkzeug - INFO -  * Detected change in 'C:\\Users\\Public\\miniconda3\\Lib\\site-packages\\scipy\\stats\\__pycache__\\__init__.cpython-39.pyc', reloading
[ 2024-04-12 12:33:11,389 ] 113 werkzeug - INFO -  * Detected change in 'C:\\Users\\Public\\miniconda3\\Lib\\site-packages\\scipy\\stats\\__pycache__\\__init__.cpython-39.pyc', reloading
[ 2024-04-12 12:33:11,392 ] 113 werkzeug - INFO -  * Detected change in 'C:\\Users\\Public\\miniconda3\\Lib\\site-packages\\scipy\\stats\\__pycache__\\_warnings_errors.cpython-39.pyc', reloading
[ 2024-04-12 12:33:11,393 ] 113 werkzeug - INFO -  * Detected change in 'C:\\Users\\Public\\miniconda3\\Lib\\site-packages\\scipy\\stats\\__pycache__\\_warnings_errors.cpython-39.pyc', reloading
[ 2024-04-12 12:33:11,396 ] 113 werkzeug - INFO -  * Detected change in 'C:\\Users\\Public\\miniconda3\\Lib\\site-packages\\scipy\\stats\\__pycache__\\_stats_py.cpython-39.pyc', reloading
[ 2024-04-12 12:33:11,398 ] 113 werkzeug - INFO -  * Detected change in 'C:\\Users\\Public\\miniconda3\\Lib\\site-packages\\scipy\\stats\\__pycache__\\_stats_py.cpython-39.pyc', reloading
[ 2024-04-12 12:33:11,401 ] 113 werkzeug - INFO -  * Detected change in 'C:\\Users\\Public\\miniconda3\\Lib\\site-packages\\numpy\\testing\\__pycache__\\__init__.cpython-39.pyc', reloading
[ 2024-04-12 12:33:11,401 ] 113 werkzeug - INFO -  * Detected change in 'C:\\Users\\Public\\miniconda3\\Lib\\site-packages\\numpy\\testing\\__pycache__\\__init__.cpython-39.pyc', reloading
[ 2024-04-12 12:33:11,405 ] 113 werkzeug - INFO -  * Detected change in 'C:\\Users\\Public\\miniconda3\\Lib\\site-packages\\numpy\\testing\\_private\\__pycache__\\__init__.cpython-39.pyc', reloading
[ 2024-04-12 12:33:11,405 ] 113 werkzeug - INFO -  * Detected change in 'C:\\Users\\Public\\miniconda3\\Lib\\site-packages\\numpy\\testing\\_private\\__pycache__\\__init__.cpython-39.pyc', reloading
[ 2024-04-12 12:33:11,408 ] 113 werkzeug - INFO -  * Detected change in 'C:\\Users\\Public\\miniconda3\\Lib\\site-packages\\numpy\\testing\\_private\\__pycache__\\utils.cpython-39.pyc', reloading
[ 2024-04-12 12:33:11,409 ] 113 werkzeug - INFO -  * Detected change in 'C:\\Users\\Public\\miniconda3\\Lib\\site-packages\\numpy\\testing\\_private\\__pycache__\\utils.cpython-39.pyc', reloading
[ 2024-04-12 12:33:11,418 ] 113 werkzeug - INFO -  * Detected change in 'C:\\Users\\Public\\miniconda3\\Lib\\site-packages\\numpy\\testing\\_private\\__pycache__\\extbuild.cpython-39.pyc', reloading
[ 2024-04-12 12:33:11,419 ] 113 werkzeug - INFO -  * Detected change in 'C:\\Users\\Public\\miniconda3\\Lib\\site-packages\\numpy\\testing\\_private\\__pycache__\\extbuild.cpython-39.pyc', reloading
[ 2024-04-12 12:33:11,422 ] 113 werkzeug - INFO -  * Detected change in 'C:\\Users\\Public\\miniconda3\\Lib\\site-packages\\numpy\\testing\\_private\\__pycache__\\decorators.cpython-39.pyc', reloading
[ 2024-04-12 12:33:11,423 ] 113 werkzeug - INFO -  * Detected change in 'C:\\Users\\Public\\miniconda3\\Lib\\site-packages\\numpy\\testing\\_private\\__pycache__\\decorators.cpython-39.pyc', reloading
[ 2024-04-12 12:33:11,425 ] 113 werkzeug - INFO -  * Detected change in 'C:\\Users\\Public\\miniconda3\\Lib\\site-packages\\numpy\\testing\\_private\\__pycache__\\nosetester.cpython-39.pyc', reloading
[ 2024-04-12 12:33:11,425 ] 113 werkzeug - INFO -  * Detected change in 'C:\\Users\\Public\\miniconda3\\Lib\\site-packages\\numpy\\testing\\_private\\__pycache__\\nosetester.cpython-39.pyc', reloading
[ 2024-04-12 12:33:11,428 ] 113 werkzeug - INFO -  * Detected change in 'C:\\Users\\Public\\miniconda3\\Lib\\site-packages\\scipy\\spatial\\__pycache__\\__init__.cpython-39.pyc', reloading
[ 2024-04-12 12:33:11,428 ] 113 werkzeug - INFO -  * Detected change in 'C:\\Users\\Public\\miniconda3\\Lib\\site-packages\\scipy\\spatial\\__pycache__\\__init__.cpython-39.pyc', reloading
[ 2024-04-12 12:33:11,431 ] 113 werkzeug - INFO -  * Detected change in 'C:\\Users\\Public\\miniconda3\\Lib\\site-packages\\scipy\\spatial\\__pycache__\\_kdtree.cpython-39.pyc', reloading
[ 2024-04-12 12:33:11,432 ] 113 werkzeug - INFO -  * Detected change in 'C:\\Users\\Public\\miniconda3\\Lib\\site-packages\\scipy\\spatial\\__pycache__\\_kdtree.cpython-39.pyc', reloading
[ 2024-04-12 12:33:11,474 ] 113 werkzeug - INFO -  * Detected change in 'C:\\Users\\Public\\miniconda3\\Lib\\site-packages\\scipy\\spatial\\__pycache__\\_spherical_voronoi.cpython-39.pyc', reloading
[ 2024-04-12 12:33:11,475 ] 113 werkzeug - INFO -  * Detected change in 'C:\\Users\\Public\\miniconda3\\Lib\\site-packages\\scipy\\spatial\\__pycache__\\_spherical_voronoi.cpython-39.pyc', reloading
[ 2024-04-12 12:33:11,484 ] 113 werkzeug - INFO -  * Detected change in 'C:\\Users\\Public\\miniconda3\\Lib\\site-packages\\scipy\\spatial\\__pycache__\\_plotutils.cpython-39.pyc', reloading
[ 2024-04-12 12:33:11,485 ] 113 werkzeug - INFO -  * Detected change in 'C:\\Users\\Public\\miniconda3\\Lib\\site-packages\\scipy\\spatial\\__pycache__\\_plotutils.cpython-39.pyc', reloading
[ 2024-04-12 12:33:11,487 ] 113 werkzeug - INFO -  * Detected change in 'C:\\Users\\Public\\miniconda3\\Lib\\site-packages\\scipy\\spatial\\__pycache__\\_procrustes.cpython-39.pyc', reloading
[ 2024-04-12 12:33:11,487 ] 113 werkzeug - INFO -  * Detected change in 'C:\\Users\\Public\\miniconda3\\Lib\\site-packages\\scipy\\spatial\\__pycache__\\_procrustes.cpython-39.pyc', reloading
[ 2024-04-12 12:33:11,490 ] 113 werkzeug - INFO -  * Detected change in 'C:\\Users\\Public\\miniconda3\\Lib\\site-packages\\scipy\\spatial\\__pycache__\\_geometric_slerp.cpython-39.pyc', reloading
[ 2024-04-12 12:33:11,490 ] 113 werkzeug - INFO -  * Detected change in 'C:\\Users\\Public\\miniconda3\\Lib\\site-packages\\scipy\\spatial\\__pycache__\\_geometric_slerp.cpython-39.pyc', reloading
[ 2024-04-12 12:33:11,493 ] 113 werkzeug - INFO -  * Detected change in 'C:\\Users\\Public\\miniconda3\\Lib\\site-packages\\scipy\\spatial\\__pycache__\\distance.cpython-39.pyc', reloading
[ 2024-04-12 12:33:11,494 ] 113 werkzeug - INFO -  * Detected change in 'C:\\Users\\Public\\miniconda3\\Lib\\site-packages\\scipy\\spatial\\__pycache__\\distance.cpython-39.pyc', reloading
[ 2024-04-12 12:33:11,511 ] 113 werkzeug - INFO -  * Detected change in 'C:\\Users\\Public\\miniconda3\\Lib\\site-packages\\scipy\\special\\__pycache__\\__init__.cpython-39.pyc', reloading
[ 2024-04-12 12:33:11,511 ] 113 werkzeug - INFO -  * Detected change in 'C:\\Users\\Public\\miniconda3\\Lib\\site-packages\\scipy\\special\\__pycache__\\__init__.cpython-39.pyc', reloading
[ 2024-04-12 12:33:11,514 ] 113 werkzeug - INFO -  * Detected change in 'C:\\Users\\Public\\miniconda3\\Lib\\site-packages\\scipy\\special\\__pycache__\\_sf_error.cpython-39.pyc', reloading
[ 2024-04-12 12:33:11,516 ] 113 werkzeug - INFO -  * Detected change in 'C:\\Users\\Public\\miniconda3\\Lib\\site-packages\\scipy\\special\\__pycache__\\_sf_error.cpython-39.pyc', reloading
[ 2024-04-12 12:33:11,565 ] 113 werkzeug - INFO -  * Detected change in 'C:\\Users\\Public\\miniconda3\\Lib\\site-packages\\scipy\\special\\__pycache__\\_basic.cpython-39.pyc', reloading
[ 2024-04-12 12:33:11,566 ] 113 werkzeug - INFO -  * Detected change in 'C:\\Users\\Public\\miniconda3\\Lib\\site-packages\\scipy\\special\\__pycache__\\_basic.cpython-39.pyc', reloading
[ 2024-04-12 12:33:11,584 ] 113 werkzeug - INFO -  * Detected change in 'C:\\Users\\Public\\miniconda3\\Lib\\site-packages\\scipy\\special\\__pycache__\\_logsumexp.cpython-39.pyc', reloading
[ 2024-04-12 12:33:11,584 ] 113 werkzeug - INFO -  * Detected change in 'C:\\Users\\Public\\miniconda3\\Lib\\site-packages\\scipy\\special\\__pycache__\\_logsumexp.cpython-39.pyc', reloading
[ 2024-04-12 12:33:11,586 ] 113 werkzeug - INFO -  * Detected change in 'C:\\Users\\Public\\miniconda3\\Lib\\site-packages\\scipy\\special\\__pycache__\\_orthogonal.cpython-39.pyc', reloading
[ 2024-04-12 12:33:11,587 ] 113 werkzeug - INFO -  * Detected change in 'C:\\Users\\Public\\miniconda3\\Lib\\site-packages\\scipy\\special\\__pycache__\\_orthogonal.cpython-39.pyc', reloading
[ 2024-04-12 12:33:11,590 ] 113 werkzeug - INFO -  * Detected change in 'C:\\Users\\Public\\miniconda3\\Lib\\site-packages\\scipy\\special\\__pycache__\\_spfun_stats.cpython-39.pyc', reloading
[ 2024-04-12 12:33:11,590 ] 113 werkzeug - INFO -  * Detected change in 'C:\\Users\\Public\\miniconda3\\Lib\\site-packages\\scipy\\special\\__pycache__\\_spfun_stats.cpython-39.pyc', reloading
[ 2024-04-12 12:33:11,592 ] 113 werkzeug - INFO -  * Detected change in 'C:\\Users\\Public\\miniconda3\\Lib\\site-packages\\scipy\\special\\__pycache__\\_ellip_harm.cpython-39.pyc', reloading
[ 2024-04-12 12:33:11,592 ] 113 werkzeug - INFO -  * Detected change in 'C:\\Users\\Public\\miniconda3\\Lib\\site-packages\\scipy\\special\\__pycache__\\_ellip_harm.cpython-39.pyc', reloading
[ 2024-04-12 12:33:11,602 ] 113 werkzeug - INFO -  * Detected change in 'C:\\Users\\Public\\miniconda3\\Lib\\site-packages\\scipy\\special\\__pycache__\\_lambertw.cpython-39.pyc', reloading
[ 2024-04-12 12:33:11,603 ] 113 werkzeug - INFO -  * Detected change in 'C:\\Users\\Public\\miniconda3\\Lib\\site-packages\\scipy\\special\\__pycache__\\_lambertw.cpython-39.pyc', reloading
[ 2024-04-12 12:33:11,604 ] 113 werkzeug - INFO -  * Detected change in 'C:\\Users\\Public\\miniconda3\\Lib\\site-packages\\scipy\\special\\__pycache__\\_spherical_bessel.cpython-39.pyc', reloading
[ 2024-04-12 12:33:11,605 ] 113 werkzeug - INFO -  * Detected change in 'C:\\Users\\Public\\miniconda3\\Lib\\site-packages\\scipy\\special\\__pycache__\\_spherical_bessel.cpython-39.pyc', reloading
[ 2024-04-12 12:33:11,607 ] 113 werkzeug - INFO -  * Detected change in 'C:\\Users\\Public\\miniconda3\\Lib\\site-packages\\scipy\\special\\__pycache__\\add_newdocs.cpython-39.pyc', reloading
[ 2024-04-12 12:33:11,607 ] 113 werkzeug - INFO -  * Detected change in 'C:\\Users\\Public\\miniconda3\\Lib\\site-packages\\scipy\\special\\__pycache__\\add_newdocs.cpython-39.pyc', reloading
[ 2024-04-12 12:33:11,611 ] 113 werkzeug - INFO -  * Detected change in 'C:\\Users\\Public\\miniconda3\\Lib\\site-packages\\scipy\\special\\__pycache__\\_add_newdocs.cpython-39.pyc', reloading
[ 2024-04-12 12:33:11,612 ] 113 werkzeug - INFO -  * Detected change in 'C:\\Users\\Public\\miniconda3\\Lib\\site-packages\\scipy\\special\\__pycache__\\_add_newdocs.cpython-39.pyc', reloading
[ 2024-04-12 12:33:11,614 ] 113 werkzeug - INFO -  * Detected change in 'C:\\Users\\Public\\miniconda3\\Lib\\site-packages\\scipy\\special\\__pycache__\\basic.cpython-39.pyc', reloading
[ 2024-04-12 12:33:11,615 ] 113 werkzeug - INFO -  * Detected change in 'C:\\Users\\Public\\miniconda3\\Lib\\site-packages\\scipy\\special\\__pycache__\\basic.cpython-39.pyc', reloading
[ 2024-04-12 12:33:11,616 ] 113 werkzeug - INFO -  * Detected change in 'C:\\Users\\Public\\miniconda3\\Lib\\site-packages\\scipy\\special\\__pycache__\\orthogonal.cpython-39.pyc', reloading
[ 2024-04-12 12:33:11,617 ] 113 werkzeug - INFO -  * Detected change in 'C:\\Users\\Public\\miniconda3\\Lib\\site-packages\\scipy\\special\\__pycache__\\orthogonal.cpython-39.pyc', reloading
[ 2024-04-12 12:33:11,619 ] 113 werkzeug - INFO -  * Detected change in 'C:\\Users\\Public\\miniconda3\\Lib\\site-packages\\scipy\\special\\__pycache__\\specfun.cpython-39.pyc', reloading
[ 2024-04-12 12:33:11,619 ] 113 werkzeug - INFO -  * Detected change in 'C:\\Users\\Public\\miniconda3\\Lib\\site-packages\\scipy\\special\\__pycache__\\specfun.cpython-39.pyc', reloading
[ 2024-04-12 12:33:11,621 ] 113 werkzeug - INFO -  * Detected change in 'C:\\Users\\Public\\miniconda3\\Lib\\site-packages\\scipy\\special\\__pycache__\\sf_error.cpython-39.pyc', reloading
[ 2024-04-12 12:33:11,621 ] 113 werkzeug - INFO -  * Detected change in 'C:\\Users\\Public\\miniconda3\\Lib\\site-packages\\scipy\\special\\__pycache__\\sf_error.cpython-39.pyc', reloading
[ 2024-04-12 12:33:11,623 ] 113 werkzeug - INFO -  * Detected change in 'C:\\Users\\Public\\miniconda3\\Lib\\site-packages\\scipy\\special\\__pycache__\\spfun_stats.cpython-39.pyc', reloading
[ 2024-04-12 12:33:11,625 ] 113 werkzeug - INFO -  * Detected change in 'C:\\Users\\Public\\miniconda3\\Lib\\site-packages\\scipy\\special\\__pycache__\\spfun_stats.cpython-39.pyc', reloading
[ 2024-04-12 12:33:11,651 ] 113 werkzeug - INFO -  * Detected change in 'C:\\Users\\Public\\miniconda3\\Lib\\site-packages\\scipy\\spatial\\__pycache__\\ckdtree.cpython-39.pyc', reloading
[ 2024-04-12 12:33:11,652 ] 113 werkzeug - INFO -  * Detected change in 'C:\\Users\\Public\\miniconda3\\Lib\\site-packages\\scipy\\spatial\\__pycache__\\ckdtree.cpython-39.pyc', reloading
[ 2024-04-12 12:33:11,655 ] 113 werkzeug - INFO -  * Detected change in 'C:\\Users\\Public\\miniconda3\\Lib\\site-packages\\scipy\\spatial\\__pycache__\\kdtree.cpython-39.pyc', reloading
[ 2024-04-12 12:33:11,655 ] 113 werkzeug - INFO -  * Detected change in 'C:\\Users\\Public\\miniconda3\\Lib\\site-packages\\scipy\\spatial\\__pycache__\\kdtree.cpython-39.pyc', reloading
[ 2024-04-12 12:33:11,656 ] 113 werkzeug - INFO -  * Detected change in 'C:\\Users\\Public\\miniconda3\\Lib\\site-packages\\scipy\\spatial\\__pycache__\\qhull.cpython-39.pyc', reloading
[ 2024-04-12 12:33:11,658 ] 113 werkzeug - INFO -  * Detected change in 'C:\\Users\\Public\\miniconda3\\Lib\\site-packages\\scipy\\spatial\\__pycache__\\qhull.cpython-39.pyc', reloading
[ 2024-04-12 12:33:11,660 ] 113 werkzeug - INFO -  * Detected change in 'C:\\Users\\Public\\miniconda3\\Lib\\site-packages\\scipy\\spatial\\transform\\__pycache__\\__init__.cpython-39.pyc', reloading
[ 2024-04-12 12:33:11,660 ] 113 werkzeug - INFO -  * Detected change in 'C:\\Users\\Public\\miniconda3\\Lib\\site-packages\\scipy\\spatial\\transform\\__pycache__\\__init__.cpython-39.pyc', reloading
[ 2024-04-12 12:33:11,675 ] 113 werkzeug - INFO -  * Detected change in 'C:\\Users\\Public\\miniconda3\\Lib\\site-packages\\scipy\\spatial\\transform\\__pycache__\\_rotation_groups.cpython-39.pyc', reloading
[ 2024-04-12 12:33:11,676 ] 113 werkzeug - INFO -  * Detected change in 'C:\\Users\\Public\\miniconda3\\Lib\\site-packages\\scipy\\spatial\\transform\\__pycache__\\_rotation_groups.cpython-39.pyc', reloading
[ 2024-04-12 12:33:11,678 ] 113 werkzeug - INFO -  * Detected change in 'C:\\Users\\Public\\miniconda3\\Lib\\site-packages\\scipy\\constants\\__pycache__\\__init__.cpython-39.pyc', reloading
[ 2024-04-12 12:33:11,679 ] 113 werkzeug - INFO -  * Detected change in 'C:\\Users\\Public\\miniconda3\\Lib\\site-packages\\scipy\\constants\\__pycache__\\__init__.cpython-39.pyc', reloading
[ 2024-04-12 12:33:11,681 ] 113 werkzeug - INFO -  * Detected change in 'C:\\Users\\Public\\miniconda3\\Lib\\site-packages\\scipy\\constants\\__pycache__\\_codata.cpython-39.pyc', reloading
[ 2024-04-12 12:33:11,688 ] 113 werkzeug - INFO -  * Detected change in 'C:\\Users\\Public\\miniconda3\\Lib\\site-packages\\scipy\\constants\\__pycache__\\_codata.cpython-39.pyc', reloading
[ 2024-04-12 12:33:11,691 ] 113 werkzeug - INFO -  * Detected change in 'C:\\Users\\Public\\miniconda3\\Lib\\site-packages\\scipy\\constants\\__pycache__\\_constants.cpython-39.pyc', reloading
[ 2024-04-12 12:33:11,691 ] 113 werkzeug - INFO -  * Detected change in 'C:\\Users\\Public\\miniconda3\\Lib\\site-packages\\scipy\\constants\\__pycache__\\_constants.cpython-39.pyc', reloading
[ 2024-04-12 12:33:11,693 ] 113 werkzeug - INFO -  * Detected change in 'C:\\Users\\Public\\miniconda3\\Lib\\site-packages\\scipy\\constants\\__pycache__\\codata.cpython-39.pyc', reloading
[ 2024-04-12 12:33:11,694 ] 113 werkzeug - INFO -  * Detected change in 'C:\\Users\\Public\\miniconda3\\Lib\\site-packages\\scipy\\constants\\__pycache__\\codata.cpython-39.pyc', reloading
[ 2024-04-12 12:33:11,695 ] 113 werkzeug - INFO -  * Detected change in 'C:\\Users\\Public\\miniconda3\\Lib\\site-packages\\scipy\\constants\\__pycache__\\constants.cpython-39.pyc', reloading
[ 2024-04-12 12:33:11,698 ] 113 werkzeug - INFO -  * Detected change in 'C:\\Users\\Public\\miniconda3\\Lib\\site-packages\\scipy\\constants\\__pycache__\\constants.cpython-39.pyc', reloading
[ 2024-04-12 12:33:11,700 ] 113 werkzeug - INFO -  * Detected change in 'C:\\Users\\Public\\miniconda3\\Lib\\site-packages\\scipy\\spatial\\transform\\__pycache__\\_rotation_spline.cpython-39.pyc', reloading
[ 2024-04-12 12:33:11,700 ] 113 werkzeug - INFO -  * Detected change in 'C:\\Users\\Public\\miniconda3\\Lib\\site-packages\\scipy\\spatial\\transform\\__pycache__\\_rotation_spline.cpython-39.pyc', reloading
[ 2024-04-12 12:33:11,702 ] 113 werkzeug - INFO -  * Detected change in 'C:\\Users\\Public\\miniconda3\\Lib\\site-packages\\scipy\\spatial\\transform\\__pycache__\\rotation.cpython-39.pyc', reloading
[ 2024-04-12 12:33:11,703 ] 113 werkzeug - INFO -  * Detected change in 'C:\\Users\\Public\\miniconda3\\Lib\\site-packages\\scipy\\spatial\\transform\\__pycache__\\rotation.cpython-39.pyc', reloading
[ 2024-04-12 12:33:11,706 ] 113 werkzeug - INFO -  * Detected change in 'C:\\Users\\Public\\miniconda3\\Lib\\site-packages\\scipy\\ndimage\\__pycache__\\__init__.cpython-39.pyc', reloading
[ 2024-04-12 12:33:11,709 ] 113 werkzeug - INFO -  * Detected change in 'C:\\Users\\Public\\miniconda3\\Lib\\site-packages\\scipy\\ndimage\\__pycache__\\_filters.cpython-39.pyc', reloading
[ 2024-04-12 12:33:11,710 ] 113 werkzeug - INFO -  * Detected change in 'C:\\Users\\Public\\miniconda3\\Lib\\site-packages\\scipy\\ndimage\\__pycache__\\_filters.cpython-39.pyc', reloading
[ 2024-04-12 12:33:11,712 ] 113 werkzeug - INFO -  * Detected change in 'C:\\Users\\Public\\miniconda3\\Lib\\site-packages\\scipy\\ndimage\\__pycache__\\_ni_support.cpython-39.pyc', reloading
[ 2024-04-12 12:33:11,713 ] 113 werkzeug - INFO -  * Detected change in 'C:\\Users\\Public\\miniconda3\\Lib\\site-packages\\scipy\\ndimage\\__pycache__\\_ni_support.cpython-39.pyc', reloading
[ 2024-04-12 12:33:11,723 ] 113 werkzeug - INFO -  * Detected change in 'C:\\Users\\Public\\miniconda3\\Lib\\site-packages\\scipy\\ndimage\\__pycache__\\_ni_docstrings.cpython-39.pyc', reloading
[ 2024-04-12 12:33:11,723 ] 113 werkzeug - INFO -  * Detected change in 'C:\\Users\\Public\\miniconda3\\Lib\\site-packages\\scipy\\ndimage\\__pycache__\\_ni_docstrings.cpython-39.pyc', reloading
[ 2024-04-12 12:33:11,726 ] 113 werkzeug - INFO -  * Detected change in 'C:\\Users\\Public\\miniconda3\\Lib\\site-packages\\scipy\\_lib\\__pycache__\\doccer.cpython-39.pyc', reloading
[ 2024-04-12 12:33:11,730 ] 113 werkzeug - INFO -  * Detected change in 'C:\\Users\\Public\\miniconda3\\Lib\\site-packages\\scipy\\_lib\\__pycache__\\doccer.cpython-39.pyc', reloading
[ 2024-04-12 12:33:11,732 ] 113 werkzeug - INFO -  * Detected change in 'C:\\Users\\Public\\miniconda3\\Lib\\site-packages\\scipy\\ndimage\\__pycache__\\_fourier.cpython-39.pyc', reloading
[ 2024-04-12 12:33:11,733 ] 113 werkzeug - INFO -  * Detected change in 'C:\\Users\\Public\\miniconda3\\Lib\\site-packages\\scipy\\ndimage\\__pycache__\\_fourier.cpython-39.pyc', reloading
[ 2024-04-12 12:33:11,734 ] 113 werkzeug - INFO -  * Detected change in 'C:\\Users\\Public\\miniconda3\\Lib\\site-packages\\scipy\\ndimage\\__pycache__\\_interpolation.cpython-39.pyc', reloading
[ 2024-04-12 12:33:11,736 ] 113 werkzeug - INFO -  * Detected change in 'C:\\Users\\Public\\miniconda3\\Lib\\site-packages\\scipy\\ndimage\\__pycache__\\_interpolation.cpython-39.pyc', reloading
[ 2024-04-12 12:33:11,739 ] 113 werkzeug - INFO -  * Detected change in 'C:\\Users\\Public\\miniconda3\\Lib\\site-packages\\scipy\\ndimage\\__pycache__\\_measurements.cpython-39.pyc', reloading
[ 2024-04-12 12:33:11,739 ] 113 werkzeug - INFO -  * Detected change in 'C:\\Users\\Public\\miniconda3\\Lib\\site-packages\\scipy\\ndimage\\__pycache__\\_measurements.cpython-39.pyc', reloading
[ 2024-04-12 12:33:11,750 ] 113 werkzeug - INFO -  * Detected change in 'C:\\Users\\Public\\miniconda3\\Lib\\site-packages\\scipy\\ndimage\\__pycache__\\_morphology.cpython-39.pyc', reloading
[ 2024-04-12 12:33:11,750 ] 113 werkzeug - INFO -  * Detected change in 'C:\\Users\\Public\\miniconda3\\Lib\\site-packages\\scipy\\ndimage\\__pycache__\\_morphology.cpython-39.pyc', reloading
[ 2024-04-12 12:33:11,752 ] 113 werkzeug - INFO -  * Detected change in 'C:\\Users\\Public\\miniconda3\\Lib\\site-packages\\scipy\\ndimage\\__pycache__\\filters.cpython-39.pyc', reloading
[ 2024-04-12 12:33:11,752 ] 113 werkzeug - INFO -  * Detected change in 'C:\\Users\\Public\\miniconda3\\Lib\\site-packages\\scipy\\ndimage\\__pycache__\\filters.cpython-39.pyc', reloading
[ 2024-04-12 12:33:11,754 ] 113 werkzeug - INFO -  * Detected change in 'C:\\Users\\Public\\miniconda3\\Lib\\site-packages\\scipy\\ndimage\\__pycache__\\fourier.cpython-39.pyc', reloading
[ 2024-04-12 12:33:11,755 ] 113 werkzeug - INFO -  * Detected change in 'C:\\Users\\Public\\miniconda3\\Lib\\site-packages\\scipy\\ndimage\\__pycache__\\fourier.cpython-39.pyc', reloading
[ 2024-04-12 12:33:11,757 ] 113 werkzeug - INFO -  * Detected change in 'C:\\Users\\Public\\miniconda3\\Lib\\site-packages\\scipy\\ndimage\\__pycache__\\interpolation.cpython-39.pyc', reloading
[ 2024-04-12 12:33:11,757 ] 113 werkzeug - INFO -  * Detected change in 'C:\\Users\\Public\\miniconda3\\Lib\\site-packages\\scipy\\ndimage\\__pycache__\\interpolation.cpython-39.pyc', reloading
[ 2024-04-12 12:33:11,759 ] 113 werkzeug - INFO -  * Detected change in 'C:\\Users\\Public\\miniconda3\\Lib\\site-packages\\scipy\\ndimage\\__pycache__\\measurements.cpython-39.pyc', reloading
[ 2024-04-12 12:33:11,760 ] 113 werkzeug - INFO -  * Detected change in 'C:\\Users\\Public\\miniconda3\\Lib\\site-packages\\scipy\\ndimage\\__pycache__\\measurements.cpython-39.pyc', reloading
[ 2024-04-12 12:33:11,761 ] 113 werkzeug - INFO -  * Detected change in 'C:\\Users\\Public\\miniconda3\\Lib\\site-packages\\scipy\\ndimage\\__pycache__\\morphology.cpython-39.pyc', reloading
[ 2024-04-12 12:33:11,762 ] 113 werkzeug - INFO -  * Detected change in 'C:\\Users\\Public\\miniconda3\\Lib\\site-packages\\scipy\\ndimage\\__pycache__\\morphology.cpython-39.pyc', reloading
[ 2024-04-12 12:33:11,764 ] 113 werkzeug - INFO -  * Detected change in 'C:\\Users\\Public\\miniconda3\\Lib\\site-packages\\scipy\\stats\\__pycache__\\distributions.cpython-39.pyc', reloading
[ 2024-04-12 12:33:11,764 ] 113 werkzeug - INFO -  * Detected change in 'C:\\Users\\Public\\miniconda3\\Lib\\site-packages\\scipy\\stats\\__pycache__\\distributions.cpython-39.pyc', reloading
[ 2024-04-12 12:33:11,767 ] 113 werkzeug - INFO -  * Detected change in 'C:\\Users\\Public\\miniconda3\\Lib\\site-packages\\scipy\\stats\\__pycache__\\_distn_infrastructure.cpython-39.pyc', reloading
[ 2024-04-12 12:33:11,768 ] 113 werkzeug - INFO -  * Detected change in 'C:\\Users\\Public\\miniconda3\\Lib\\site-packages\\scipy\\stats\\__pycache__\\_distn_infrastructure.cpython-39.pyc', reloading
[ 2024-04-12 12:33:11,770 ] 113 werkzeug - INFO -  * Detected change in 'C:\\Users\\Public\\miniconda3\\Lib\\site-packages\\scipy\\stats\\__pycache__\\_distr_params.cpython-39.pyc', reloading
[ 2024-04-12 12:33:11,770 ] 113 werkzeug - INFO -  * Detected change in 'C:\\Users\\Public\\miniconda3\\Lib\\site-packages\\scipy\\stats\\__pycache__\\_distr_params.cpython-39.pyc', reloading
[ 2024-04-12 12:33:11,773 ] 113 werkzeug - INFO -  * Detected change in 'C:\\Users\\Public\\miniconda3\\Lib\\site-packages\\scipy\\optimize\\__pycache__\\__init__.cpython-39.pyc', reloading
[ 2024-04-12 12:33:11,773 ] 113 werkzeug - INFO -  * Detected change in 'C:\\Users\\Public\\miniconda3\\Lib\\site-packages\\scipy\\optimize\\__pycache__\\__init__.cpython-39.pyc', reloading
[ 2024-04-12 12:33:11,778 ] 113 werkzeug - INFO -  * Detected change in 'C:\\Users\\Public\\miniconda3\\Lib\\site-packages\\scipy\\optimize\\__pycache__\\_optimize.cpython-39.pyc', reloading
[ 2024-04-12 12:33:11,778 ] 113 werkzeug - INFO -  * Detected change in 'C:\\Users\\Public\\miniconda3\\Lib\\site-packages\\scipy\\optimize\\__pycache__\\_optimize.cpython-39.pyc', reloading
[ 2024-04-12 12:33:11,781 ] 113 werkzeug - INFO -  * Detected change in 'C:\\Users\\Public\\miniconda3\\Lib\\site-packages\\scipy\\optimize\\__pycache__\\_linesearch.cpython-39.pyc', reloading
[ 2024-04-12 12:33:11,782 ] 113 werkzeug - INFO -  * Detected change in 'C:\\Users\\Public\\miniconda3\\Lib\\site-packages\\scipy\\optimize\\__pycache__\\_linesearch.cpython-39.pyc', reloading
[ 2024-04-12 12:33:11,791 ] 113 werkzeug - INFO -  * Detected change in 'C:\\Users\\Public\\miniconda3\\Lib\\site-packages\\scipy\\optimize\\__pycache__\\_numdiff.cpython-39.pyc', reloading
[ 2024-04-12 12:33:11,792 ] 113 werkzeug - INFO -  * Detected change in 'C:\\Users\\Public\\miniconda3\\Lib\\site-packages\\scipy\\optimize\\__pycache__\\_numdiff.cpython-39.pyc', reloading
[ 2024-04-12 12:33:11,810 ] 113 werkzeug - INFO -  * Detected change in 'C:\\Users\\Public\\miniconda3\\Lib\\site-packages\\scipy\\optimize\\__pycache__\\_hessian_update_strategy.cpython-39.pyc', reloading
[ 2024-04-12 12:33:11,810 ] 113 werkzeug - INFO -  * Detected change in 'C:\\Users\\Public\\miniconda3\\Lib\\site-packages\\scipy\\optimize\\__pycache__\\_hessian_update_strategy.cpython-39.pyc', reloading
[ 2024-04-12 12:33:11,813 ] 113 werkzeug - INFO -  * Detected change in 'C:\\Users\\Public\\miniconda3\\Lib\\site-packages\\scipy\\optimize\\__pycache__\\_differentiable_functions.cpython-39.pyc', reloading
[ 2024-04-12 12:33:11,813 ] 113 werkzeug - INFO -  * Detected change in 'C:\\Users\\Public\\miniconda3\\Lib\\site-packages\\scipy\\optimize\\__pycache__\\_differentiable_functions.cpython-39.pyc', reloading
[ 2024-04-12 12:33:11,816 ] 113 werkzeug - INFO -  * Detected change in 'C:\\Users\\Public\\miniconda3\\Lib\\site-packages\\scipy\\optimize\\__pycache__\\_minimize.cpython-39.pyc', reloading
[ 2024-04-12 12:33:11,816 ] 113 werkzeug - INFO -  * Detected change in 'C:\\Users\\Public\\miniconda3\\Lib\\site-packages\\scipy\\optimize\\__pycache__\\_minimize.cpython-39.pyc', reloading
[ 2024-04-12 12:33:11,818 ] 113 werkzeug - INFO -  * Detected change in 'C:\\Users\\Public\\miniconda3\\Lib\\site-packages\\scipy\\optimize\\__pycache__\\_trustregion_dogleg.cpython-39.pyc', reloading
[ 2024-04-12 12:33:11,818 ] 113 werkzeug - INFO -  * Detected change in 'C:\\Users\\Public\\miniconda3\\Lib\\site-packages\\scipy\\optimize\\__pycache__\\_trustregion_dogleg.cpython-39.pyc', reloading
[ 2024-04-12 12:33:11,820 ] 113 werkzeug - INFO -  * Detected change in 'C:\\Users\\Public\\miniconda3\\Lib\\site-packages\\scipy\\optimize\\__pycache__\\_trustregion.cpython-39.pyc', reloading
[ 2024-04-12 12:33:11,821 ] 113 werkzeug - INFO -  * Detected change in 'C:\\Users\\Public\\miniconda3\\Lib\\site-packages\\scipy\\optimize\\__pycache__\\_trustregion.cpython-39.pyc', reloading
[ 2024-04-12 12:33:11,824 ] 113 werkzeug - INFO -  * Detected change in 'C:\\Users\\Public\\miniconda3\\Lib\\site-packages\\scipy\\optimize\\__pycache__\\_trustregion_ncg.cpython-39.pyc', reloading
[ 2024-04-12 12:33:11,824 ] 113 werkzeug - INFO -  * Detected change in 'C:\\Users\\Public\\miniconda3\\Lib\\site-packages\\scipy\\optimize\\__pycache__\\_trustregion_ncg.cpython-39.pyc', reloading
[ 2024-04-12 12:33:11,827 ] 113 werkzeug - INFO -  * Detected change in 'C:\\Users\\Public\\miniconda3\\Lib\\site-packages\\scipy\\optimize\\__pycache__\\_trustregion_krylov.cpython-39.pyc', reloading
[ 2024-04-12 12:33:11,827 ] 113 werkzeug - INFO -  * Detected change in 'C:\\Users\\Public\\miniconda3\\Lib\\site-packages\\scipy\\optimize\\__pycache__\\_trustregion_krylov.cpython-39.pyc', reloading
[ 2024-04-12 12:33:11,829 ] 113 werkzeug - INFO -  * Detected change in 'C:\\Users\\Public\\miniconda3\\Lib\\site-packages\\scipy\\optimize\\_trlib\\__pycache__\\__init__.cpython-39.pyc', reloading
[ 2024-04-12 12:33:11,830 ] 113 werkzeug - INFO -  * Detected change in 'C:\\Users\\Public\\miniconda3\\Lib\\site-packages\\scipy\\optimize\\_trlib\\__pycache__\\__init__.cpython-39.pyc', reloading
[ 2024-04-12 12:33:11,842 ] 113 werkzeug - INFO -  * Detected change in 'C:\\Users\\Public\\miniconda3\\Lib\\site-packages\\scipy\\optimize\\__pycache__\\_trustregion_exact.cpython-39.pyc', reloading
[ 2024-04-12 12:33:11,843 ] 113 werkzeug - INFO -  * Detected change in 'C:\\Users\\Public\\miniconda3\\Lib\\site-packages\\scipy\\optimize\\__pycache__\\_trustregion_exact.cpython-39.pyc', reloading
[ 2024-04-12 12:33:11,845 ] 113 werkzeug - INFO -  * Detected change in 'C:\\Users\\Public\\miniconda3\\Lib\\site-packages\\scipy\\optimize\\_trustregion_constr\\__pycache__\\__init__.cpython-39.pyc', reloading
[ 2024-04-12 12:33:11,845 ] 113 werkzeug - INFO -  * Detected change in 'C:\\Users\\Public\\miniconda3\\Lib\\site-packages\\scipy\\optimize\\_trustregion_constr\\__pycache__\\__init__.cpython-39.pyc', reloading
[ 2024-04-12 12:33:11,848 ] 113 werkzeug - INFO -  * Detected change in 'C:\\Users\\Public\\miniconda3\\Lib\\site-packages\\scipy\\optimize\\_trustregion_constr\\__pycache__\\minimize_trustregion_constr.cpython-39.pyc', reloading
[ 2024-04-12 12:33:11,849 ] 113 werkzeug - INFO -  * Detected change in 'C:\\Users\\Public\\miniconda3\\Lib\\site-packages\\scipy\\optimize\\_trustregion_constr\\__pycache__\\minimize_trustregion_constr.cpython-39.pyc', reloading
[ 2024-04-12 12:33:11,851 ] 113 werkzeug - INFO -  * Detected change in 'C:\\Users\\Public\\miniconda3\\Lib\\site-packages\\scipy\\optimize\\__pycache__\\_constraints.cpython-39.pyc', reloading
[ 2024-04-12 12:33:11,852 ] 113 werkzeug - INFO -  * Detected change in 'C:\\Users\\Public\\miniconda3\\Lib\\site-packages\\scipy\\optimize\\__pycache__\\_constraints.cpython-39.pyc', reloading
[ 2024-04-12 12:33:11,853 ] 113 werkzeug - INFO -  * Detected change in 'C:\\Users\\Public\\miniconda3\\Lib\\site-packages\\scipy\\optimize\\_trustregion_constr\\__pycache__\\equality_constrained_sqp.cpython-39.pyc', reloading
[ 2024-04-12 12:33:11,853 ] 113 werkzeug - INFO -  * Detected change in 'C:\\Users\\Public\\miniconda3\\Lib\\site-packages\\scipy\\optimize\\_trustregion_constr\\__pycache__\\equality_constrained_sqp.cpython-39.pyc', reloading
[ 2024-04-12 12:33:11,855 ] 113 werkzeug - INFO -  * Detected change in 'C:\\Users\\Public\\miniconda3\\Lib\\site-packages\\scipy\\optimize\\_trustregion_constr\\__pycache__\\projections.cpython-39.pyc', reloading
[ 2024-04-12 12:33:11,856 ] 113 werkzeug - INFO -  * Detected change in 'C:\\Users\\Public\\miniconda3\\Lib\\site-packages\\scipy\\optimize\\_trustregion_constr\\__pycache__\\projections.cpython-39.pyc', reloading
[ 2024-04-12 12:33:11,860 ] 113 werkzeug - INFO -  * Detected change in 'C:\\Users\\Public\\miniconda3\\Lib\\site-packages\\scipy\\optimize\\_trustregion_constr\\__pycache__\\qp_subproblem.cpython-39.pyc', reloading
[ 2024-04-12 12:33:11,860 ] 113 werkzeug - INFO -  * Detected change in 'C:\\Users\\Public\\miniconda3\\Lib\\site-packages\\scipy\\optimize\\_trustregion_constr\\__pycache__\\qp_subproblem.cpython-39.pyc', reloading
[ 2024-04-12 12:33:11,862 ] 113 werkzeug - INFO -  * Detected change in 'C:\\Users\\Public\\miniconda3\\Lib\\site-packages\\scipy\\optimize\\_trustregion_constr\\__pycache__\\canonical_constraint.cpython-39.pyc', reloading
[ 2024-04-12 12:33:11,863 ] 113 werkzeug - INFO -  * Detected change in 'C:\\Users\\Public\\miniconda3\\Lib\\site-packages\\scipy\\optimize\\_trustregion_constr\\__pycache__\\canonical_constraint.cpython-39.pyc', reloading
[ 2024-04-12 12:33:11,865 ] 113 werkzeug - INFO -  * Detected change in 'C:\\Users\\Public\\miniconda3\\Lib\\site-packages\\scipy\\optimize\\_trustregion_constr\\__pycache__\\tr_interior_point.cpython-39.pyc', reloading
[ 2024-04-12 12:33:11,865 ] 113 werkzeug - INFO -  * Detected change in 'C:\\Users\\Public\\miniconda3\\Lib\\site-packages\\scipy\\optimize\\_trustregion_constr\\__pycache__\\tr_interior_point.cpython-39.pyc', reloading
[ 2024-04-12 12:33:11,867 ] 113 werkzeug - INFO -  * Detected change in 'C:\\Users\\Public\\miniconda3\\Lib\\site-packages\\scipy\\optimize\\_trustregion_constr\\__pycache__\\report.cpython-39.pyc', reloading
[ 2024-04-12 12:33:11,868 ] 113 werkzeug - INFO -  * Detected change in 'C:\\Users\\Public\\miniconda3\\Lib\\site-packages\\scipy\\optimize\\_trustregion_constr\\__pycache__\\report.cpython-39.pyc', reloading
[ 2024-04-12 12:33:11,870 ] 113 werkzeug - INFO -  * Detected change in 'C:\\Users\\Public\\miniconda3\\Lib\\site-packages\\scipy\\optimize\\__pycache__\\_lbfgsb_py.cpython-39.pyc', reloading
[ 2024-04-12 12:33:11,870 ] 113 werkzeug - INFO -  * Detected change in 'C:\\Users\\Public\\miniconda3\\Lib\\site-packages\\scipy\\optimize\\__pycache__\\_lbfgsb_py.cpython-39.pyc', reloading
[ 2024-04-12 12:33:11,884 ] 113 werkzeug - INFO -  * Detected change in 'C:\\Users\\Public\\miniconda3\\Lib\\site-packages\\scipy\\optimize\\__pycache__\\_tnc.cpython-39.pyc', reloading
[ 2024-04-12 12:33:11,884 ] 113 werkzeug - INFO -  * Detected change in 'C:\\Users\\Public\\miniconda3\\Lib\\site-packages\\scipy\\optimize\\__pycache__\\_tnc.cpython-39.pyc', reloading
