[ 2024-04-12 12:31:37,032 ] 113 werkzeug - WARNING -  * Debugger is active!
[ 2024-04-12 12:31:37,059 ] 113 werkzeug - INFO -  * Debugger PIN: 623-489-910
[ 2024-04-12 12:31:38,132 ] 113 werkzeug - INFO -  * Running on http://0.0.0.0:5000/ (Press CTRL+C to quit)
[ 2024-04-12 12:32:04,272 ] 113 werkzeug - INFO -  * Detected change in 'C:\\Users\\Public\\miniconda3\\Lib\\concurrent\\__init__.py', reloading
[ 2024-04-12 12:32:04,288 ] 113 werkzeug - INFO -  * Detected change in 'C:\\Users\\Public\\miniconda3\\Lib\\distutils\\__init__.py', reloading
[ 2024-04-12 12:32:04,288 ] 113 werkzeug - INFO -  * Detected change in 'C:\\Users\\Public\\miniconda3\\Lib\\idlelib\\__init__.py', reloading
[ 2024-04-12 12:32:04,288 ] 113 werkzeug - INFO -  * Detected change in 'C:\\Users\\Public\\miniconda3\\Lib\\lib2to3\\__init__.py', reloading
[ 2024-04-12 12:32:04,288 ] 113 werkzeug - INFO -  * Detected change in 'C:\\Users\\Public\\miniconda3\\Lib\\test\\__init__.py', reloading
[ 2024-04-12 12:32:04,288 ] 113 werkzeug - INFO -  * Detected change in 'C:\\Users\\Public\\miniconda3\\Lib\\turtledemo\\__init__.py', reloading
[ 2024-04-12 12:32:04,288 ] 113 werkzeug - INFO -  * Detected change in 'C:\\Users\\Public\\miniconda3\\Lib\\wsgiref\\__init__.py', reloading
[ 2024-04-12 12:32:04,288 ] 113 werkzeug - INFO -  * Detected change in 'C:\\Users\\Public\\miniconda3\\Lib\\xmlrpc\\__init__.py', reloading
[ 2024-04-12 12:32:04,299 ] 113 werkzeug - INFO -  * Detected change in 'C:\\Users\\Public\\miniconda3\\Lib\\site-packages\\absl\\__init__.py', reloading
[ 2024-04-12 12:32:04,299 ] 113 werkzeug - INFO -  * Detected change in 'C:\\Users\\Public\\miniconda3\\Lib\\site-packages\\adodbapi\\__init__.py', reloading
[ 2024-04-12 12:32:04,299 ] 113 werkzeug - INFO -  * Detected change in 'C:\\Users\\Public\\miniconda3\\Lib\\site-packages\\astunparse\\__init__.py', reloading
[ 2024-04-12 12:32:04,299 ] 113 werkzeug - INFO -  * Detected change in 'C:\\Users\\Public\\miniconda3\\Lib\\site-packages\\backcall\\__init__.py', reloading
[ 2024-04-12 12:32:04,299 ] 113 werkzeug - INFO -  * Detected change in 'C:\\Users\\Public\\miniconda3\\Lib\\site-packages\\brotli\\__init__.py', reloading
[ 2024-04-12 12:32:04,299 ] 113 werkzeug - INFO -  * Detected change in 'C:\\Users\\Public\\miniconda3\\Lib\\site-packages\\certifi\\__init__.py', reloading
[ 2024-04-12 12:32:04,299 ] 113 werkzeug - INFO -  * Detected change in 'C:\\Users\\Public\\miniconda3\\Lib\\site-packages\\chardet\\__init__.py', reloading
[ 2024-04-12 12:32:04,299 ] 113 werkzeug - INFO -  * Detected change in 'C:\\Users\\Public\\miniconda3\\Lib\\site-packages\\click\\__init__.py', reloading
[ 2024-04-12 12:32:04,299 ] 113 werkzeug - INFO -  * Detected change in 'C:\\Users\\Public\\miniconda3\\Lib\\site-packages\\click_didyoumean\\__init__.py', reloading
[ 2024-04-12 12:32:04,299 ] 113 werkzeug - INFO -  * Detected change in 'C:\\Users\\Public\\miniconda3\\Lib\\site-packages\\click_plugins\\__init__.py', reloading
[ 2024-04-12 12:32:04,315 ] 113 werkzeug - INFO -  * Detected change in 'C:\\Users\\Public\\miniconda3\\Lib\\site-packages\\click_repl\\__init__.py', reloading
[ 2024-04-12 12:32:04,315 ] 113 werkzeug - INFO -  * Detected change in 'C:\\Users\\Public\\miniconda3\\Lib\\site-packages\\cloudpickle\\__init__.py', reloading
[ 2024-04-12 12:32:04,315 ] 113 werkzeug - INFO -  * Detected change in 'C:\\Users\\Public\\miniconda3\\Lib\\site-packages\\cmaes\\__init__.py', reloading
[ 2024-04-12 12:32:04,315 ] 113 werkzeug - INFO -  * Detected change in 'C:\\Users\\Public\\miniconda3\\Lib\\site-packages\\coloredlogs\\__init__.py', reloading
[ 2024-04-12 12:32:04,315 ] 113 werkzeug - INFO -  * Detected change in 'C:\\Users\\Public\\miniconda3\\Lib\\site-packages\\conda_content_trust\\__init__.py', reloading
[ 2024-04-12 12:32:04,315 ] 113 werkzeug - INFO -  * Detected change in 'C:\\Users\\Public\\miniconda3\\Lib\\site-packages\\conda_env\\__init__.py', reloading
[ 2024-04-12 12:32:04,315 ] 113 werkzeug - INFO -  * Detected change in 'C:\\Users\\Public\\miniconda3\\Lib\\site-packages\\conda_package_handling\\__init__.py', reloading
[ 2024-04-12 12:32:04,315 ] 113 werkzeug - INFO -  * Detected change in 'C:\\Users\\Public\\miniconda3\\Lib\\site-packages\\databricks_cli\\__init__.py', reloading
[ 2024-04-12 12:32:04,315 ] 113 werkzeug - INFO -  * Detected change in 'C:\\Users\\Public\\miniconda3\\Lib\\site-packages\\docker\\__init__.py', reloading
[ 2024-04-12 12:32:04,315 ] 113 werkzeug - INFO -  * Detected change in 'C:\\Users\\Public\\miniconda3\\Lib\\site-packages\\docx2txt\\__init__.py', reloading
[ 2024-04-12 12:32:04,315 ] 113 werkzeug - INFO -  * Detected change in 'C:\\Users\\Public\\miniconda3\\Lib\\site-packages\\dvc\\__init__.py', reloading
[ 2024-04-12 12:32:04,315 ] 113 werkzeug - INFO -  * Detected change in 'C:\\Users\\Public\\miniconda3\\Lib\\site-packages\\dvc_http\\__init__.py', reloading
[ 2024-04-12 12:32:04,315 ] 113 werkzeug - INFO -  * Detected change in 'C:\\Users\\Public\\miniconda3\\Lib\\site-packages\\dvc_render\\__init__.py', reloading
[ 2024-04-12 12:32:04,315 ] 113 werkzeug - INFO -  * Detected change in 'C:\\Users\\Public\\miniconda3\\Lib\\site-packages\\dvc_studio_client\\__init__.py', reloading
[ 2024-04-12 12:32:04,315 ] 113 werkzeug - INFO -  * Detected change in 'C:\\Users\\Public\\miniconda3\\Lib\\site-packages\\ensure\\__init__.py', reloading
[ 2024-04-12 12:32:04,330 ] 113 werkzeug - INFO -  * Detected change in 'C:\\Users\\Public\\miniconda3\\Lib\\site-packages\\et_xmlfile\\__init__.py', reloading
[ 2024-04-12 12:32:04,330 ] 113 werkzeug - INFO -  * Detected change in 'C:\\Users\\Public\\miniconda3\\Lib\\site-packages\\flask\\app.py', reloading
[ 2024-04-12 12:32:04,330 ] 113 werkzeug - INFO -  * Detected change in 'C:\\Users\\Public\\miniconda3\\Lib\\site-packages\\flask\\blueprints.py', reloading
[ 2024-04-12 12:32:04,330 ] 113 werkzeug - INFO -  * Detected change in 'C:\\Users\\Public\\miniconda3\\Lib\\site-packages\\flask\\cli.py', reloading
[ 2024-04-12 12:32:04,330 ] 113 werkzeug - INFO -  * Detected change in 'C:\\Users\\Public\\miniconda3\\Lib\\site-packages\\flask\\config.py', reloading
[ 2024-04-12 12:32:04,330 ] 113 werkzeug - INFO -  * Detected change in 'C:\\Users\\Public\\miniconda3\\Lib\\site-packages\\flask\\ctx.py', reloading
[ 2024-04-12 12:32:04,330 ] 113 werkzeug - INFO -  * Detected change in 'C:\\Users\\Public\\miniconda3\\Lib\\site-packages\\flask\\debughelpers.py', reloading
[ 2024-04-12 12:32:04,330 ] 113 werkzeug - INFO -  * Detected change in 'C:\\Users\\Public\\miniconda3\\Lib\\site-packages\\flask\\globals.py', reloading
[ 2024-04-12 12:32:04,330 ] 113 werkzeug - INFO -  * Detected change in 'C:\\Users\\Public\\miniconda3\\Lib\\site-packages\\flask\\helpers.py', reloading
[ 2024-04-12 12:32:04,330 ] 113 werkzeug - INFO -  * Detected change in 'C:\\Users\\Public\\miniconda3\\Lib\\site-packages\\flask\\logging.py', reloading
[ 2024-04-12 12:32:04,330 ] 113 werkzeug - INFO -  * Detected change in 'C:\\Users\\Public\\miniconda3\\Lib\\site-packages\\flask\\sessions.py', reloading
[ 2024-04-12 12:32:04,346 ] 113 werkzeug - INFO -  * Detected change in 'C:\\Users\\Public\\miniconda3\\Lib\\site-packages\\flask\\signals.py', reloading
[ 2024-04-12 12:32:04,346 ] 113 werkzeug - INFO -  * Detected change in 'C:\\Users\\Public\\miniconda3\\Lib\\site-packages\\flask\\templating.py', reloading
[ 2024-04-12 12:32:04,349 ] 113 werkzeug - INFO -  * Detected change in 'C:\\Users\\Public\\miniconda3\\Lib\\site-packages\\flask\\testing.py', reloading
[ 2024-04-12 12:32:04,349 ] 113 werkzeug - INFO -  * Detected change in 'C:\\Users\\Public\\miniconda3\\Lib\\site-packages\\flask\\views.py', reloading
[ 2024-04-12 12:32:04,349 ] 113 werkzeug - INFO -  * Detected change in 'C:\\Users\\Public\\miniconda3\\Lib\\site-packages\\flask\\wrappers.py', reloading
[ 2024-04-12 12:32:04,349 ] 113 werkzeug - INFO -  * Detected change in 'C:\\Users\\Public\\miniconda3\\Lib\\site-packages\\flask\\__init__.py', reloading
[ 2024-04-12 12:32:04,349 ] 113 werkzeug - INFO -  * Detected change in 'C:\\Users\\Public\\miniconda3\\Lib\\site-packages\\flask\\__main__.py', reloading
[ 2024-04-12 12:32:04,349 ] 113 werkzeug - INFO -  * Detected change in 'C:\\Users\\Public\\miniconda3\\Lib\\site-packages\\flatbuffers\\__init__.py', reloading
[ 2024-04-12 12:32:04,349 ] 113 werkzeug - INFO -  * Detected change in 'C:\\Users\\Public\\miniconda3\\Lib\\site-packages\\fqdn\\__init__.py', reloading
[ 2024-04-12 12:32:04,349 ] 113 werkzeug - INFO -  * Detected change in 'C:\\Users\\Public\\miniconda3\\Lib\\site-packages\\gast\\__init__.py', reloading
[ 2024-04-12 12:32:04,349 ] 113 werkzeug - INFO -  * Detected change in 'C:\\Users\\Public\\miniconda3\\Lib\\site-packages\\gitdb\\__init__.py', reloading
[ 2024-04-12 12:32:04,349 ] 113 werkzeug - INFO -  * Detected change in 'C:\\Users\\Public\\miniconda3\\Lib\\site-packages\\gunicorn\\__init__.py', reloading
[ 2024-04-12 12:32:04,349 ] 113 werkzeug - INFO -  * Detected change in 'C:\\Users\\Public\\miniconda3\\Lib\\site-packages\\h5py\\__init__.py', reloading
[ 2024-04-12 12:32:04,349 ] 113 werkzeug - INFO -  * Detected change in 'C:\\Users\\Public\\miniconda3\\Lib\\site-packages\\idna\\__init__.py', reloading
[ 2024-04-12 12:32:04,364 ] 113 werkzeug - INFO -  * Detected change in 'C:\\Users\\Public\\miniconda3\\Lib\\site-packages\\iterative_telemetry\\__init__.py', reloading
[ 2024-04-12 12:32:04,364 ] 113 werkzeug - INFO -  * Detected change in 'C:\\Users\\Public\\miniconda3\\Lib\\site-packages\\itsdangerous\\__init__.py', reloading
[ 2024-04-12 12:32:04,364 ] 113 werkzeug - INFO -  * Detected change in 'C:\\Users\\Public\\miniconda3\\Lib\\site-packages\\jedi\\__init__.py', reloading
[ 2024-04-12 12:32:04,364 ] 113 werkzeug - INFO -  * Detected change in 'C:\\Users\\Public\\miniconda3\\Lib\\site-packages\\jinja2\\__init__.py', reloading
[ 2024-04-12 12:32:04,364 ] 113 werkzeug - INFO -  * Detected change in 'C:\\Users\\Public\\miniconda3\\Lib\\site-packages\\jupyterlab\\__init__.py', reloading
[ 2024-04-12 12:32:04,364 ] 113 werkzeug - INFO -  * Detected change in 'C:\\Users\\Public\\miniconda3\\Lib\\site-packages\\jupyterlab_pygments\\__init__.py', reloading
[ 2024-04-12 12:32:04,364 ] 113 werkzeug - INFO -  * Detected change in 'C:\\Users\\Public\\miniconda3\\Lib\\site-packages\\jupyter_lsp\\__init__.py', reloading
[ 2024-04-12 12:32:04,364 ] 113 werkzeug - INFO -  * Detected change in 'C:\\Users\\Public\\miniconda3\\Lib\\site-packages\\keras\\__init__.py', reloading
[ 2024-04-12 12:32:04,364 ] 113 werkzeug - INFO -  * Detected change in 'C:\\Users\\Public\\miniconda3\\Lib\\site-packages\\kubernetes\\__init__.py', reloading
[ 2024-04-12 12:32:04,364 ] 113 werkzeug - INFO -  * Detected change in 'C:\\Users\\Public\\miniconda3\\Lib\\site-packages\\mako\\__init__.py', reloading
[ 2024-04-12 12:32:04,364 ] 113 werkzeug - INFO -  * Detected change in 'C:\\Users\\Public\\miniconda3\\Lib\\site-packages\\matplotlib\\pylab.py', reloading
[ 2024-04-12 12:32:04,364 ] 113 werkzeug - INFO -  * Detected change in 'C:\\Users\\Public\\miniconda3\\Lib\\site-packages\\matplotlib\\tests\\__init__.py', reloading
[ 2024-04-12 12:32:04,364 ] 113 werkzeug - INFO -  * Detected change in 'C:\\Users\\Public\\miniconda3\\Lib\\site-packages\\matplotlib\\tight_bbox.py', reloading
[ 2024-04-12 12:32:04,380 ] 113 werkzeug - INFO -  * Detected change in 'C:\\Users\\Public\\miniconda3\\Lib\\site-packages\\matplotlib_inline\\__init__.py', reloading
[ 2024-04-12 12:32:04,380 ] 113 werkzeug - INFO -  * Detected change in 'C:\\Users\\Public\\miniconda3\\Lib\\site-packages\\menuinst\\__init__.py', reloading
[ 2024-04-12 12:32:04,380 ] 113 werkzeug - INFO -  * Detected change in 'C:\\Users\\Public\\miniconda3\\Lib\\site-packages\\mpl_toolkits\\__init__.py', reloading
[ 2024-04-12 12:32:04,380 ] 113 werkzeug - INFO -  * Detected change in 'C:\\Users\\Public\\miniconda3\\Lib\\site-packages\\mpmath\\__init__.py', reloading
[ 2024-04-12 12:32:04,380 ] 113 werkzeug - INFO -  * Detected change in 'C:\\Users\\Public\\miniconda3\\Lib\\site-packages\\nltk\\__init__.py', reloading
[ 2024-04-12 12:32:04,380 ] 113 werkzeug - INFO -  * Detected change in 'C:\\Users\\Public\\miniconda3\\Lib\\site-packages\\notebook\\__init__.py', reloading
[ 2024-04-12 12:32:04,380 ] 113 werkzeug - INFO -  * Detected change in 'C:\\Users\\Public\\miniconda3\\Lib\\site-packages\\notebook_shim\\__init__.py', reloading
[ 2024-04-12 12:32:04,380 ] 113 werkzeug - INFO -  * Detected change in 'C:\\Users\\Public\\miniconda3\\Lib\\site-packages\\onnxruntime\\__init__.py', reloading
[ 2024-04-12 12:32:04,380 ] 113 werkzeug - INFO -  * Detected change in 'C:\\Users\\Public\\miniconda3\\Lib\\site-packages\\opt_einsum\\__init__.py', reloading
[ 2024-04-12 12:32:04,380 ] 113 werkzeug - INFO -  * Detected change in 'C:\\Users\\Public\\miniconda3\\Lib\\site-packages\\pasta\\__init__.py', reloading
[ 2024-04-12 12:32:04,380 ] 113 werkzeug - INFO -  * Detected change in 'C:\\Users\\Public\\miniconda3\\Lib\\site-packages\\pinecone\\__init__.py', reloading
[ 2024-04-12 12:32:04,395 ] 113 werkzeug - INFO -  * Detected change in 'C:\\Users\\Public\\miniconda3\\Lib\\site-packages\\prometheus_flask_exporter\\__init__.py', reloading
[ 2024-04-12 12:32:04,395 ] 113 werkzeug - INFO -  * Detected change in 'C:\\Users\\Public\\miniconda3\\Lib\\site-packages\\pulsar\\__init__.py', reloading
[ 2024-04-12 12:32:04,395 ] 113 werkzeug - INFO -  * Detected change in 'C:\\Users\\Public\\miniconda3\\Lib\\site-packages\\pyarrow\\__init__.py', reloading
[ 2024-04-12 12:32:04,395 ] 113 werkzeug - INFO -  * Detected change in 'C:\\Users\\Public\\miniconda3\\Lib\\site-packages\\pyasn1_modules\\__init__.py', reloading
[ 2024-04-12 12:32:04,395 ] 113 werkzeug - INFO -  * Detected change in 'C:\\Users\\Public\\miniconda3\\Lib\\site-packages\\pydeck\\__init__.py', reloading
[ 2024-04-12 12:32:04,395 ] 113 werkzeug - INFO -  * Detected change in 'C:\\Users\\Public\\miniconda3\\Lib\\site-packages\\pydevd_plugins\\__init__.py', reloading
[ 2024-04-12 12:32:04,395 ] 113 werkzeug - INFO -  * Detected change in 'C:\\Users\\Public\\miniconda3\\Lib\\site-packages\\pylint_plugins\\__init__.py', reloading
[ 2024-04-12 12:32:04,395 ] 113 werkzeug - INFO -  * Detected change in 'C:\\Users\\Public\\miniconda3\\Lib\\site-packages\\pypika\\__init__.py', reloading
[ 2024-04-12 12:32:04,395 ] 113 werkzeug - INFO -  * Detected change in 'C:\\Users\\Public\\miniconda3\\Lib\\site-packages\\pyreadline3\\__init__.py', reloading
[ 2024-04-12 12:32:04,395 ] 113 werkzeug - INFO -  * Detected change in 'C:\\Users\\Public\\miniconda3\\Lib\\site-packages\\ruamel_yaml\\__init__.py', reloading
[ 2024-04-12 12:32:04,411 ] 113 werkzeug - INFO -  * Detected change in 'C:\\Users\\Public\\miniconda3\\Lib\\site-packages\\scipy\\conftest.py', reloading
[ 2024-04-12 12:32:04,411 ] 113 werkzeug - INFO -  * Detected change in 'C:\\Users\\Public\\miniconda3\\Lib\\site-packages\\scipy\\version.py', reloading
[ 2024-04-12 12:32:04,411 ] 113 werkzeug - INFO -  * Detected change in 'C:\\Users\\Public\\miniconda3\\Lib\\site-packages\\smmap\\__init__.py', reloading
[ 2024-04-12 12:32:04,411 ] 113 werkzeug - INFO -  * Detected change in 'C:\\Users\\Public\\miniconda3\\Lib\\site-packages\\tensorboard_data_server\\__init__.py', reloading
[ 2024-04-12 12:32:04,411 ] 113 werkzeug - INFO -  * Detected change in 'C:\\Users\\Public\\miniconda3\\Lib\\site-packages\\tensorflow_estimator\\__init__.py', reloading
[ 2024-04-12 12:32:04,411 ] 113 werkzeug - INFO -  * Detected change in 'C:\\Users\\Public\\miniconda3\\Lib\\site-packages\\tensorflow_io_gcs_filesystem\\__init__.py', reloading
[ 2024-04-12 12:32:04,411 ] 113 werkzeug - INFO -  * Detected change in 'C:\\Users\\Public\\miniconda3\\Lib\\site-packages\\tinycss2\\__init__.py', reloading
[ 2024-04-12 12:32:04,411 ] 113 werkzeug - INFO -  * Detected change in 'C:\\Users\\Public\\miniconda3\\Lib\\site-packages\\tlz\\__init__.py', reloading
[ 2024-04-12 12:32:04,411 ] 113 werkzeug - INFO -  * Detected change in 'C:\\Users\\Public\\miniconda3\\Lib\\site-packages\\toolz\\__init__.py', reloading
[ 2024-04-12 12:32:04,411 ] 113 werkzeug - INFO -  * Detected change in 'C:\\Users\\Public\\miniconda3\\Lib\\site-packages\\tzdata\\__init__.py', reloading
[ 2024-04-12 12:32:04,411 ] 113 werkzeug - INFO -  * Detected change in 'C:\\Users\\Public\\miniconda3\\Lib\\site-packages\\validate\\__init__.py', reloading
[ 2024-04-12 12:32:04,411 ] 113 werkzeug - INFO -  * Detected change in 'C:\\Users\\Public\\miniconda3\\Lib\\site-packages\\voluptuous\\__init__.py', reloading
[ 2024-04-12 12:32:04,411 ] 113 werkzeug - INFO -  * Detected change in 'C:\\Users\\Public\\miniconda3\\Lib\\site-packages\\webencodings\\__init__.py', reloading
[ 2024-04-12 12:32:04,411 ] 113 werkzeug - INFO -  * Detected change in 'C:\\Users\\Public\\miniconda3\\Lib\\site-packages\\websocket\\__init__.py', reloading
[ 2024-04-12 12:32:04,427 ] 113 werkzeug - INFO -  * Detected change in 'C:\\Users\\Public\\miniconda3\\Lib\\site-packages\\werkzeug\\__init__.py', reloading
[ 2024-04-12 12:32:04,427 ] 113 werkzeug - INFO -  * Detected change in 'C:\\Users\\Public\\miniconda3\\Lib\\site-packages\\wheel\\__init__.py', reloading
[ 2024-04-12 12:32:04,427 ] 113 werkzeug - INFO -  * Detected change in 'C:\\Users\\Public\\miniconda3\\Lib\\site-packages\\winpty\\__init__.py', reloading
[ 2024-04-12 12:32:04,427 ] 113 werkzeug - INFO -  * Detected change in 'C:\\Users\\Public\\miniconda3\\Lib\\site-packages\\wrapt\\__init__.py', reloading
[ 2024-04-12 12:32:04,427 ] 113 werkzeug - INFO -  * Detected change in 'C:\\Users\\Public\\miniconda3\\Lib\\site-packages\\pythonwin\\pywin\\__init__.py', reloading
