[ 2024-04-12 12:30:44,457 ] 113 werkzeug - WARNING -  * Debugger is active!
[ 2024-04-12 12:30:44,487 ] 113 werkzeug - INFO -  * Debugger PIN: 623-489-910
[ 2024-04-12 12:30:45,578 ] 113 werkzeug - INFO -  * Running on http://0.0.0.0:5000/ (Press CTRL+C to quit)
[ 2024-04-12 12:30:51,316 ] 113 werkzeug - INFO -  * Detected change in 'C:\\Users\\Public\\miniconda3\\Lib\\site-packages\\flask\\__pycache__\\debughelpers.cpython-39.pyc', reloading
[ 2024-04-12 12:30:51,318 ] 80 root - INFO - Dataframe Gathered
[ 2024-04-12 12:30:51,326 ] 113 werkzeug - INFO -  * Detected change in 'C:\\Users\\Public\\miniconda3\\Lib\\site-packages\\sklearn\\__pycache__\\__init__.cpython-39.pyc', reloading
[ 2024-04-12 12:30:51,331 ] 113 werkzeug - INFO -  * Detected change in 'C:\\Users\\Public\\miniconda3\\Lib\\site-packages\\sklearn\\__pycache__\\_config.cpython-39.pyc', reloading
[ 2024-04-12 12:30:51,333 ] 113 werkzeug - INFO -  * Detected change in 'C:\\Users\\Public\\miniconda3\\Lib\\site-packages\\sklearn\\__pycache__\\_distributor_init.cpython-39.pyc', reloading
[ 2024-04-12 12:30:51,375 ] 113 werkzeug - INFO -  * Detected change in 'C:\\Users\\Public\\miniconda3\\Lib\\site-packages\\sklearn\\__check_build\\__pycache__\\__init__.cpython-39.pyc', reloading
[ 2024-04-12 12:30:51,385 ] 113 werkzeug - INFO -  * Detected change in 'C:\\Users\\Public\\miniconda3\\Lib\\site-packages\\sklearn\\__pycache__\\base.cpython-39.pyc', reloading
[ 2024-04-12 12:30:51,390 ] 113 werkzeug - INFO -  * Detected change in 'C:\\Users\\Public\\miniconda3\\Lib\\site-packages\\sklearn\\utils\\__pycache__\\__init__.cpython-39.pyc', reloading
[ 2024-04-12 12:30:51,393 ] 113 werkzeug - INFO -  * Detected change in 'C:\\Users\\Public\\miniconda3\\Lib\\__pycache__\\timeit.cpython-39.pyc', reloading
[ 2024-04-12 12:30:51,398 ] 113 werkzeug - INFO -  * Detected change in 'C:\\Users\\Public\\miniconda3\\Lib\\site-packages\\scipy\\__pycache__\\__init__.cpython-39.pyc', reloading
[ 2024-04-12 12:30:51,426 ] 113 werkzeug - INFO -  * Detected change in 'C:\\Users\\Public\\miniconda3\\Lib\\site-packages\\scipy\\_lib\\__pycache__\\__init__.cpython-39.pyc', reloading
[ 2024-04-12 12:30:51,431 ] 113 werkzeug - INFO -  * Detected change in 'C:\\Users\\Public\\miniconda3\\Lib\\site-packages\\scipy\\_lib\\__pycache__\\_testutils.cpython-39.pyc', reloading
[ 2024-04-12 12:30:51,447 ] 113 werkzeug - INFO -  * Detected change in 'C:\\Users\\Public\\miniconda3\\Lib\\site-packages\\scipy\\_lib\\__pycache__\\deprecation.cpython-39.pyc', reloading
[ 2024-04-12 12:30:51,450 ] 113 werkzeug - INFO -  * Detected change in 'C:\\Users\\Public\\miniconda3\\Lib\\site-packages\\scipy\\__pycache__\\__config__.cpython-39.pyc', reloading
[ 2024-04-12 12:30:51,452 ] 113 werkzeug - INFO -  * Detected change in 'C:\\Users\\Public\\miniconda3\\Lib\\site-packages\\scipy\\__pycache__\\version.cpython-39.pyc', reloading
[ 2024-04-12 12:30:51,454 ] 113 werkzeug - INFO -  * Detected change in 'C:\\Users\\Public\\miniconda3\\Lib\\site-packages\\scipy\\__pycache__\\_distributor_init.cpython-39.pyc', reloading
[ 2024-04-12 12:30:51,458 ] 113 werkzeug - INFO -  * Detected change in 'C:\\Users\\Public\\miniconda3\\Lib\\site-packages\\scipy\\_lib\\__pycache__\\_pep440.cpython-39.pyc', reloading
[ 2024-04-12 12:30:51,461 ] 113 werkzeug - INFO -  * Detected change in 'C:\\Users\\Public\\miniconda3\\Lib\\site-packages\\scipy\\_lib\\__pycache__\\_ccallback.cpython-39.pyc', reloading
[ 2024-04-12 12:30:51,474 ] 113 werkzeug - INFO -  * Detected change in 'C:\\Users\\Public\\miniconda3\\Lib\\site-packages\\scipy\\sparse\\__pycache__\\__init__.cpython-39.pyc', reloading
[ 2024-04-12 12:30:51,479 ] 113 werkzeug - INFO -  * Detected change in 'C:\\Users\\Public\\miniconda3\\Lib\\site-packages\\scipy\\sparse\\__pycache__\\_base.cpython-39.pyc', reloading
[ 2024-04-12 12:30:51,482 ] 113 werkzeug - INFO -  * Detected change in 'C:\\Users\\Public\\miniconda3\\Lib\\site-packages\\scipy\\sparse\\__pycache__\\_sputils.cpython-39.pyc', reloading
[ 2024-04-12 12:30:51,485 ] 113 werkzeug - INFO -  * Detected change in 'C:\\Users\\Public\\miniconda3\\Lib\\site-packages\\scipy\\_lib\\__pycache__\\_util.cpython-39.pyc', reloading
[ 2024-04-12 12:30:51,488 ] 113 werkzeug - INFO -  * Detected change in 'C:\\Users\\Public\\miniconda3\\Lib\\site-packages\\scipy\\sparse\\__pycache__\\_csr.cpython-39.pyc', reloading
[ 2024-04-12 12:30:51,502 ] 113 werkzeug - INFO -  * Detected change in 'C:\\Users\\Public\\miniconda3\\Lib\\site-packages\\scipy\\sparse\\__pycache__\\_compressed.cpython-39.pyc', reloading
[ 2024-04-12 12:30:51,506 ] 113 werkzeug - INFO -  * Detected change in 'C:\\Users\\Public\\miniconda3\\Lib\\site-packages\\scipy\\sparse\\__pycache__\\_data.cpython-39.pyc', reloading
[ 2024-04-12 12:30:51,511 ] 113 werkzeug - INFO -  * Detected change in 'C:\\Users\\Public\\miniconda3\\Lib\\site-packages\\scipy\\sparse\\__pycache__\\_index.cpython-39.pyc', reloading
[ 2024-04-12 12:30:51,514 ] 113 werkzeug - INFO -  * Detected change in 'C:\\Users\\Public\\miniconda3\\Lib\\site-packages\\scipy\\sparse\\__pycache__\\_csc.cpython-39.pyc', reloading
[ 2024-04-12 12:30:51,517 ] 113 werkzeug - INFO -  * Detected change in 'C:\\Users\\Public\\miniconda3\\Lib\\site-packages\\scipy\\sparse\\__pycache__\\_lil.cpython-39.pyc', reloading
[ 2024-04-12 12:30:51,533 ] 113 werkzeug - INFO -  * Detected change in 'C:\\Users\\Public\\miniconda3\\Lib\\site-packages\\scipy\\sparse\\__pycache__\\_dok.cpython-39.pyc', reloading
[ 2024-04-12 12:30:51,538 ] 113 werkzeug - INFO -  * Detected change in 'C:\\Users\\Public\\miniconda3\\Lib\\site-packages\\scipy\\sparse\\__pycache__\\_coo.cpython-39.pyc', reloading
[ 2024-04-12 12:30:51,541 ] 113 werkzeug - INFO -  * Detected change in 'C:\\Users\\Public\\miniconda3\\Lib\\site-packages\\scipy\\sparse\\__pycache__\\_dia.cpython-39.pyc', reloading
[ 2024-04-12 12:30:51,545 ] 113 werkzeug - INFO -  * Detected change in 'C:\\Users\\Public\\miniconda3\\Lib\\site-packages\\scipy\\sparse\\__pycache__\\_bsr.cpython-39.pyc', reloading
[ 2024-04-12 12:30:51,548 ] 113 werkzeug - INFO -  * Detected change in 'C:\\Users\\Public\\miniconda3\\Lib\\site-packages\\scipy\\sparse\\__pycache__\\_construct.cpython-39.pyc', reloading
[ 2024-04-12 12:30:51,550 ] 113 werkzeug - INFO -  * Detected change in 'C:\\Users\\Public\\miniconda3\\Lib\\site-packages\\scipy\\sparse\\__pycache__\\_extract.cpython-39.pyc', reloading
[ 2024-04-12 12:30:51,552 ] 113 werkzeug - INFO -  * Detected change in 'C:\\Users\\Public\\miniconda3\\Lib\\site-packages\\scipy\\sparse\\__pycache__\\_matrix_io.cpython-39.pyc', reloading
[ 2024-04-12 12:30:51,555 ] 113 werkzeug - INFO -  * Detected change in 'C:\\Users\\Public\\miniconda3\\Lib\\site-packages\\scipy\\sparse\\__pycache__\\_arrays.cpython-39.pyc', reloading
[ 2024-04-12 12:30:51,559 ] 113 werkzeug - INFO -  * Detected change in 'C:\\Users\\Public\\miniconda3\\Lib\\site-packages\\scipy\\sparse\\csgraph\\__pycache__\\__init__.cpython-39.pyc', reloading
[ 2024-04-12 12:30:51,562 ] 113 werkzeug - INFO -  * Detected change in 'C:\\Users\\Public\\miniconda3\\Lib\\site-packages\\scipy\\sparse\\csgraph\\__pycache__\\_laplacian.cpython-39.pyc', reloading
[ 2024-04-12 12:30:51,566 ] 113 werkzeug - INFO -  * Detected change in 'C:\\Users\\Public\\miniconda3\\Lib\\site-packages\\scipy\\sparse\\linalg\\__pycache__\\__init__.cpython-39.pyc', reloading
[ 2024-04-12 12:30:51,570 ] 113 werkzeug - INFO -  * Detected change in 'C:\\Users\\Public\\miniconda3\\Lib\\site-packages\\scipy\\sparse\\linalg\\_isolve\\__pycache__\\__init__.cpython-39.pyc', reloading
[ 2024-04-12 12:30:51,574 ] 113 werkzeug - INFO -  * Detected change in 'C:\\Users\\Public\\miniconda3\\Lib\\site-packages\\scipy\\sparse\\linalg\\_isolve\\__pycache__\\iterative.cpython-39.pyc', reloading
[ 2024-04-12 12:30:51,588 ] 113 werkzeug - INFO -  * Detected change in 'C:\\Users\\Public\\miniconda3\\Lib\\site-packages\\scipy\\sparse\\linalg\\__pycache__\\_interface.cpython-39.pyc', reloading
[ 2024-04-12 12:30:51,591 ] 113 werkzeug - INFO -  * Detected change in 'C:\\Users\\Public\\miniconda3\\Lib\\site-packages\\scipy\\sparse\\linalg\\_isolve\\__pycache__\\utils.cpython-39.pyc', reloading
[ 2024-04-12 12:30:51,594 ] 113 werkzeug - INFO -  * Detected change in 'C:\\Users\\Public\\miniconda3\\Lib\\site-packages\\scipy\\_lib\\__pycache__\\_threadsafety.cpython-39.pyc', reloading
[ 2024-04-12 12:30:51,600 ] 113 werkzeug - INFO -  * Detected change in 'C:\\Users\\Public\\miniconda3\\Lib\\site-packages\\scipy\\_lib\\__pycache__\\decorator.cpython-39.pyc', reloading
[ 2024-04-12 12:30:51,603 ] 113 werkzeug - INFO -  * Detected change in 'C:\\Users\\Public\\miniconda3\\Lib\\site-packages\\scipy\\sparse\\linalg\\_isolve\\__pycache__\\minres.cpython-39.pyc', reloading
[ 2024-04-12 12:30:51,605 ] 113 werkzeug - INFO -  * Detected change in 'C:\\Users\\Public\\miniconda3\\Lib\\site-packages\\scipy\\sparse\\linalg\\_isolve\\__pycache__\\lgmres.cpython-39.pyc', reloading
[ 2024-04-12 12:30:51,610 ] 113 werkzeug - INFO -  * Detected change in 'C:\\Users\\Public\\miniconda3\\Lib\\site-packages\\scipy\\linalg\\__pycache__\\__init__.cpython-39.pyc', reloading
[ 2024-04-12 12:30:51,614 ] 113 werkzeug - INFO -  * Detected change in 'C:\\Users\\Public\\miniconda3\\Lib\\site-packages\\scipy\\linalg\\__pycache__\\_misc.cpython-39.pyc', reloading
[ 2024-04-12 12:30:51,617 ] 113 werkzeug - INFO -  * Detected change in 'C:\\Users\\Public\\miniconda3\\Lib\\site-packages\\scipy\\linalg\\__pycache__\\blas.cpython-39.pyc', reloading
[ 2024-04-12 12:30:51,633 ] 113 werkzeug - INFO -  * Detected change in 'C:\\Users\\Public\\miniconda3\\Lib\\site-packages\\scipy\\linalg\\__pycache__\\lapack.cpython-39.pyc', reloading
[ 2024-04-12 12:30:51,668 ] 113 werkzeug - INFO -  * Detected change in 'C:\\Users\\Public\\miniconda3\\Lib\\site-packages\\scipy\\linalg\\__pycache__\\_basic.cpython-39.pyc', reloading
[ 2024-04-12 12:30:51,670 ] 113 werkzeug - INFO -  * Detected change in 'C:\\Users\\Public\\miniconda3\\Lib\\site-packages\\scipy\\linalg\\__pycache__\\_flinalg_py.cpython-39.pyc', reloading
[ 2024-04-12 12:30:51,681 ] 113 werkzeug - INFO -  * Detected change in 'C:\\Users\\Public\\miniconda3\\Lib\\site-packages\\scipy\\linalg\\__pycache__\\_decomp.cpython-39.pyc', reloading
[ 2024-04-12 12:30:51,684 ] 113 werkzeug - INFO -  * Detected change in 'C:\\Users\\Public\\miniconda3\\Lib\\site-packages\\scipy\\linalg\\__pycache__\\_decomp_svd.cpython-39.pyc', reloading
[ 2024-04-12 12:30:51,695 ] 113 werkzeug - INFO -  * Detected change in 'C:\\Users\\Public\\miniconda3\\Lib\\site-packages\\scipy\\linalg\\__pycache__\\_decomp_lu.cpython-39.pyc', reloading
[ 2024-04-12 12:30:51,696 ] 113 werkzeug - INFO -  * Detected change in 'C:\\Users\\Public\\miniconda3\\Lib\\site-packages\\scipy\\linalg\\__pycache__\\_decomp_ldl.cpython-39.pyc', reloading
[ 2024-04-12 12:30:51,699 ] 113 werkzeug - INFO -  * Detected change in 'C:\\Users\\Public\\miniconda3\\Lib\\site-packages\\scipy\\linalg\\__pycache__\\_decomp_cholesky.cpython-39.pyc', reloading
[ 2024-04-12 12:30:51,701 ] 113 werkzeug - INFO -  * Detected change in 'C:\\Users\\Public\\miniconda3\\Lib\\site-packages\\scipy\\linalg\\__pycache__\\_decomp_qr.cpython-39.pyc', reloading
[ 2024-04-12 12:30:51,703 ] 113 werkzeug - INFO -  * Detected change in 'C:\\Users\\Public\\miniconda3\\Lib\\site-packages\\scipy\\linalg\\__pycache__\\_decomp_qz.cpython-39.pyc', reloading
[ 2024-04-12 12:30:51,705 ] 113 werkzeug - INFO -  * Detected change in 'C:\\Users\\Public\\miniconda3\\Lib\\site-packages\\scipy\\linalg\\__pycache__\\_decomp_schur.cpython-39.pyc', reloading
[ 2024-04-12 12:30:51,707 ] 113 werkzeug - INFO -  * Detected change in 'C:\\Users\\Public\\miniconda3\\Lib\\site-packages\\scipy\\linalg\\__pycache__\\_decomp_polar.cpython-39.pyc', reloading
[ 2024-04-12 12:30:51,711 ] 113 werkzeug - INFO -  * Detected change in 'C:\\Users\\Public\\miniconda3\\Lib\\site-packages\\scipy\\linalg\\__pycache__\\_matfuncs.cpython-39.pyc', reloading
[ 2024-04-12 12:30:51,713 ] 113 werkzeug - INFO -  * Detected change in 'C:\\Users\\Public\\miniconda3\\Lib\\site-packages\\scipy\\linalg\\__pycache__\\_special_matrices.cpython-39.pyc', reloading
[ 2024-04-12 12:30:51,716 ] 113 werkzeug - INFO -  * Detected change in 'C:\\Users\\Public\\miniconda3\\Lib\\site-packages\\scipy\\linalg\\__pycache__\\_expm_frechet.cpython-39.pyc', reloading
[ 2024-04-12 12:30:51,718 ] 113 werkzeug - INFO -  * Detected change in 'C:\\Users\\Public\\miniconda3\\Lib\\site-packages\\scipy\\linalg\\__pycache__\\_matfuncs_sqrtm.cpython-39.pyc', reloading
[ 2024-04-12 12:30:51,772 ] 113 werkzeug - INFO -  * Detected change in 'C:\\Users\\Public\\miniconda3\\Lib\\site-packages\\scipy\\linalg\\__pycache__\\_solvers.cpython-39.pyc', reloading
[ 2024-04-12 12:30:51,775 ] 113 werkzeug - INFO -  * Detected change in 'C:\\Users\\Public\\miniconda3\\Lib\\site-packages\\scipy\\linalg\\__pycache__\\_procrustes.cpython-39.pyc', reloading
[ 2024-04-12 12:30:51,793 ] 113 werkzeug - INFO -  * Detected change in 'C:\\Users\\Public\\miniconda3\\Lib\\site-packages\\scipy\\linalg\\__pycache__\\_sketches.cpython-39.pyc', reloading
[ 2024-04-12 12:30:51,797 ] 113 werkzeug - INFO -  * Detected change in 'C:\\Users\\Public\\miniconda3\\Lib\\site-packages\\scipy\\linalg\\__pycache__\\_decomp_cossin.cpython-39.pyc', reloading
[ 2024-04-12 12:30:51,798 ] 113 werkzeug - INFO -  * Detected change in 'C:\\Users\\Public\\miniconda3\\Lib\\site-packages\\scipy\\linalg\\__pycache__\\decomp.cpython-39.pyc', reloading
[ 2024-04-12 12:30:51,801 ] 113 werkzeug - INFO -  * Detected change in 'C:\\Users\\Public\\miniconda3\\Lib\\site-packages\\scipy\\linalg\\__pycache__\\decomp_cholesky.cpython-39.pyc', reloading
[ 2024-04-12 12:30:51,803 ] 113 werkzeug - INFO -  * Detected change in 'C:\\Users\\Public\\miniconda3\\Lib\\site-packages\\scipy\\linalg\\__pycache__\\decomp_lu.cpython-39.pyc', reloading
[ 2024-04-12 12:30:51,805 ] 113 werkzeug - INFO -  * Detected change in 'C:\\Users\\Public\\miniconda3\\Lib\\site-packages\\scipy\\linalg\\__pycache__\\decomp_qr.cpython-39.pyc', reloading
[ 2024-04-12 12:30:51,809 ] 113 werkzeug - INFO -  * Detected change in 'C:\\Users\\Public\\miniconda3\\Lib\\site-packages\\scipy\\linalg\\__pycache__\\decomp_svd.cpython-39.pyc', reloading
[ 2024-04-12 12:30:51,812 ] 113 werkzeug - INFO -  * Detected change in 'C:\\Users\\Public\\miniconda3\\Lib\\site-packages\\scipy\\linalg\\__pycache__\\decomp_schur.cpython-39.pyc', reloading
[ 2024-04-12 12:30:51,814 ] 113 werkzeug - INFO -  * Detected change in 'C:\\Users\\Public\\miniconda3\\Lib\\site-packages\\scipy\\linalg\\__pycache__\\basic.cpython-39.pyc', reloading
[ 2024-04-12 12:30:51,816 ] 113 werkzeug - INFO -  * Detected change in 'C:\\Users\\Public\\miniconda3\\Lib\\site-packages\\scipy\\linalg\\__pycache__\\misc.cpython-39.pyc', reloading
[ 2024-04-12 12:30:51,819 ] 113 werkzeug - INFO -  * Detected change in 'C:\\Users\\Public\\miniconda3\\Lib\\site-packages\\scipy\\linalg\\__pycache__\\special_matrices.cpython-39.pyc', reloading
[ 2024-04-12 12:30:51,822 ] 113 werkzeug - INFO -  * Detected change in 'C:\\Users\\Public\\miniconda3\\Lib\\site-packages\\scipy\\linalg\\__pycache__\\flinalg.cpython-39.pyc', reloading
[ 2024-04-12 12:30:51,824 ] 113 werkzeug - INFO -  * Detected change in 'C:\\Users\\Public\\miniconda3\\Lib\\site-packages\\scipy\\linalg\\__pycache__\\matfuncs.cpython-39.pyc', reloading
[ 2024-04-12 12:30:51,828 ] 113 werkzeug - INFO -  * Detected change in 'C:\\Users\\Public\\miniconda3\\Lib\\site-packages\\scipy\\sparse\\linalg\\_isolve\\__pycache__\\_gcrotmk.cpython-39.pyc', reloading
[ 2024-04-12 12:30:51,831 ] 113 werkzeug - INFO -  * Detected change in 'C:\\Users\\Public\\miniconda3\\Lib\\site-packages\\scipy\\sparse\\linalg\\_isolve\\__pycache__\\lsqr.cpython-39.pyc', reloading
[ 2024-04-12 12:30:51,834 ] 113 werkzeug - INFO -  * Detected change in 'C:\\Users\\Public\\miniconda3\\Lib\\site-packages\\scipy\\sparse\\linalg\\_isolve\\__pycache__\\lsmr.cpython-39.pyc', reloading
[ 2024-04-12 12:30:51,838 ] 113 werkzeug - INFO -  * Detected change in 'C:\\Users\\Public\\miniconda3\\Lib\\site-packages\\scipy\\sparse\\linalg\\_isolve\\__pycache__\\tfqmr.cpython-39.pyc', reloading
[ 2024-04-12 12:30:51,842 ] 113 werkzeug - INFO -  * Detected change in 'C:\\Users\\Public\\miniconda3\\Lib\\site-packages\\scipy\\sparse\\linalg\\_dsolve\\__pycache__\\__init__.cpython-39.pyc', reloading
[ 2024-04-12 12:30:51,848 ] 113 werkzeug - INFO -  * Detected change in 'C:\\Users\\Public\\miniconda3\\Lib\\site-packages\\scipy\\sparse\\linalg\\_dsolve\\__pycache__\\linsolve.cpython-39.pyc', reloading
[ 2024-04-12 12:30:51,865 ] 113 werkzeug - INFO -  * Detected change in 'C:\\Users\\Public\\miniconda3\\Lib\\site-packages\\scipy\\sparse\\linalg\\_dsolve\\__pycache__\\_add_newdocs.cpython-39.pyc', reloading
[ 2024-04-12 12:30:51,869 ] 113 werkzeug - INFO -  * Detected change in 'C:\\Users\\Public\\miniconda3\\Lib\\site-packages\\scipy\\sparse\\linalg\\_eigen\\__pycache__\\__init__.cpython-39.pyc', reloading
