[ 2024-04-12 12:43:23,729 ] 113 werkzeug - WARNING -  * Debugger is active!
[ 2024-04-12 12:43:23,776 ] 113 werkzeug - INFO -  * Debugger PIN: 623-489-910
[ 2024-04-12 12:43:28,469 ] 113 werkzeug - INFO -  * Running on http://0.0.0.0:5000/ (Press CTRL+C to quit)
[ 2024-04-12 12:43:34,505 ] 113 werkzeug - INFO -  * Detected change in 'C:\\Users\\Public\\miniconda3\\pkgs\\setuptools-66.0.0-py38haa95532_0\\Lib\\site-packages\\setuptools\\_vendor\\packaging\\requirements.py', reloading
[ 2024-04-12 12:43:34,520 ] 113 werkzeug - INFO -  * Detected change in 'C:\\Users\\Public\\miniconda3\\pkgs\\setuptools-66.0.0-py38haa95532_0\\Lib\\site-packages\\setuptools\\_distutils\\command\\bdist_dumb.py', reloading
[ 2024-04-12 12:43:34,536 ] 113 werkzeug - INFO -  * Detected change in 'C:\\Users\\Public\\miniconda3\\pkgs\\setuptools-66.0.0-py38haa95532_0\\Lib\\site-packages\\setuptools\\_vendor\\importlib_resources\\_adapters.py', reloading
[ 2024-04-12 12:43:34,548 ] 113 werkzeug - INFO -  * Detected change in 'C:\\Users\\Public\\miniconda3\\pkgs\\setuptools-66.0.0-py38haa95532_0\\Lib\\site-packages\\setuptools\\command\\build_clib.py', reloading
[ 2024-04-12 12:43:34,563 ] 113 werkzeug - INFO -  * Detected change in 'C:\\Users\\Public\\miniconda3\\pkgs\\setuptools-66.0.0-py38haa95532_0\\Lib\\site-packages\\setuptools\\_vendor\\packaging\\_musllinux.py', reloading
[ 2024-04-12 12:43:34,579 ] 113 werkzeug - INFO -  * Detected change in 'C:\\Users\\Public\\miniconda3\\pkgs\\setuptools-66.0.0-py38haa95532_0\\Lib\\site-packages\\setuptools\\_vendor\\packaging\\utils.py', reloading
[ 2024-04-12 12:43:34,595 ] 113 werkzeug - INFO -  * Detected change in 'C:\\Users\\Public\\miniconda3\\pkgs\\setuptools-66.0.0-py38haa95532_0\\Lib\\site-packages\\setuptools\\_vendor\\importlib_resources\\abc.py', reloading
[ 2024-04-12 12:43:34,610 ] 113 werkzeug - INFO -  * Detected change in 'C:\\Users\\Public\\miniconda3\\pkgs\\setuptools-66.0.0-py38haa95532_0\\Lib\\site-packages\\setuptools\\command\\install_lib.py', reloading
[ 2024-04-12 12:43:34,626 ] 113 werkzeug - INFO -  * Detected change in 'C:\\Users\\Public\\miniconda3\\pkgs\\setuptools-66.0.0-py38haa95532_0\\Lib\\site-packages\\setuptools\\installer.py', reloading
[ 2024-04-12 12:43:34,626 ] 113 werkzeug - INFO -  * Detected change in 'C:\\Users\\Public\\miniconda3\\pkgs\\setuptools-66.0.0-py38haa95532_0\\Lib\\site-packages\\setuptools\\_distutils\\errors.py', reloading
[ 2024-04-12 12:43:34,642 ] 113 werkzeug - INFO -  * Detected change in 'C:\\Users\\Public\\miniconda3\\pkgs\\setuptools-66.0.0-py38haa95532_0\\Lib\\site-packages\\setuptools\\_vendor\\importlib_resources\\readers.py', reloading
[ 2024-04-12 12:43:34,657 ] 113 werkzeug - INFO -  * Detected change in 'C:\\Users\\Public\\miniconda3\\pkgs\\setuptools-66.0.0-py38haa95532_0\\Lib\\site-packages\\setuptools\\_distutils\\spawn.py', reloading
[ 2024-04-12 12:43:34,673 ] 113 werkzeug - INFO -  * Detected change in 'C:\\Users\\Public\\miniconda3\\pkgs\\setuptools-66.0.0-py38haa95532_0\\Lib\\site-packages\\setuptools\\_vendor\\importlib_resources\\_legacy.py', reloading
[ 2024-04-12 12:43:34,688 ] 113 werkzeug - INFO -  * Detected change in 'C:\\Users\\Public\\miniconda3\\pkgs\\setuptools-66.0.0-py38haa95532_0\\Lib\\site-packages\\setuptools\\_distutils\\dep_util.py', reloading
[ 2024-04-12 12:43:34,704 ] 113 werkzeug - INFO -  * Detected change in 'C:\\Users\\Public\\miniconda3\\pkgs\\setuptools-66.0.0-py38haa95532_0\\Lib\\site-packages\\setuptools\\namespaces.py', reloading
[ 2024-04-12 12:43:34,704 ] 113 werkzeug - INFO -  * Detected change in 'C:\\Users\\Public\\miniconda3\\pkgs\\setuptools-66.0.0-py38haa95532_0\\Lib\\site-packages\\setuptools\\_vendor\\tomli\\_re.py', reloading
[ 2024-04-12 12:43:34,720 ] 113 werkzeug - INFO -  * Detected change in 'C:\\Users\\Public\\miniconda3\\pkgs\\setuptools-66.0.0-py38haa95532_0\\Lib\\site-packages\\setuptools\\_vendor\\importlib_metadata\\_functools.py', reloading
[ 2024-04-12 12:43:34,735 ] 113 werkzeug - INFO -  * Detected change in 'C:\\Users\\Public\\miniconda3\\pkgs\\setuptools-66.0.0-py38haa95532_0\\Lib\\site-packages\\setuptools\\_vendor\\importlib_resources\\simple.py', reloading
[ 2024-04-12 12:43:34,751 ] 113 werkzeug - INFO -  * Detected change in 'C:\\Users\\Public\\miniconda3\\pkgs\\setuptools-66.0.0-py38haa95532_0\\Lib\\site-packages\\setuptools\\_distutils\\command\\install_egg_info.py', reloading
[ 2024-04-12 12:43:34,767 ] 113 werkzeug - INFO -  * Detected change in 'C:\\Users\\Public\\miniconda3\\pkgs\\setuptools-66.0.0-py38haa95532_0\\Lib\\site-packages\\setuptools\\_distutils\\command\\install_data.py', reloading
[ 2024-04-12 12:43:34,782 ] 113 werkzeug - INFO -  * Detected change in 'C:\\Users\\Public\\miniconda3\\pkgs\\setuptools-66.0.0-py38haa95532_0\\Lib\\site-packages\\setuptools\\_vendor\\importlib_resources\\_common.py', reloading
[ 2024-04-12 12:43:34,782 ] 113 werkzeug - INFO -  * Detected change in 'C:\\Users\\Public\\miniconda3\\pkgs\\setuptools-66.0.0-py38haa95532_0\\Lib\\site-packages\\setuptools\\_vendor\\importlib_resources\\_compat.py', reloading
[ 2024-04-12 12:43:34,798 ] 113 werkzeug - INFO -  * Detected change in 'C:\\Users\\Public\\miniconda3\\pkgs\\setuptools-66.0.0-py38haa95532_0\\Lib\\site-packages\\setuptools\\command\\install_scripts.py', reloading
[ 2024-04-12 12:43:34,813 ] 113 werkzeug - INFO -  * Detected change in 'C:\\Users\\Public\\miniconda3\\pkgs\\setuptools-66.0.0-py38haa95532_0\\Lib\\site-packages\\setuptools\\_distutils\\command\\clean.py', reloading
[ 2024-04-12 12:43:34,829 ] 113 werkzeug - INFO -  * Detected change in 'C:\\Users\\Public\\miniconda3\\pkgs\\setuptools-66.0.0-py38haa95532_0\\Lib\\site-packages\\setuptools\\extern\\__init__.py', reloading
[ 2024-04-12 12:43:34,845 ] 113 werkzeug - INFO -  * Detected change in 'C:\\Users\\Public\\miniconda3\\pkgs\\setuptools-66.0.0-py38haa95532_0\\Lib\\site-packages\\setuptools\\errors.py', reloading
[ 2024-04-12 12:43:34,860 ] 113 werkzeug - INFO -  * Detected change in 'C:\\Users\\Public\\miniconda3\\pkgs\\setuptools-66.0.0-py38haa95532_0\\Lib\\site-packages\\setuptools\\_imp.py', reloading
[ 2024-04-12 12:43:34,876 ] 113 werkzeug - INFO -  * Detected change in 'C:\\Users\\Public\\miniconda3\\pkgs\\setuptools-66.0.0-py38haa95532_0\\Lib\\site-packages\\setuptools\\command\\alias.py', reloading
[ 2024-04-12 12:43:34,876 ] 113 werkzeug - INFO -  * Detected change in 'C:\\Users\\Public\\miniconda3\\pkgs\\setuptools-66.0.0-py38haa95532_0\\Lib\\site-packages\\setuptools\\_entry_points.py', reloading
[ 2024-04-12 12:43:34,892 ] 113 werkzeug - INFO -  * Detected change in 'C:\\Users\\Public\\miniconda3\\pkgs\\setuptools-66.0.0-py38haa95532_0\\Lib\\site-packages\\setuptools\\command\\install_egg_info.py', reloading
[ 2024-04-12 12:43:34,907 ] 113 werkzeug - INFO -  * Detected change in 'C:\\Users\\Public\\miniconda3\\pkgs\\setuptools-66.0.0-py38haa95532_0\\Lib\\site-packages\\setuptools\\_vendor\\importlib_metadata\\_text.py', reloading
[ 2024-04-12 12:43:34,907 ] 113 werkzeug - INFO -  * Detected change in 'C:\\Users\\Public\\miniconda3\\pkgs\\setuptools-66.0.0-py38haa95532_0\\Lib\\site-packages\\setuptools\\command\\rotate.py', reloading
[ 2024-04-12 12:43:34,938 ] 113 werkzeug - INFO -  * Detected change in 'C:\\Users\\Public\\miniconda3\\pkgs\\setuptools-66.0.0-py38haa95532_0\\Lib\\site-packages\\setuptools\\_vendor\\importlib_metadata\\_itertools.py', reloading
[ 2024-04-12 12:43:34,954 ] 113 werkzeug - INFO -  * Detected change in 'C:\\Users\\Public\\miniconda3\\pkgs\\setuptools-66.0.0-py38haa95532_0\\Lib\\site-packages\\setuptools\\_distutils\\command\\install_scripts.py', reloading
[ 2024-04-12 12:43:34,970 ] 113 werkzeug - INFO -  * Detected change in 'C:\\Users\\Public\\miniconda3\\pkgs\\setuptools-66.0.0-py38haa95532_0\\Lib\\site-packages\\setuptools\\_vendor\\importlib_metadata\\_adapters.py', reloading
[ 2024-04-12 12:43:34,985 ] 113 werkzeug - INFO -  * Detected change in 'C:\\Users\\Public\\miniconda3\\pkgs\\setuptools-66.0.0-py38haa95532_0\\Lib\\site-packages\\setuptools\\_vendor\\importlib_metadata\\_compat.py', reloading
[ 2024-04-12 12:43:35,001 ] 113 werkzeug - INFO -  * Detected change in 'C:\\Users\\Public\\miniconda3\\pkgs\\setuptools-66.0.0-py38haa95532_0\\Lib\\site-packages\\setuptools\\_distutils\\command\\_framework_compat.py', reloading
[ 2024-04-12 12:43:35,001 ] 113 werkzeug - INFO -  * Detected change in 'C:\\Users\\Public\\miniconda3\\pkgs\\setuptools-66.0.0-py38haa95532_0\\Lib\\site-packages\\setuptools\\config\\_validate_pyproject\\fastjsonschema_exceptions.py', reloading
[ 2024-04-12 12:43:35,017 ] 113 werkzeug - INFO -  * Detected change in 'C:\\Users\\Public\\miniconda3\\pkgs\\setuptools-66.0.0-py38haa95532_0\\Lib\\site-packages\\setuptools\\_vendor\\packaging\\_structures.py', reloading
[ 2024-04-12 12:43:35,032 ] 113 werkzeug - INFO -  * Detected change in 'C:\\Users\\Public\\miniconda3\\pkgs\\setuptools-66.0.0-py38haa95532_0\\Lib\\site-packages\\setuptools\\_importlib.py', reloading
[ 2024-04-12 12:43:35,032 ] 113 werkzeug - INFO -  * Detected change in 'C:\\Users\\Public\\miniconda3\\pkgs\\setuptools-66.0.0-py38haa95532_0\\Lib\\site-packages\\setuptools\\logging.py', reloading
[ 2024-04-12 12:43:35,047 ] 113 werkzeug - INFO -  * Detected change in 'C:\\Users\\Public\\miniconda3\\pkgs\\setuptools-66.0.0-py38haa95532_0\\Lib\\site-packages\\setuptools\\_distutils\\log.py', reloading
[ 2024-04-12 12:43:35,064 ] 113 werkzeug - INFO -  * Detected change in 'C:\\Users\\Public\\miniconda3\\pkgs\\setuptools-66.0.0-py38haa95532_0\\Lib\\site-packages\\setuptools\\command\\bdist_rpm.py', reloading
[ 2024-04-12 12:43:35,064 ] 113 werkzeug - INFO -  * Detected change in 'C:\\Users\\Public\\miniconda3\\pkgs\\setuptools-66.0.0-py38haa95532_0\\Lib\\site-packages\\setuptools\\_distutils\\command\\install_headers.py', reloading
