[ 2024-06-18 16:53:52,069 ] 113 werkzeug - WARNING -  * Debugger is active!
[ 2024-06-18 16:53:52,114 ] 113 werkzeug - INFO -  * Debugger PIN: 161-147-940
[ 2024-06-18 16:53:52,487 ] 113 werkzeug - INFO -  * Detected change in 'C:\\Users\\Public\\miniconda3\\Lib\\site-packages\\cv2\\mat_wrapper\\__init__.py', reloading
[ 2024-06-18 16:53:52,502 ] 113 werkzeug - INFO -  * Detected change in 'C:\\Users\\Public\\miniconda3\\Lib\\site-packages\\databricks_cli\\__init__.py', reloading
[ 2024-06-18 16:53:52,502 ] 113 werkzeug - INFO -  * Detected change in 'C:\\Users\\Public\\miniconda3\\Lib\\site-packages\\dataclasses_json\\__init__.py', reloading
[ 2024-06-18 16:53:52,515 ] 113 werkzeug - INFO -  * Detected change in 'C:\\Users\\Public\\miniconda3\\Lib\\site-packages\\dataclasses_json\\api.py', reloading
[ 2024-06-18 16:53:52,523 ] 113 werkzeug - INFO -  * Detected change in 'C:\\Users\\Public\\miniconda3\\Lib\\site-packages\\dataclasses_json\\cfg.py', reloading
[ 2024-06-18 16:53:52,532 ] 113 werkzeug - INFO -  * Detected change in 'C:\\Users\\Public\\miniconda3\\Lib\\site-packages\\dataclasses_json\\undefined.py', reloading
[ 2024-06-18 16:53:52,537 ] 113 werkzeug - INFO -  * Detected change in 'C:\\Users\\Public\\miniconda3\\Lib\\site-packages\\DateTime\\__init__.py', reloading
[ 2024-06-18 16:53:52,541 ] 113 werkzeug - INFO -  * Detected change in 'C:\\Users\\Public\\miniconda3\\Lib\\site-packages\\DateTime\\DateTime.py', reloading
[ 2024-06-18 16:53:52,566 ] 113 werkzeug - INFO -  * Detected change in 'C:\\Users\\Public\\miniconda3\\Lib\\site-packages\\debugpy\\__init__.py', reloading
[ 2024-06-18 16:53:52,574 ] 113 werkzeug - INFO -  * Detected change in 'C:\\Users\\Public\\miniconda3\\Lib\\site-packages\\debugpy\\public_api.py', reloading
[ 2024-06-18 16:53:52,589 ] 113 werkzeug - INFO -  * Detected change in 'C:\\Users\\Public\\miniconda3\\Lib\\site-packages\\dictdiffer\\__init__.py', reloading
[ 2024-06-18 16:53:52,596 ] 113 werkzeug - INFO -  * Detected change in 'C:\\Users\\Public\\miniconda3\\Lib\\site-packages\\dictdiffer\\utils.py', reloading
[ 2024-06-18 16:53:52,599 ] 113 werkzeug - INFO -  * Detected change in 'C:\\Users\\Public\\miniconda3\\Lib\\site-packages\\dictdiffer\\version.py', reloading
[ 2024-06-18 16:53:52,601 ] 113 werkzeug - INFO -  * Detected change in 'C:\\Users\\Public\\miniconda3\\Lib\\site-packages\\diskcache\\__init__.py', reloading
[ 2024-06-18 16:53:52,608 ] 113 werkzeug - INFO -  * Detected change in 'C:\\Users\\Public\\miniconda3\\Lib\\site-packages\\diskcache\\core.py', reloading
[ 2024-06-18 16:53:52,620 ] 113 werkzeug - INFO -  * Detected change in 'C:\\Users\\Public\\miniconda3\\Lib\\site-packages\\diskcache\\fanout.py', reloading
[ 2024-06-18 16:53:52,627 ] 113 werkzeug - INFO -  * Detected change in 'C:\\Users\\Public\\miniconda3\\Lib\\site-packages\\diskcache\\persistent.py', reloading
[ 2024-06-18 16:53:52,635 ] 113 werkzeug - INFO -  * Detected change in 'C:\\Users\\Public\\miniconda3\\Lib\\site-packages\\diskcache\\recipes.py', reloading
[ 2024-06-18 16:53:52,639 ] 113 werkzeug - INFO -  * Detected change in 'C:\\Users\\Public\\miniconda3\\Lib\\site-packages\\diskcache\\djangocache.py', reloading
[ 2024-06-18 16:53:52,649 ] 113 werkzeug - INFO -  * Detected change in 'C:\\Users\\Public\\miniconda3\\Lib\\site-packages\\distro\\__init__.py', reloading
[ 2024-06-18 16:53:52,653 ] 113 werkzeug - INFO -  * Detected change in 'C:\\Users\\Public\\miniconda3\\Lib\\site-packages\\distro\\distro.py', reloading
[ 2024-06-18 16:53:52,664 ] 113 werkzeug - INFO -  * Detected change in 'C:\\Users\\Public\\miniconda3\\Lib\\site-packages\\dns\\__init__.py', reloading
[ 2024-06-18 16:53:52,669 ] 113 werkzeug - INFO -  * Detected change in 'C:\\Users\\Public\\miniconda3\\Lib\\site-packages\\docx2txt\\__init__.py', reloading
[ 2024-06-18 16:53:52,670 ] 113 werkzeug - INFO -  * Detected change in 'C:\\Users\\Public\\miniconda3\\Lib\\site-packages\\dotenv\\__init__.py', reloading
[ 2024-06-18 16:53:52,675 ] 113 werkzeug - INFO -  * Detected change in 'C:\\Users\\Public\\miniconda3\\Lib\\site-packages\\dotenv\\main.py', reloading
[ 2024-06-18 16:53:52,681 ] 113 werkzeug - INFO -  * Detected change in 'C:\\Users\\Public\\miniconda3\\Lib\\site-packages\\dpath\\__init__.py', reloading
[ 2024-06-18 16:53:52,690 ] 113 werkzeug - INFO -  * Detected change in 'C:\\Users\\Public\\miniconda3\\Lib\\site-packages\\dpath\\types.py', reloading
[ 2024-06-18 16:53:52,693 ] 113 werkzeug - INFO -  * Detected change in 'C:\\Users\\Public\\miniconda3\\Lib\\site-packages\\dulwich\\__init__.py', reloading
[ 2024-06-18 16:53:52,696 ] 113 werkzeug - INFO -  * Detected change in 'C:\\Users\\Public\\miniconda3\\Lib\\site-packages\\dvc\\__init__.py', reloading
[ 2024-06-18 16:53:52,699 ] 113 werkzeug - INFO -  * Detected change in 'C:\\Users\\Public\\miniconda3\\Lib\\site-packages\\dvc_http\\__init__.py', reloading
[ 2024-06-18 16:53:52,702 ] 113 werkzeug - INFO -  * Detected change in 'C:\\Users\\Public\\miniconda3\\Lib\\site-packages\\dvc_render\\__init__.py', reloading
[ 2024-06-18 16:53:52,703 ] 113 werkzeug - INFO -  * Detected change in 'C:\\Users\\Public\\miniconda3\\Lib\\site-packages\\dvc_studio_client\\__init__.py', reloading
[ 2024-06-18 16:53:52,704 ] 113 werkzeug - INFO -  * Detected change in 'C:\\Users\\Public\\miniconda3\\Lib\\site-packages\\dvc_task\\__init__.py', reloading
[ 2024-06-18 16:53:52,707 ] 113 werkzeug - INFO -  * Detected change in 'C:\\Users\\Public\\miniconda3\\Lib\\site-packages\\ensure\\__init__.py', reloading
[ 2024-06-18 16:53:52,708 ] 113 werkzeug - INFO -  * Detected change in 'C:\\Users\\Public\\miniconda3\\Lib\\site-packages\\et_xmlfile\\__init__.py', reloading
[ 2024-06-18 16:53:52,709 ] 113 werkzeug - INFO -  * Detected change in 'C:\\Users\\Public\\miniconda3\\Lib\\site-packages\\exceptiongroup\\__init__.py', reloading
[ 2024-06-18 16:53:52,715 ] 113 werkzeug - INFO -  * Detected change in 'C:\\Users\\Public\\miniconda3\\Lib\\site-packages\\exceptiongroup\\_catch.py', reloading
[ 2024-06-18 16:53:52,718 ] 113 werkzeug - INFO -  * Detected change in 'C:\\Users\\Public\\miniconda3\\Lib\\site-packages\\exceptiongroup\\_exceptions.py', reloading
[ 2024-06-18 16:53:52,723 ] 113 werkzeug - INFO -  * Detected change in 'C:\\Users\\Public\\miniconda3\\Lib\\site-packages\\exceptiongroup\\_formatting.py', reloading
[ 2024-06-18 16:53:52,730 ] 113 werkzeug - INFO -  * Detected change in 'C:\\Users\\Public\\miniconda3\\Lib\\site-packages\\executing\\__init__.py', reloading
[ 2024-06-18 16:53:52,742 ] 113 werkzeug - INFO -  * Detected change in 'C:\\Users\\Public\\miniconda3\\Lib\\site-packages\\executing\\executing.py', reloading
[ 2024-06-18 16:53:52,771 ] 113 werkzeug - INFO -  * Detected change in 'C:\\Users\\Public\\miniconda3\\Lib\\site-packages\\fastapi\\applications.py', reloading
[ 2024-06-18 16:53:52,809 ] 113 werkzeug - INFO -  * Detected change in 'C:\\Users\\Public\\miniconda3\\Lib\\site-packages\\fastapi\\background.py', reloading
[ 2024-06-18 16:53:52,815 ] 113 werkzeug - INFO -  * Detected change in 'C:\\Users\\Public\\miniconda3\\Lib\\site-packages\\fastapi\\concurrency.py', reloading
[ 2024-06-18 16:53:52,827 ] 113 werkzeug - INFO -  * Detected change in 'C:\\Users\\Public\\miniconda3\\Lib\\site-packages\\starlette\\concurrency.py', reloading
[ 2024-06-18 16:53:52,833 ] 113 werkzeug - INFO -  * Detected change in 'C:\\Users\\Public\\miniconda3\\Lib\\site-packages\\fastapi\\datastructures.py', reloading
[ 2024-06-18 16:53:52,838 ] 113 werkzeug - INFO -  * Detected change in 'C:\\Users\\Public\\miniconda3\\Lib\\site-packages\\starlette\\datastructures.py', reloading
[ 2024-06-18 16:53:52,849 ] 113 werkzeug - INFO -  * Detected change in 'C:\\Users\\Public\\miniconda3\\Lib\\site-packages\\fastapi\\encoders.py', reloading
[ 2024-06-18 16:53:52,865 ] 113 werkzeug - INFO -  * Detected change in 'C:\\Users\\Public\\miniconda3\\Lib\\site-packages\\fastapi\\exceptions.py', reloading
[ 2024-06-18 16:53:52,868 ] 113 werkzeug - INFO -  * Detected change in 'C:\\Users\\Public\\miniconda3\\Lib\\site-packages\\fastapi\\exception_handlers.py', reloading
[ 2024-06-18 16:53:52,873 ] 113 werkzeug - INFO -  * Detected change in 'C:\\Users\\Public\\miniconda3\\Lib\\site-packages\\fastapi\\logger.py', reloading
[ 2024-06-18 16:53:52,875 ] 113 werkzeug - INFO -  * Detected change in 'C:\\Users\\Public\\miniconda3\\Lib\\site-packages\\fastapi\\middleware\\__init__.py', reloading
[ 2024-06-18 16:53:52,878 ] 113 werkzeug - INFO -  * Detected change in 'C:\\Users\\Public\\miniconda3\\Lib\\site-packages\\starlette\\middleware\\__init__.py', reloading
[ 2024-06-18 16:53:52,883 ] 113 werkzeug - INFO -  * Detected change in 'C:\\Users\\Public\\miniconda3\\Lib\\site-packages\\fastapi\\params.py', reloading
[ 2024-06-18 16:53:52,893 ] 113 werkzeug - INFO -  * Detected change in 'C:\\Users\\Public\\miniconda3\\Lib\\site-packages\\fastapi\\param_functions.py', reloading
[ 2024-06-18 16:53:52,922 ] 113 werkzeug - INFO -  * Detected change in 'C:\\Users\\Public\\miniconda3\\Lib\\site-packages\\fastapi\\requests.py', reloading
[ 2024-06-18 16:53:52,925 ] 113 werkzeug - INFO -  * Detected change in 'C:\\Users\\Public\\miniconda3\\Lib\\site-packages\\starlette\\requests.py', reloading
[ 2024-06-18 16:53:52,936 ] 113 werkzeug - INFO -  * Detected change in 'C:\\Users\\Public\\miniconda3\\Lib\\site-packages\\fastapi\\responses.py', reloading
[ 2024-06-18 16:53:52,947 ] 113 werkzeug - INFO -  * Detected change in 'C:\\Users\\Public\\miniconda3\\Lib\\site-packages\\starlette\\responses.py', reloading
[ 2024-06-18 16:53:52,954 ] 113 werkzeug - INFO -  * Detected change in 'C:\\Users\\Public\\miniconda3\\Lib\\site-packages\\fastapi\\routing.py', reloading
[ 2024-06-18 16:53:52,994 ] 113 werkzeug - INFO -  * Detected change in 'C:\\Users\\Public\\miniconda3\\Lib\\site-packages\\starlette\\routing.py', reloading
[ 2024-06-18 16:53:53,008 ] 113 werkzeug - INFO -  * Detected change in 'C:\\Users\\Public\\miniconda3\\Lib\\site-packages\\fastapi\\security\\__init__.py', reloading
[ 2024-06-18 16:53:53,013 ] 113 werkzeug - INFO -  * Detected change in 'C:\\Users\\Public\\miniconda3\\Lib\\site-packages\\fastapi\\security\\api_key.py', reloading
[ 2024-06-18 16:53:53,019 ] 113 werkzeug - INFO -  * Detected change in 'C:\\Users\\Public\\miniconda3\\Lib\\site-packages\\fastapi\\security\\http.py', reloading
[ 2024-06-18 16:53:53,024 ] 113 werkzeug - INFO -  * Detected change in 'C:\\Users\\Public\\miniconda3\\Lib\\site-packages\\fastapi\\security\\oauth2.py', reloading
[ 2024-06-18 16:53:53,031 ] 113 werkzeug - INFO -  * Detected change in 'C:\\Users\\Public\\miniconda3\\Lib\\site-packages\\fastapi\\security\\open_id_connect_url.py', reloading
[ 2024-06-18 16:53:53,033 ] 113 werkzeug - INFO -  * Detected change in 'C:\\Users\\Public\\miniconda3\\Lib\\site-packages\\fastapi\\staticfiles.py', reloading
[ 2024-06-18 16:53:53,037 ] 113 werkzeug - INFO -  * Detected change in 'C:\\Users\\Public\\miniconda3\\Lib\\site-packages\\starlette\\staticfiles.py', reloading
[ 2024-06-18 16:53:53,041 ] 113 werkzeug - INFO -  * Detected change in 'C:\\Users\\Public\\miniconda3\\Lib\\site-packages\\fastapi\\templating.py', reloading
[ 2024-06-18 16:53:53,045 ] 113 werkzeug - INFO -  * Detected change in 'C:\\Users\\Public\\miniconda3\\Lib\\site-packages\\starlette\\templating.py', reloading
[ 2024-06-18 16:53:53,054 ] 113 werkzeug - INFO -  * Detected change in 'C:\\Users\\Public\\miniconda3\\Lib\\site-packages\\fastapi\\testclient.py', reloading
[ 2024-06-18 16:53:53,059 ] 113 werkzeug - INFO -  * Detected change in 'C:\\Users\\Public\\miniconda3\\Lib\\site-packages\\starlette\\testclient.py', reloading
[ 2024-06-18 16:53:53,075 ] 113 werkzeug - INFO -  * Detected change in 'C:\\Users\\Public\\miniconda3\\Lib\\site-packages\\fastapi\\types.py', reloading
[ 2024-06-18 16:53:53,080 ] 113 werkzeug - INFO -  * Detected change in 'C:\\Users\\Public\\miniconda3\\Lib\\site-packages\\fastapi\\utils.py', reloading
[ 2024-06-18 16:53:53,088 ] 113 werkzeug - INFO -  * Detected change in 'C:\\Users\\Public\\miniconda3\\Lib\\site-packages\\fastapi\\websockets.py', reloading
[ 2024-06-18 16:53:53,091 ] 113 werkzeug - INFO -  * Detected change in 'C:\\Users\\Public\\miniconda3\\Lib\\site-packages\\starlette\\websockets.py', reloading
[ 2024-06-18 16:53:53,094 ] 113 werkzeug - INFO -  * Detected change in 'C:\\Users\\Public\\miniconda3\\Lib\\site-packages\\fastapi\\__init__.py', reloading
[ 2024-06-18 16:53:53,097 ] 113 werkzeug - INFO -  * Detected change in 'C:\\Users\\Public\\miniconda3\\Lib\\site-packages\\starlette\\__init__.py', reloading
[ 2024-06-18 16:53:53,099 ] 113 werkzeug - INFO -  * Detected change in 'C:\\Users\\Public\\miniconda3\\Lib\\site-packages\\fastjsonschema\\__init__.py', reloading
[ 2024-06-18 16:53:53,105 ] 113 werkzeug - INFO -  * Detected change in 'C:\\Users\\Public\\miniconda3\\Lib\\site-packages\\fastjsonschema\\exceptions.py', reloading
[ 2024-06-18 16:53:53,107 ] 113 werkzeug - INFO -  * Detected change in 'C:\\Users\\Public\\miniconda3\\Lib\\site-packages\\fastjsonschema\\version.py', reloading
[ 2024-06-18 16:53:53,108 ] 113 werkzeug - INFO -  * Detected change in 'C:\\Users\\Public\\miniconda3\\Lib\\site-packages\\filelock\\__init__.py', reloading
[ 2024-06-18 16:53:53,117 ] 113 werkzeug - INFO -  * Detected change in 'C:\\Users\\Public\\miniconda3\\Lib\\site-packages\\filelock\\_api.py', reloading
[ 2024-06-18 16:53:53,122 ] 113 werkzeug - INFO -  * Detected change in 'C:\\Users\\Public\\miniconda3\\Lib\\site-packages\\filelock\\_error.py', reloading
[ 2024-06-18 16:53:53,125 ] 113 werkzeug - INFO -  * Detected change in 'C:\\Users\\Public\\miniconda3\\Lib\\site-packages\\filelock\\_soft.py', reloading
[ 2024-06-18 16:53:53,128 ] 113 werkzeug - INFO -  * Detected change in 'C:\\Users\\Public\\miniconda3\\Lib\\site-packages\\filelock\\_unix.py', reloading
[ 2024-06-18 16:53:53,133 ] 113 werkzeug - INFO -  * Detected change in 'C:\\Users\\Public\\miniconda3\\Lib\\site-packages\\filelock\\_windows.py', reloading
[ 2024-06-18 16:53:53,140 ] 113 werkzeug - INFO -  * Detected change in 'C:\\Users\\Public\\miniconda3\\Lib\\site-packages\\flask\\blueprints.py', reloading
[ 2024-06-18 16:53:53,143 ] 113 werkzeug - INFO -  * Detected change in 'C:\\Users\\Public\\miniconda3\\Lib\\site-packages\\flask\\ctx.py', reloading
[ 2024-06-18 16:53:53,161 ] 113 werkzeug - INFO -  * Detected change in 'C:\\Users\\Public\\miniconda3\\Lib\\site-packages\\flask\\logging.py', reloading
[ 2024-06-18 16:53:53,166 ] 113 werkzeug - INFO -  * Detected change in 'C:\\Users\\Public\\miniconda3\\Lib\\site-packages\\flask\\testing.py', reloading
[ 2024-06-18 16:53:53,168 ] 113 werkzeug - INFO -  * Detected change in 'C:\\Users\\Public\\miniconda3\\Lib\\site-packages\\flask\\views.py', reloading
[ 2024-06-18 16:53:53,169 ] 113 werkzeug - INFO -  * Detected change in 'C:\\Users\\Public\\miniconda3\\Lib\\site-packages\\flask\\wrappers.py', reloading
[ 2024-06-18 16:53:53,171 ] 113 werkzeug - INFO -  * Detected change in 'C:\\Users\\Public\\miniconda3\\Lib\\site-packages\\flask\\__main__.py', reloading
[ 2024-06-18 16:53:53,173 ] 113 werkzeug - INFO -  * Detected change in 'C:\\Users\\Public\\miniconda3\\Lib\\site-packages\\flatbuffers\\__init__.py', reloading
[ 2024-06-18 16:53:53,177 ] 113 werkzeug - INFO -  * Detected change in 'C:\\Users\\Public\\miniconda3\\Lib\\site-packages\\flatten_dict\\__init__.py', reloading
