[ 2024-04-12 12:43:46,778 ] 113 werkzeug - WARNING -  * Debugger is active!
[ 2024-04-12 12:43:46,824 ] 113 werkzeug - INFO -  * Debugger PIN: 623-489-910
[ 2024-04-12 12:43:52,843 ] 113 werkzeug - INFO -  * Running on http://0.0.0.0:5000/ (Press CTRL+C to quit)
[ 2024-04-12 12:43:54,500 ] 113 werkzeug - INFO -  * Detected change in 'C:\\Users\\Public\\miniconda3\\pkgs\\setuptools-66.0.0-py38haa95532_0\\Lib\\site-packages\\setuptools\\__pycache__\\errors.cpython-38.pyc', reloading
[ 2024-04-12 12:43:54,500 ] 113 werkzeug - INFO -  * Detected change in 'C:\\Users\\Public\\miniconda3\\pkgs\\setuptools-66.0.0-py38haa95532_0\\Lib\\site-packages\\setuptools\\command\\__pycache__\\build_clib.cpython-38.pyc', reloading
[ 2024-04-12 12:43:54,531 ] 113 werkzeug - INFO -  * Detected change in 'C:\\Users\\Public\\miniconda3\\pkgs\\setuptools-66.0.0-py38haa95532_0\\Lib\\site-packages\\setuptools\\config\\_validate_pyproject\\__pycache__\\fastjsonschema_exceptions.cpython-38.pyc', reloading
[ 2024-04-12 12:43:54,547 ] 113 werkzeug - INFO -  * Detected change in 'C:\\Users\\Public\\miniconda3\\pkgs\\setuptools-66.0.0-py38haa95532_0\\Lib\\site-packages\\setuptools\\command\\__pycache__\\install_egg_info.cpython-38.pyc', reloading
[ 2024-04-12 12:43:54,547 ] 113 werkzeug - INFO -  * Detected change in 'C:\\Users\\Public\\miniconda3\\pkgs\\setuptools-66.0.0-py38haa95532_0\\Lib\\site-packages\\setuptools\\command\\__pycache__\\install_scripts.cpython-38.pyc', reloading
[ 2024-04-12 12:43:54,562 ] 113 werkzeug - INFO -  * Detected change in 'C:\\Users\\Public\\miniconda3\\pkgs\\setuptools-66.0.0-py38haa95532_0\\Lib\\site-packages\\setuptools\\_vendor\\importlib_metadata\\__pycache__\\_adapters.cpython-38.pyc', reloading
[ 2024-04-12 12:43:54,578 ] 113 werkzeug - INFO -  * Detected change in 'C:\\Users\\Public\\miniconda3\\pkgs\\setuptools-66.0.0-py38haa95532_0\\Lib\\site-packages\\setuptools\\_vendor\\importlib_metadata\\__pycache__\\_meta.cpython-38.pyc', reloading
[ 2024-04-12 12:43:54,578 ] 113 werkzeug - INFO -  * Detected change in 'C:\\Users\\Public\\miniconda3\\pkgs\\setuptools-66.0.0-py38haa95532_0\\Lib\\site-packages\\setuptools\\command\\__pycache__\\alias.cpython-38.pyc', reloading
[ 2024-04-12 12:43:54,594 ] 113 werkzeug - INFO -  * Detected change in 'C:\\Users\\Public\\miniconda3\\pkgs\\setuptools-66.0.0-py38haa95532_0\\Lib\\site-packages\\setuptools\\_distutils\\command\\__pycache__\\install_data.cpython-38.pyc', reloading
[ 2024-04-12 12:43:54,609 ] 113 werkzeug - INFO -  * Detected change in 'C:\\Users\\Public\\miniconda3\\pkgs\\setuptools-66.0.0-py38haa95532_0\\Lib\\site-packages\\setuptools\\_distutils\\command\\__pycache__\\install_scripts.cpython-38.pyc', reloading
[ 2024-04-12 12:43:54,625 ] 113 werkzeug - INFO -  * Detected change in 'C:\\Users\\Public\\miniconda3\\pkgs\\setuptools-66.0.0-py38haa95532_0\\Lib\\site-packages\\setuptools\\_distutils\\command\\__pycache__\\clean.cpython-38.pyc', reloading
[ 2024-04-12 12:43:54,641 ] 113 werkzeug - INFO -  * Detected change in 'C:\\Users\\Public\\miniconda3\\pkgs\\setuptools-66.0.0-py38haa95532_0\\Lib\\site-packages\\setuptools\\__pycache__\\_imp.cpython-38.pyc', reloading
[ 2024-04-12 12:43:54,656 ] 113 werkzeug - INFO -  * Detected change in 'C:\\Users\\Public\\miniconda3\\pkgs\\setuptools-66.0.0-py38haa95532_0\\Lib\\site-packages\\setuptools\\_vendor\\importlib_metadata\\__pycache__\\_compat.cpython-38.pyc', reloading
[ 2024-04-12 12:43:54,656 ] 113 werkzeug - INFO -  * Detected change in 'C:\\Users\\Public\\miniconda3\\pkgs\\setuptools-66.0.0-py38haa95532_0\\Lib\\site-packages\\setuptools\\_vendor\\importlib_metadata\\__pycache__\\_itertools.cpython-38.pyc', reloading
[ 2024-04-12 12:43:54,672 ] 113 werkzeug - INFO -  * Detected change in 'C:\\Users\\Public\\miniconda3\\pkgs\\setuptools-66.0.0-py38haa95532_0\\Lib\\site-packages\\setuptools\\_distutils\\command\\__pycache__\\_framework_compat.cpython-38.pyc', reloading
[ 2024-04-12 12:43:54,687 ] 113 werkzeug - INFO -  * Detected change in 'C:\\Users\\Public\\miniconda3\\pkgs\\setuptools-66.0.0-py38haa95532_0\\Lib\\site-packages\\setuptools\\_distutils\\command\\__pycache__\\install_headers.cpython-38.pyc', reloading
[ 2024-04-12 12:43:54,703 ] 113 werkzeug - INFO -  * Detected change in 'C:\\Users\\Public\\miniconda3\\pkgs\\setuptools-66.0.0-py38haa95532_0\\Lib\\site-packages\\setuptools\\_distutils\\__pycache__\\log.cpython-38.pyc', reloading
[ 2024-04-12 12:43:54,703 ] 113 werkzeug - INFO -  * Detected change in 'C:\\Users\\Public\\miniconda3\\pkgs\\setuptools-66.0.0-py38haa95532_0\\Lib\\site-packages\\setuptools\\command\\__pycache__\\bdist_rpm.cpython-38.pyc', reloading
[ 2024-04-12 12:43:54,719 ] 113 werkzeug - INFO -  * Detected change in 'C:\\Users\\Public\\miniconda3\\pkgs\\setuptools-66.0.0-py38haa95532_0\\Lib\\site-packages\\setuptools\\_vendor\\importlib_metadata\\__pycache__\\_collections.cpython-38.pyc', reloading
[ 2024-04-12 12:43:54,734 ] 113 werkzeug - INFO -  * Detected change in 'C:\\Users\\Public\\miniconda3\\pkgs\\setuptools-66.0.0-py38haa95532_0\\Lib\\site-packages\\setuptools\\config\\_validate_pyproject\\__pycache__\\__init__.cpython-38.pyc', reloading
[ 2024-04-12 12:43:54,750 ] 113 werkzeug - INFO -  * Detected change in 'C:\\Users\\Public\\miniconda3\\pkgs\\setuptools-66.0.0-py38haa95532_0\\Lib\\site-packages\\setuptools\\config\\__pycache__\\__init__.cpython-38.pyc', reloading
[ 2024-04-12 12:43:54,766 ] 113 werkzeug - INFO -  * Detected change in 'C:\\Users\\Public\\miniconda3\\pkgs\\setuptools-66.0.0-py38haa95532_0\\Lib\\site-packages\\setuptools\\config\\_validate_pyproject\\__pycache__\\extra_validations.cpython-38.pyc', reloading
[ 2024-04-12 12:43:54,766 ] 113 werkzeug - INFO -  * Detected change in 'C:\\Users\\Public\\miniconda3\\pkgs\\setuptools-66.0.0-py38haa95532_0\\Lib\\site-packages\\setuptools\\__pycache__\\_importlib.cpython-38.pyc', reloading
[ 2024-04-12 12:43:54,781 ] 113 werkzeug - INFO -  * Detected change in 'C:\\Users\\Public\\miniconda3\\pkgs\\setuptools-66.0.0-py38haa95532_0\\Lib\\site-packages\\setuptools\\__pycache__\\logging.cpython-38.pyc', reloading
[ 2024-04-12 12:43:54,797 ] 113 werkzeug - INFO -  * Detected change in 'C:\\Users\\Public\\miniconda3\\pkgs\\setuptools-66.0.0-py38haa95532_0\\Lib\\site-packages\\setuptools\\__pycache__\\unicode_utils.cpython-38.pyc', reloading
[ 2024-04-12 12:43:54,797 ] 113 werkzeug - INFO -  * Detected change in 'C:\\Users\\Public\\miniconda3\\pkgs\\setuptools-66.0.0-py38haa95532_0\\Lib\\site-packages\\setuptools\\__pycache__\\_path.cpython-38.pyc', reloading
[ 2024-04-12 12:43:54,812 ] 113 werkzeug - INFO -  * Detected change in 'C:\\Users\\Public\\miniconda3\\pkgs\\setuptools-66.0.0-py38haa95532_0\\Lib\\site-packages\\setuptools\\_distutils\\command\\__pycache__\\py37compat.cpython-38.pyc', reloading
[ 2024-04-12 12:43:54,828 ] 113 werkzeug - INFO -  * Detected change in 'C:\\Users\\Public\\miniconda3\\pkgs\\setuptools-66.0.0-py38haa95532_0\\Lib\\site-packages\\setuptools\\command\\__pycache__\\saveopts.cpython-38.pyc', reloading
[ 2024-04-12 12:43:54,844 ] 113 werkzeug - INFO -  * Detected change in 'C:\\Users\\Public\\miniconda3\\pkgs\\setuptools-66.0.0-py38haa95532_0\\Lib\\site-packages\\setuptools\\__pycache__\\_itertools.cpython-38.pyc', reloading
[ 2024-04-12 12:43:54,859 ] 113 werkzeug - INFO -  * Detected change in 'C:\\Users\\Public\\miniconda3\\pkgs\\setuptools-66.0.0-py38haa95532_0\\Lib\\site-packages\\setuptools\\__pycache__\\launch.cpython-38.pyc', reloading
[ 2024-04-12 12:43:54,859 ] 113 werkzeug - INFO -  * Detected change in 'C:\\Users\\Public\\miniconda3\\pkgs\\setuptools-66.0.0-py38haa95532_0\\Lib\\site-packages\\setuptools\\_vendor\\importlib_resources\\__pycache__\\_itertools.cpython-38.pyc', reloading
[ 2024-04-12 12:43:54,875 ] 113 werkzeug - INFO -  * Detected change in 'C:\\Users\\Public\\miniconda3\\pkgs\\setuptools-66.0.0-py38haa95532_0\\Lib\\site-packages\\setuptools\\__pycache__\\dep_util.cpython-38.pyc', reloading
[ 2024-04-12 12:43:54,891 ] 113 werkzeug - INFO -  * Detected change in 'C:\\Users\\Public\\miniconda3\\pkgs\\setuptools-66.0.0-py38haa95532_0\\Lib\\site-packages\\setuptools\\command\\__pycache__\\register.cpython-38.pyc', reloading
[ 2024-04-12 12:43:54,906 ] 113 werkzeug - INFO -  * Detected change in 'C:\\Users\\Public\\miniconda3\\pkgs\\setuptools-66.0.0-py38haa95532_0\\Lib\\site-packages\\setuptools\\__pycache__\\_reqs.cpython-38.pyc', reloading
[ 2024-04-12 12:43:54,906 ] 113 werkzeug - INFO -  * Detected change in 'C:\\Users\\Public\\miniconda3\\pkgs\\setuptools-66.0.0-py38haa95532_0\\Lib\\site-packages\\setuptools\\command\\__pycache__\\upload.cpython-38.pyc', reloading
[ 2024-04-12 12:43:54,922 ] 113 werkzeug - INFO -  * Detected change in 'C:\\Users\\Public\\miniconda3\\pkgs\\setuptools-66.0.0-py38haa95532_0\\Lib\\site-packages\\setuptools\\_distutils\\__pycache__\\py39compat.cpython-38.pyc', reloading
[ 2024-04-12 12:43:54,937 ] 113 werkzeug - INFO -  * Detected change in 'C:\\Users\\Public\\miniconda3\\pkgs\\setuptools-66.0.0-py38haa95532_0\\Lib\\site-packages\\setuptools\\_vendor\\importlib_resources\\__pycache__\\__init__.cpython-38.pyc', reloading
[ 2024-04-12 12:43:54,953 ] 113 werkzeug - INFO -  * Detected change in 'C:\\Users\\Public\\miniconda3\\pkgs\\setuptools-66.0.0-py38haa95532_0\\Lib\\site-packages\\setuptools\\_distutils\\__pycache__\\_functools.cpython-38.pyc', reloading
[ 2024-04-12 12:43:54,969 ] 113 werkzeug - INFO -  * Detected change in 'C:\\Users\\Public\\miniconda3\\pkgs\\setuptools-66.0.0-py38haa95532_0\\Lib\\site-packages\\setuptools\\_vendor\\packaging\\__pycache__\\__about__.cpython-38.pyc', reloading
[ 2024-04-12 12:43:54,984 ] 113 werkzeug - INFO -  * Detected change in 'C:\\Users\\Public\\miniconda3\\pkgs\\setuptools-66.0.0-py38haa95532_0\\Lib\\site-packages\\setuptools\\_distutils\\command\\__pycache__\\__init__.cpython-38.pyc', reloading
[ 2024-04-12 12:43:55,000 ] 113 werkzeug - INFO -  * Detected change in 'C:\\Users\\Public\\miniconda3\\pkgs\\setuptools-66.0.0-py38haa95532_0\\Lib\\site-packages\\setuptools\\__pycache__\\_deprecation_warning.cpython-38.pyc', reloading
[ 2024-04-12 12:43:55,016 ] 113 werkzeug - INFO -  * Detected change in 'C:\\Users\\Public\\miniconda3\\pkgs\\setuptools-66.0.0-py38haa95532_0\\Lib\\site-packages\\setuptools\\__pycache__\\py34compat.cpython-38.pyc', reloading
[ 2024-04-12 12:43:55,016 ] 113 werkzeug - INFO -  * Detected change in 'C:\\Users\\Public\\miniconda3\\pkgs\\setuptools-66.0.0-py38haa95532_0\\Lib\\site-packages\\setuptools\\_vendor\\packaging\\__pycache__\\__init__.cpython-38.pyc', reloading
[ 2024-04-12 12:43:55,031 ] 113 werkzeug - INFO -  * Detected change in 'C:\\Users\\Public\\miniconda3\\pkgs\\setuptools-66.0.0-py38haa95532_0\\Lib\\site-packages\\setuptools\\_distutils\\__pycache__\\_macos_compat.cpython-38.pyc', reloading
[ 2024-04-12 12:43:55,047 ] 113 werkzeug - INFO -  * Detected change in 'C:\\Users\\Public\\miniconda3\\pkgs\\setuptools-66.0.0-py38haa95532_0\\Lib\\site-packages\\setuptools\\_distutils\\__pycache__\\py38compat.cpython-38.pyc', reloading
[ 2024-04-12 12:43:55,062 ] 113 werkzeug - INFO -  * Detected change in 'C:\\Users\\Public\\miniconda3\\pkgs\\setuptools-66.0.0-py38haa95532_0\\Lib\\site-packages\\setuptools\\command\\__pycache__\\__init__.cpython-38.pyc', reloading
[ 2024-04-12 12:43:55,066 ] 113 werkzeug - INFO -  * Detected change in 'C:\\Users\\Public\\miniconda3\\pkgs\\setuptools-66.0.0-py38haa95532_0\\Lib\\site-packages\\setuptools\\_distutils\\__pycache__\\__init__.cpython-38.pyc', reloading
