[ 2024-04-12 12:40:41,281 ] 113 werkzeug - WARNING -  * Debugger is active!
[ 2024-04-12 12:40:41,297 ] 113 werkzeug - INFO -  * Debugger PIN: 623-489-910
[ 2024-04-12 12:40:42,304 ] 113 werkzeug - INFO -  * Running on http://0.0.0.0:5000/ (Press CTRL+C to quit)
[ 2024-04-12 12:42:58,084 ] 113 werkzeug - INFO -  * Detected change in 'C:\\Users\\Public\\miniconda3\\pkgs\\setuptools-66.0.0-py38haa95532_0\\Lib\\site-packages\\pkg_resources\\__init__.py', reloading
[ 2024-04-12 12:42:58,351 ] 113 werkzeug - INFO -  * Detected change in 'C:\\Users\\Public\\miniconda3\\pkgs\\setuptools-66.0.0-py38haa95532_0\\Lib\\site-packages\\pkg_resources\\_vendor\\pyparsing\\core.py', reloading
[ 2024-04-12 12:42:58,383 ] 113 werkzeug - INFO -  * Detected change in 'C:\\Users\\Public\\miniconda3\\pkgs\\setuptools-66.0.0-py38haa95532_0\\Lib\\site-packages\\pkg_resources\\_vendor\\more_itertools\\more.py', reloading
[ 2024-04-12 12:42:58,398 ] 113 werkzeug - INFO -  * Detected change in 'C:\\Users\\Public\\miniconda3\\pkgs\\setuptools-66.0.0-py38haa95532_0\\Lib\\site-packages\\pkg_resources\\_vendor\\__init__.py', reloading
[ 2024-04-12 12:42:58,430 ] 113 werkzeug - INFO -  * Detected change in 'C:\\Users\\Public\\miniconda3\\pkgs\\setuptools-66.0.0-py38haa95532_0\\Lib\\site-packages\\pkg_resources\\_vendor\\jaraco\\__init__.py', reloading
[ 2024-04-12 12:42:58,445 ] 113 werkzeug - INFO -  * Detected change in 'C:\\Users\\Public\\miniconda3\\pkgs\\setuptools-66.0.0-py38haa95532_0\\Lib\\site-packages\\pkg_resources\\_vendor\\typing_extensions.py', reloading
[ 2024-04-12 12:42:58,461 ] 113 werkzeug - INFO -  * Detected change in 'C:\\Users\\Public\\miniconda3\\pkgs\\setuptools-66.0.0-py38haa95532_0\\Lib\\site-packages\\pkg_resources\\_vendor\\pyparsing\\helpers.py', reloading
[ 2024-04-12 12:42:58,476 ] 113 werkzeug - INFO -  * Detected change in 'C:\\Users\\Public\\miniconda3\\pkgs\\setuptools-66.0.0-py38haa95532_0\\Lib\\site-packages\\pkg_resources\\_vendor\\packaging\\specifiers.py', reloading
[ 2024-04-12 12:42:58,492 ] 113 werkzeug - INFO -  * Detected change in 'C:\\Users\\Public\\miniconda3\\pkgs\\setuptools-66.0.0-py38haa95532_0\\Lib\\site-packages\\pkg_resources\\_vendor\\pyparsing\\results.py', reloading
[ 2024-04-12 12:42:58,528 ] 113 werkzeug - INFO -  * Detected change in 'C:\\Users\\Public\\miniconda3\\pkgs\\setuptools-66.0.0-py38haa95532_0\\Lib\\site-packages\\pkg_resources\\_vendor\\pyparsing\\diagram\\__init__.py', reloading
[ 2024-04-12 12:42:58,559 ] 113 werkzeug - INFO -  * Detected change in 'C:\\Users\\Public\\miniconda3\\pkgs\\setuptools-66.0.0-py38haa95532_0\\Lib\\site-packages\\pkg_resources\\_vendor\\more_itertools\\recipes.py', reloading
[ 2024-04-12 12:42:58,590 ] 113 werkzeug - INFO -  * Detected change in 'C:\\Users\\Public\\miniconda3\\pkgs\\setuptools-66.0.0-py38haa95532_0\\Lib\\site-packages\\pkg_resources\\_vendor\\packaging\\tags.py', reloading
[ 2024-04-12 12:42:58,606 ] 113 werkzeug - INFO -  * Detected change in 'C:\\Users\\Public\\miniconda3\\pkgs\\setuptools-66.0.0-py38haa95532_0\\Lib\\site-packages\\pkg_resources\\_vendor\\jaraco\\text\\__init__.py', reloading
[ 2024-04-12 12:42:58,622 ] 113 werkzeug - INFO -  * Detected change in 'C:\\Users\\Public\\miniconda3\\pkgs\\setuptools-66.0.0-py38haa95532_0\\Lib\\site-packages\\pkg_resources\\_vendor\\packaging\\version.py', reloading
[ 2024-04-12 12:42:58,653 ] 113 werkzeug - INFO -  * Detected change in 'C:\\Users\\Public\\miniconda3\\pkgs\\setuptools-66.0.0-py38haa95532_0\\Lib\\site-packages\\pkg_resources\\_vendor\\jaraco\\functools.py', reloading
[ 2024-04-12 12:42:58,668 ] 113 werkzeug - INFO -  * Detected change in 'C:\\Users\\Public\\miniconda3\\pkgs\\setuptools-66.0.0-py38haa95532_0\\Lib\\site-packages\\pkg_resources\\_vendor\\pyparsing\\testing.py', reloading
[ 2024-04-12 12:42:58,684 ] 113 werkzeug - INFO -  * Detected change in 'C:\\Users\\Public\\miniconda3\\pkgs\\setuptools-66.0.0-py38haa95532_0\\Lib\\site-packages\\pkg_resources\\_vendor\\pyparsing\\common.py', reloading
[ 2024-04-12 12:42:58,700 ] 113 werkzeug - INFO -  * Detected change in 'C:\\Users\\Public\\miniconda3\\pkgs\\setuptools-66.0.0-py38haa95532_0\\Lib\\site-packages\\pkg_resources\\_vendor\\platformdirs\\__init__.py', reloading
[ 2024-04-12 12:42:58,715 ] 113 werkzeug - INFO -  * Detected change in 'C:\\Users\\Public\\miniconda3\\pkgs\\setuptools-66.0.0-py38haa95532_0\\Lib\\site-packages\\pkg_resources\\_vendor\\packaging\\_manylinux.py', reloading
[ 2024-04-12 12:42:58,747 ] 113 werkzeug - INFO -  * Detected change in 'C:\\Users\\Public\\miniconda3\\pkgs\\setuptools-66.0.0-py38haa95532_0\\Lib\\site-packages\\pkg_resources\\_vendor\\pyparsing\\unicode.py', reloading
[ 2024-04-12 12:42:58,762 ] 113 werkzeug - INFO -  * Detected change in 'C:\\Users\\Public\\miniconda3\\pkgs\\setuptools-66.0.0-py38haa95532_0\\Lib\\site-packages\\pkg_resources\\_vendor\\pyparsing\\__init__.py', reloading
[ 2024-04-12 12:42:58,778 ] 113 werkzeug - INFO -  * Detected change in 'C:\\Users\\Public\\miniconda3\\pkgs\\setuptools-66.0.0-py38haa95532_0\\Lib\\site-packages\\pkg_resources\\_vendor\\pyparsing\\exceptions.py', reloading
[ 2024-04-12 12:42:58,778 ] 113 werkzeug - INFO -  * Detected change in 'C:\\Users\\Public\\miniconda3\\pkgs\\setuptools-66.0.0-py38haa95532_0\\Lib\\site-packages\\pkg_resources\\_vendor\\packaging\\markers.py', reloading
[ 2024-04-12 12:42:58,809 ] 113 werkzeug - INFO -  * Detected change in 'C:\\Users\\Public\\miniconda3\\pkgs\\setuptools-66.0.0-py38haa95532_0\\Lib\\site-packages\\pkg_resources\\_vendor\\zipp.py', reloading
[ 2024-04-12 12:42:58,825 ] 113 werkzeug - INFO -  * Detected change in 'C:\\Users\\Public\\miniconda3\\pkgs\\setuptools-66.0.0-py38haa95532_0\\Lib\\site-packages\\pkg_resources\\_vendor\\platformdirs\\unix.py', reloading
[ 2024-04-12 12:42:58,840 ] 113 werkzeug - INFO -  * Detected change in 'C:\\Users\\Public\\miniconda3\\pkgs\\setuptools-66.0.0-py38haa95532_0\\Lib\\site-packages\\pkg_resources\\_vendor\\pyparsing\\util.py', reloading
[ 2024-04-12 12:42:58,872 ] 113 werkzeug - INFO -  * Detected change in 'C:\\Users\\Public\\miniconda3\\pkgs\\setuptools-66.0.0-py38haa95532_0\\Lib\\site-packages\\pkg_resources\\_vendor\\jaraco\\context.py', reloading
[ 2024-04-12 12:42:58,903 ] 113 werkzeug - INFO -  * Detected change in 'C:\\Users\\Public\\miniconda3\\pkgs\\setuptools-66.0.0-py38haa95532_0\\Lib\\site-packages\\pkg_resources\\_vendor\\pyparsing\\actions.py', reloading
[ 2024-04-12 12:42:58,918 ] 113 werkzeug - INFO -  * Detected change in 'C:\\Users\\Public\\miniconda3\\pkgs\\setuptools-66.0.0-py38haa95532_0\\Lib\\site-packages\\pkg_resources\\_vendor\\platformdirs\\api.py', reloading
[ 2024-04-12 12:42:58,950 ] 113 werkzeug - INFO -  * Detected change in 'C:\\Users\\Public\\miniconda3\\pkgs\\setuptools-66.0.0-py38haa95532_0\\Lib\\site-packages\\pkg_resources\\_vendor\\packaging\\requirements.py', reloading
[ 2024-04-12 12:42:58,976 ] 113 werkzeug - INFO -  * Detected change in 'C:\\Users\\Public\\miniconda3\\pkgs\\setuptools-66.0.0-py38haa95532_0\\Lib\\site-packages\\pkg_resources\\_vendor\\importlib_resources\\_adapters.py', reloading
[ 2024-04-12 12:42:58,992 ] 113 werkzeug - INFO -  * Detected change in 'C:\\Users\\Public\\miniconda3\\pkgs\\setuptools-66.0.0-py38haa95532_0\\Lib\\site-packages\\pkg_resources\\_vendor\\packaging\\_musllinux.py', reloading
[ 2024-04-12 12:42:59,023 ] 113 werkzeug - INFO -  * Detected change in 'C:\\Users\\Public\\miniconda3\\pkgs\\setuptools-66.0.0-py38haa95532_0\\Lib\\site-packages\\pkg_resources\\_vendor\\packaging\\utils.py', reloading
[ 2024-04-12 12:42:59,028 ] 113 werkzeug - INFO -  * Detected change in 'C:\\Users\\Public\\miniconda3\\pkgs\\setuptools-66.0.0-py38haa95532_0\\Lib\\site-packages\\pkg_resources\\_vendor\\platformdirs\\android.py', reloading
