[ 2024-04-12 12:43:02,855 ] 113 werkzeug - WARNING -  * Debugger is active!
[ 2024-04-12 12:43:02,902 ] 113 werkzeug - INFO -  * Debugger PIN: 623-489-910
[ 2024-04-12 12:43:03,173 ] 113 werkzeug - INFO -  * Detected change in 'C:\\Users\\Public\\miniconda3\\pkgs\\setuptools-66.0.0-py38haa95532_0\\Lib\\site-packages\\pkg_resources\\_vendor\\more_itertools\\__pycache__\\more.cpython-38.pyc', reloading
[ 2024-04-12 12:43:03,189 ] 113 werkzeug - INFO -  * Detected change in 'C:\\Users\\Public\\miniconda3\\pkgs\\setuptools-66.0.0-py38haa95532_0\\Lib\\site-packages\\pkg_resources\\__pycache__\\__init__.cpython-38.pyc', reloading
[ 2024-04-12 12:43:03,205 ] 113 werkzeug - INFO -  * Detected change in 'C:\\Users\\Public\\miniconda3\\pkgs\\setuptools-66.0.0-py38haa95532_0\\Lib\\site-packages\\pkg_resources\\_vendor\\__pycache__\\typing_extensions.cpython-38.pyc', reloading
[ 2024-04-12 12:43:03,236 ] 113 werkzeug - INFO -  * Detected change in 'C:\\Users\\Public\\miniconda3\\pkgs\\setuptools-66.0.0-py38haa95532_0\\Lib\\site-packages\\pkg_resources\\_vendor\\pyparsing\\__pycache__\\helpers.cpython-38.pyc', reloading
[ 2024-04-12 12:43:03,283 ] 113 werkzeug - INFO -  * Detected change in 'C:\\Users\\Public\\miniconda3\\pkgs\\setuptools-66.0.0-py38haa95532_0\\Lib\\site-packages\\pkg_resources\\_vendor\\pyparsing\\__pycache__\\results.cpython-38.pyc', reloading
[ 2024-04-12 12:43:03,314 ] 113 werkzeug - INFO -  * Detected change in 'C:\\Users\\Public\\miniconda3\\pkgs\\setuptools-66.0.0-py38haa95532_0\\Lib\\site-packages\\pkg_resources\\_vendor\\more_itertools\\__pycache__\\recipes.cpython-38.pyc', reloading
[ 2024-04-12 12:43:03,345 ] 113 werkzeug - INFO -  * Detected change in 'C:\\Users\\Public\\miniconda3\\pkgs\\setuptools-66.0.0-py38haa95532_0\\Lib\\site-packages\\pkg_resources\\_vendor\\packaging\\__pycache__\\specifiers.cpython-38.pyc', reloading
[ 2024-04-12 12:43:03,406 ] 113 werkzeug - INFO -  * Detected change in 'C:\\Users\\Public\\miniconda3\\pkgs\\setuptools-66.0.0-py38haa95532_0\\Lib\\site-packages\\pkg_resources\\_vendor\\jaraco\\text\\__pycache__\\__init__.cpython-38.pyc', reloading
[ 2024-04-12 12:43:03,469 ] 113 werkzeug - INFO -  * Detected change in 'C:\\Users\\Public\\miniconda3\\pkgs\\setuptools-66.0.0-py38haa95532_0\\Lib\\site-packages\\pkg_resources\\_vendor\\pyparsing\\diagram\\__pycache__\\__init__.cpython-38.pyc', reloading
[ 2024-04-12 12:43:03,527 ] 113 werkzeug - INFO -  * Detected change in 'C:\\Users\\Public\\miniconda3\\pkgs\\setuptools-66.0.0-py38haa95532_0\\Lib\\site-packages\\pkg_resources\\_vendor\\jaraco\\__pycache__\\functools.cpython-38.pyc', reloading
[ 2024-04-12 12:43:03,543 ] 113 werkzeug - INFO -  * Detected change in 'C:\\Users\\Public\\miniconda3\\pkgs\\setuptools-66.0.0-py38haa95532_0\\Lib\\site-packages\\pkg_resources\\_vendor\\packaging\\__pycache__\\version.cpython-38.pyc', reloading
[ 2024-04-12 12:43:03,590 ] 113 werkzeug - INFO -  * Detected change in 'C:\\Users\\Public\\miniconda3\\pkgs\\setuptools-66.0.0-py38haa95532_0\\Lib\\site-packages\\pkg_resources\\_vendor\\packaging\\__pycache__\\tags.cpython-38.pyc', reloading
[ 2024-04-12 12:43:03,621 ] 113 werkzeug - INFO -  * Detected change in 'C:\\Users\\Public\\miniconda3\\pkgs\\setuptools-66.0.0-py38haa95532_0\\Lib\\site-packages\\pkg_resources\\_vendor\\pyparsing\\__pycache__\\testing.cpython-38.pyc', reloading
[ 2024-04-12 12:43:03,636 ] 113 werkzeug - INFO -  * Detected change in 'C:\\Users\\Public\\miniconda3\\pkgs\\setuptools-66.0.0-py38haa95532_0\\Lib\\site-packages\\pkg_resources\\_vendor\\pyparsing\\__pycache__\\unicode.cpython-38.pyc', reloading
[ 2024-04-12 12:43:03,652 ] 113 werkzeug - INFO -  * Detected change in 'C:\\Users\\Public\\miniconda3\\pkgs\\setuptools-66.0.0-py38haa95532_0\\Lib\\site-packages\\pkg_resources\\_vendor\\platformdirs\\__pycache__\\__init__.cpython-38.pyc', reloading
[ 2024-04-12 12:43:03,668 ] 113 werkzeug - INFO -  * Detected change in 'C:\\Users\\Public\\miniconda3\\pkgs\\setuptools-66.0.0-py38haa95532_0\\Lib\\site-packages\\pkg_resources\\_vendor\\__pycache__\\zipp.cpython-38.pyc', reloading
[ 2024-04-12 12:43:03,683 ] 113 werkzeug - INFO -  * Detected change in 'C:\\Users\\Public\\miniconda3\\pkgs\\setuptools-66.0.0-py38haa95532_0\\Lib\\site-packages\\pkg_resources\\_vendor\\pyparsing\\__pycache__\\common.cpython-38.pyc', reloading
[ 2024-04-12 12:43:03,699 ] 113 werkzeug - INFO -  * Detected change in 'C:\\Users\\Public\\miniconda3\\pkgs\\setuptools-66.0.0-py38haa95532_0\\Lib\\site-packages\\pkg_resources\\_vendor\\packaging\\__pycache__\\markers.cpython-38.pyc', reloading
[ 2024-04-12 12:43:03,715 ] 113 werkzeug - INFO -  * Detected change in 'C:\\Users\\Public\\miniconda3\\pkgs\\setuptools-66.0.0-py38haa95532_0\\Lib\\site-packages\\pkg_resources\\_vendor\\pyparsing\\__pycache__\\exceptions.cpython-38.pyc', reloading
[ 2024-04-12 12:43:03,730 ] 113 werkzeug - INFO -  * Detected change in 'C:\\Users\\Public\\miniconda3\\pkgs\\setuptools-66.0.0-py38haa95532_0\\Lib\\site-packages\\pkg_resources\\_vendor\\pyparsing\\__pycache__\\util.cpython-38.pyc', reloading
[ 2024-04-12 12:43:03,746 ] 113 werkzeug - INFO -  * Detected change in 'C:\\Users\\Public\\miniconda3\\pkgs\\setuptools-66.0.0-py38haa95532_0\\Lib\\site-packages\\pkg_resources\\_vendor\\pyparsing\\__pycache__\\__init__.cpython-38.pyc', reloading
