[ 2024-04-12 12:43:07,141 ] 113 werkzeug - WARNING -  * Debugger is active!
[ 2024-04-12 12:43:07,177 ] 113 werkzeug - INFO -  * Debugger PIN: 623-489-910
[ 2024-04-12 12:43:08,177 ] 113 werkzeug - INFO -  * Running on http://0.0.0.0:5000/ (Press CTRL+C to quit)
[ 2024-04-12 12:43:14,673 ] 113 werkzeug - INFO -  * Detected change in 'C:\\Users\\Public\\miniconda3\\pkgs\\setuptools-66.0.0-py38haa95532_0\\Lib\\site-packages\\pkg_resources\\_vendor\\importlib_resources\\__pycache__\\_adapters.cpython-38.pyc', reloading
[ 2024-04-12 12:43:14,688 ] 113 werkzeug - INFO -  * Detected change in 'C:\\Users\\Public\\miniconda3\\pkgs\\setuptools-66.0.0-py38haa95532_0\\Lib\\site-packages\\pkg_resources\\_vendor\\jaraco\\__pycache__\\context.cpython-38.pyc', reloading
[ 2024-04-12 12:43:14,719 ] 113 werkzeug - INFO -  * Detected change in 'C:\\Users\\Public\\miniconda3\\pkgs\\setuptools-66.0.0-py38haa95532_0\\Lib\\site-packages\\pkg_resources\\_vendor\\packaging\\__pycache__\\_manylinux.cpython-38.pyc', reloading
[ 2024-04-12 12:43:14,844 ] 113 werkzeug - INFO -  * Detected change in 'C:\\Users\\Public\\miniconda3\\pkgs\\setuptools-66.0.0-py38haa95532_0\\Lib\\site-packages\\pkg_resources\\_vendor\\pyparsing\\__pycache__\\actions.cpython-38.pyc', reloading
[ 2024-04-12 12:43:14,876 ] 113 werkzeug - INFO -  * Detected change in 'C:\\Users\\Public\\miniconda3\\pkgs\\setuptools-66.0.0-py38haa95532_0\\Lib\\site-packages\\pkg_resources\\_vendor\\platformdirs\\__pycache__\\unix.cpython-38.pyc', reloading
[ 2024-04-12 12:43:14,907 ] 113 werkzeug - INFO -  * Detected change in 'C:\\Users\\Public\\miniconda3\\pkgs\\setuptools-66.0.0-py38haa95532_0\\Lib\\site-packages\\pkg_resources\\_vendor\\importlib_resources\\__pycache__\\readers.cpython-38.pyc', reloading
[ 2024-04-12 12:43:14,923 ] 113 werkzeug - INFO -  * Detected change in 'C:\\Users\\Public\\miniconda3\\pkgs\\setuptools-66.0.0-py38haa95532_0\\Lib\\site-packages\\pkg_resources\\_vendor\\importlib_resources\\__pycache__\\abc.cpython-38.pyc', reloading
[ 2024-04-12 12:43:14,954 ] 113 werkzeug - INFO -  * Detected change in 'C:\\Users\\Public\\miniconda3\\pkgs\\setuptools-66.0.0-py38haa95532_0\\Lib\\site-packages\\pkg_resources\\_vendor\\platformdirs\\__pycache__\\api.cpython-38.pyc', reloading
[ 2024-04-12 12:43:14,969 ] 113 werkzeug - INFO -  * Detected change in 'C:\\Users\\Public\\miniconda3\\pkgs\\setuptools-66.0.0-py38haa95532_0\\Lib\\site-packages\\pkg_resources\\_vendor\\importlib_resources\\__pycache__\\simple.cpython-38.pyc', reloading
[ 2024-04-12 12:43:15,001 ] 113 werkzeug - INFO -  * Detected change in 'C:\\Users\\Public\\miniconda3\\pkgs\\setuptools-66.0.0-py38haa95532_0\\Lib\\site-packages\\pkg_resources\\_vendor\\packaging\\__pycache__\\_musllinux.cpython-38.pyc', reloading
[ 2024-04-12 12:43:15,026 ] 113 werkzeug - INFO -  * Detected change in 'C:\\Users\\Public\\miniconda3\\pkgs\\setuptools-66.0.0-py38haa95532_0\\Lib\\site-packages\\pkg_resources\\_vendor\\platformdirs\\__pycache__\\android.cpython-38.pyc', reloading
[ 2024-04-12 12:43:15,038 ] 113 werkzeug - INFO -  * Detected change in 'C:\\Users\\Public\\miniconda3\\pkgs\\setuptools-66.0.0-py38haa95532_0\\Lib\\site-packages\\pkg_resources\\_vendor\\importlib_resources\\__pycache__\\_legacy.cpython-38.pyc', reloading
[ 2024-04-12 12:43:15,054 ] 113 werkzeug - INFO -  * Detected change in 'C:\\Users\\Public\\miniconda3\\pkgs\\setuptools-66.0.0-py38haa95532_0\\Lib\\site-packages\\pkg_resources\\_vendor\\packaging\\__pycache__\\requirements.cpython-38.pyc', reloading
[ 2024-04-12 12:43:15,478 ] 113 werkzeug - INFO -  * Detected change in 'C:\\Users\\Public\\miniconda3\\pkgs\\setuptools-66.0.0-py38haa95532_0\\Lib\\site-packages\\pkg_resources\\_vendor\\packaging\\__pycache__\\utils.cpython-38.pyc', reloading
[ 2024-04-12 12:43:15,478 ] 113 werkzeug - INFO -  * Detected change in 'C:\\Users\\Public\\miniconda3\\pkgs\\setuptools-66.0.0-py38haa95532_0\\Lib\\site-packages\\pkg_resources\\_vendor\\importlib_resources\\__pycache__\\_compat.cpython-38.pyc', reloading
[ 2024-04-12 12:43:15,494 ] 113 werkzeug - INFO -  * Detected change in 'C:\\Users\\Public\\miniconda3\\pkgs\\setuptools-66.0.0-py38haa95532_0\\Lib\\site-packages\\pkg_resources\\_vendor\\platformdirs\\__pycache__\\macos.cpython-38.pyc', reloading
[ 2024-04-12 12:43:15,532 ] 113 werkzeug - INFO -  * Detected change in 'C:\\Users\\Public\\miniconda3\\pkgs\\setuptools-66.0.0-py38haa95532_0\\Lib\\site-packages\\pkg_resources\\extern\\__pycache__\\__init__.cpython-38.pyc', reloading
[ 2024-04-12 12:43:15,548 ] 113 werkzeug - INFO -  * Detected change in 'C:\\Users\\Public\\miniconda3\\pkgs\\setuptools-66.0.0-py38haa95532_0\\Lib\\site-packages\\pkg_resources\\_vendor\\packaging\\__pycache__\\_structures.cpython-38.pyc', reloading
[ 2024-04-12 12:43:15,579 ] 113 werkzeug - INFO -  * Detected change in 'C:\\Users\\Public\\miniconda3\\pkgs\\setuptools-66.0.0-py38haa95532_0\\Lib\\site-packages\\pkg_resources\\_vendor\\importlib_resources\\__pycache__\\_common.cpython-38.pyc', reloading
[ 2024-04-12 12:43:15,610 ] 113 werkzeug - INFO -  * Detected change in 'C:\\Users\\Public\\miniconda3\\pkgs\\setuptools-66.0.0-py38haa95532_0\\Lib\\site-packages\\pkg_resources\\_vendor\\platformdirs\\__pycache__\\__main__.cpython-38.pyc', reloading
[ 2024-04-12 12:43:15,642 ] 113 werkzeug - INFO -  * Detected change in 'C:\\Users\\Public\\miniconda3\\pkgs\\setuptools-66.0.0-py38haa95532_0\\Lib\\site-packages\\pkg_resources\\_vendor\\importlib_resources\\__pycache__\\_itertools.cpython-38.pyc', reloading
[ 2024-04-12 12:43:15,657 ] 113 werkzeug - INFO -  * Detected change in 'C:\\Users\\Public\\miniconda3\\pkgs\\setuptools-66.0.0-py38haa95532_0\\Lib\\site-packages\\pkg_resources\\_vendor\\importlib_resources\\__pycache__\\__init__.cpython-38.pyc', reloading
