[ 2024-06-18 16:54:04,335 ] 113 werkzeug - WARNING -  * Debugger is active!
[ 2024-06-18 16:54:04,366 ] 113 werkzeug - INFO -  * Debugger PIN: 161-147-940
[ 2024-06-18 16:54:04,476 ] 113 werkzeug - INFO -  * Detected change in 'C:\\Users\\Public\\miniconda3\\Lib\\site-packages\\urllib3\\response.py', reloading
[ 2024-06-18 16:54:04,476 ] 113 werkzeug - INFO -  * Detected change in 'C:\\Users\\Public\\miniconda3\\Lib\\site-packages\\urllib3\\util\\request.py', reloading
[ 2024-06-18 16:54:04,539 ] 113 werkzeug - INFO -  * Detected change in 'C:\\Users\\Public\\miniconda3\\Lib\\site-packages\\urllib3\\util\\retry.py', reloading
[ 2024-06-18 16:54:04,562 ] 113 werkzeug - INFO -  * Detected change in 'C:\\Users\\Public\\miniconda3\\Lib\\site-packages\\urllib3\\util\\timeout.py', reloading
[ 2024-06-18 16:54:04,567 ] 113 werkzeug - INFO -  * Detected change in 'C:\\Users\\Public\\miniconda3\\Lib\\site-packages\\uvicorn\\__init__.py', reloading
[ 2024-06-18 16:54:04,624 ] 113 werkzeug - INFO -  * Detected change in 'C:\\Users\\Public\\miniconda3\\Lib\\site-packages\\uvicorn\\config.py', reloading
[ 2024-06-18 16:54:04,668 ] 113 werkzeug - INFO -  * Detected change in 'C:\\Users\\Public\\miniconda3\\Lib\\site-packages\\uvicorn\\main.py', reloading
[ 2024-06-18 16:54:04,739 ] 113 werkzeug - INFO -  * Detected change in 'C:\\Users\\Public\\miniconda3\\Lib\\site-packages\\uvicorn\\server.py', reloading
[ 2024-06-18 16:54:04,755 ] 113 werkzeug - INFO -  * Detected change in 'C:\\Users\\Public\\miniconda3\\Lib\\site-packages\\validate\\__init__.py', reloading
[ 2024-06-18 16:54:04,756 ] 113 werkzeug - INFO -  * Detected change in 'C:\\Users\\Public\\miniconda3\\Lib\\site-packages\\validators\\__init__.py', reloading
[ 2024-06-18 16:54:04,837 ] 113 werkzeug - INFO -  * Detected change in 'C:\\Users\\Public\\miniconda3\\Lib\\site-packages\\validators\\card.py', reloading
[ 2024-06-18 16:54:04,848 ] 113 werkzeug - INFO -  * Detected change in 'C:\\Users\\Public\\miniconda3\\Lib\\site-packages\\validators\\hashes.py', reloading
[ 2024-06-18 16:54:04,851 ] 113 werkzeug - INFO -  * Detected change in 'C:\\Users\\Public\\miniconda3\\Lib\\site-packages\\validators\\i18n\\__init__.py', reloading
[ 2024-06-18 16:54:04,856 ] 113 werkzeug - INFO -  * Detected change in 'C:\\Users\\Public\\miniconda3\\Lib\\site-packages\\validators\\i18n\\es.py', reloading
[ 2024-06-18 16:54:04,866 ] 113 werkzeug - INFO -  * Detected change in 'C:\\Users\\Public\\miniconda3\\Lib\\site-packages\\validators\\i18n\\fi.py', reloading
[ 2024-06-18 16:54:04,870 ] 113 werkzeug - INFO -  * Detected change in 'C:\\Users\\Public\\miniconda3\\Lib\\site-packages\\validators\\ip_address.py', reloading
[ 2024-06-18 16:54:04,874 ] 113 werkzeug - INFO -  * Detected change in 'C:\\Users\\Public\\miniconda3\\Lib\\site-packages\\validators\\utils.py', reloading
[ 2024-06-18 16:54:04,879 ] 113 werkzeug - INFO -  * Detected change in 'C:\\Users\\Public\\miniconda3\\Lib\\site-packages\\vine\\abstract.py', reloading
[ 2024-06-18 16:54:04,882 ] 113 werkzeug - INFO -  * Detected change in 'C:\\Users\\Public\\miniconda3\\Lib\\site-packages\\vine\\synchronization.py', reloading
[ 2024-06-18 16:54:04,885 ] 113 werkzeug - INFO -  * Detected change in 'C:\\Users\\Public\\miniconda3\\Lib\\site-packages\\vine\\funtools.py', reloading
[ 2024-06-18 16:54:04,887 ] 113 werkzeug - INFO -  * Detected change in 'C:\\Users\\Public\\miniconda3\\Lib\\site-packages\\voluptuous\\__init__.py', reloading
[ 2024-06-18 16:54:04,888 ] 113 werkzeug - INFO -  * Detected change in 'C:\\Users\\Public\\miniconda3\\Lib\\site-packages\\watchdog\\__init__.py', reloading
[ 2024-06-18 16:54:04,890 ] 113 werkzeug - INFO -  * Detected change in 'C:\\Users\\Public\\miniconda3\\Lib\\site-packages\\watchfiles\\__init__.py', reloading
[ 2024-06-18 16:54:04,897 ] 113 werkzeug - INFO -  * Detected change in 'C:\\Users\\Public\\miniconda3\\Lib\\site-packages\\watchfiles\\filters.py', reloading
[ 2024-06-18 16:54:04,901 ] 113 werkzeug - INFO -  * Detected change in 'C:\\Users\\Public\\miniconda3\\Lib\\site-packages\\watchfiles\\main.py', reloading
[ 2024-06-18 16:54:04,906 ] 113 werkzeug - INFO -  * Detected change in 'C:\\Users\\Public\\miniconda3\\Lib\\site-packages\\watchfiles\\run.py', reloading
[ 2024-06-18 16:54:04,921 ] 113 werkzeug - INFO -  * Detected change in 'C:\\Users\\Public\\miniconda3\\Lib\\site-packages\\watchfiles\\version.py', reloading
[ 2024-06-18 16:54:04,923 ] 113 werkzeug - INFO -  * Detected change in 'C:\\Users\\Public\\miniconda3\\Lib\\site-packages\\wcwidth\\__init__.py', reloading
[ 2024-06-18 16:54:04,929 ] 113 werkzeug - INFO -  * Detected change in 'C:\\Users\\Public\\miniconda3\\Lib\\site-packages\\wcwidth\\wcwidth.py', reloading
[ 2024-06-18 16:54:04,935 ] 113 werkzeug - INFO -  * Detected change in 'C:\\Users\\Public\\miniconda3\\Lib\\site-packages\\wcwidth\\unicode_versions.py', reloading
[ 2024-06-18 16:54:04,937 ] 113 werkzeug - INFO -  * Detected change in 'C:\\Users\\Public\\miniconda3\\Lib\\site-packages\\webcolors\\__init__.py', reloading
[ 2024-06-18 16:54:04,943 ] 113 werkzeug - INFO -  * Detected change in 'C:\\Users\\Public\\miniconda3\\Lib\\site-packages\\webcolors\\constants.py', reloading
[ 2024-06-18 16:54:04,957 ] 113 werkzeug - INFO -  * Detected change in 'C:\\Users\\Public\\miniconda3\\Lib\\site-packages\\webcolors\\conversion.py', reloading
[ 2024-06-18 16:54:04,961 ] 113 werkzeug - INFO -  * Detected change in 'C:\\Users\\Public\\miniconda3\\Lib\\site-packages\\webcolors\\html5.py', reloading
[ 2024-06-18 16:54:04,965 ] 113 werkzeug - INFO -  * Detected change in 'C:\\Users\\Public\\miniconda3\\Lib\\site-packages\\webcolors\\normalization.py', reloading
[ 2024-06-18 16:54:04,967 ] 113 werkzeug - INFO -  * Detected change in 'C:\\Users\\Public\\miniconda3\\Lib\\site-packages\\webcolors\\types.py', reloading
[ 2024-06-18 16:54:04,970 ] 113 werkzeug - INFO -  * Detected change in 'C:\\Users\\Public\\miniconda3\\Lib\\site-packages\\webencodings\\__init__.py', reloading
[ 2024-06-18 16:54:04,971 ] 113 werkzeug - INFO -  * Detected change in 'C:\\Users\\Public\\miniconda3\\Lib\\site-packages\\websocket\\__init__.py', reloading
[ 2024-06-18 16:54:04,972 ] 113 werkzeug - INFO -  * Detected change in 'C:\\Users\\Public\\miniconda3\\Lib\\site-packages\\websockets\\__init__.py', reloading
[ 2024-06-18 16:54:04,984 ] 113 werkzeug - INFO -  * Detected change in 'C:\\Users\\Public\\miniconda3\\Lib\\site-packages\\websockets\\client.py', reloading
[ 2024-06-18 16:54:04,991 ] 113 werkzeug - INFO -  * Detected change in 'C:\\Users\\Public\\miniconda3\\Lib\\site-packages\\websockets\\legacy\\client.py', reloading
[ 2024-06-18 16:54:04,999 ] 113 werkzeug - INFO -  * Detected change in 'C:\\Users\\Public\\miniconda3\\Lib\\site-packages\\websockets\\datastructures.py', reloading
[ 2024-06-18 16:54:05,002 ] 113 werkzeug - INFO -  * Detected change in 'C:\\Users\\Public\\miniconda3\\Lib\\site-packages\\websockets\\exceptions.py', reloading
[ 2024-06-18 16:54:05,008 ] 113 werkzeug - INFO -  * Detected change in 'C:\\Users\\Public\\miniconda3\\Lib\\site-packages\\websockets\\legacy\\auth.py', reloading
[ 2024-06-18 16:54:05,014 ] 113 werkzeug - INFO -  * Detected change in 'C:\\Users\\Public\\miniconda3\\Lib\\site-packages\\websockets\\legacy\\protocol.py', reloading
[ 2024-06-18 16:54:05,029 ] 113 werkzeug - INFO -  * Detected change in 'C:\\Users\\Public\\miniconda3\\Lib\\site-packages\\websockets\\legacy\\server.py', reloading
[ 2024-06-18 16:54:05,038 ] 113 werkzeug - INFO -  * Detected change in 'C:\\Users\\Public\\miniconda3\\Lib\\site-packages\\websockets\\server.py', reloading
[ 2024-06-18 16:54:05,043 ] 113 werkzeug - INFO -  * Detected change in 'C:\\Users\\Public\\miniconda3\\Lib\\site-packages\\websockets\\typing.py', reloading
[ 2024-06-18 16:54:05,046 ] 113 werkzeug - INFO -  * Detected change in 'C:\\Users\\Public\\miniconda3\\Lib\\site-packages\\werkzeug\\__init__.py', reloading
[ 2024-06-18 16:54:05,046 ] 113 werkzeug - INFO -  * Detected change in 'C:\\Users\\Public\\miniconda3\\Lib\\site-packages\\wheel\\__init__.py', reloading
[ 2024-06-18 16:54:05,047 ] 113 werkzeug - INFO -  * Detected change in 'C:\\Users\\Public\\miniconda3\\Lib\\site-packages\\winpty\\__init__.py', reloading
[ 2024-06-18 16:54:05,049 ] 113 werkzeug - INFO -  * Detected change in 'C:\\Users\\Public\\miniconda3\\Lib\\site-packages\\wrapt\\__init__.py', reloading
[ 2024-06-18 16:54:05,050 ] 113 werkzeug - INFO -  * Detected change in 'C:\\Users\\Public\\miniconda3\\Lib\\site-packages\\xgboost\\__init__.py', reloading
[ 2024-06-18 16:54:05,058 ] 113 werkzeug - INFO -  * Detected change in 'C:\\Users\\Public\\miniconda3\\Lib\\site-packages\\xgboost\\core.py', reloading
[ 2024-06-18 16:54:05,065 ] 113 werkzeug - INFO -  * Detected change in 'C:\\Users\\Public\\miniconda3\\Lib\\site-packages\\xgboost\\tracker.py', reloading
[ 2024-06-18 16:54:05,081 ] 113 werkzeug - INFO -  * Detected change in 'C:\\Users\\Public\\miniconda3\\Lib\\site-packages\\xgboost\\training.py', reloading
[ 2024-06-18 16:54:05,090 ] 113 werkzeug - INFO -  * Detected change in 'C:\\Users\\Public\\miniconda3\\Lib\\site-packages\\xgboost\\config.py', reloading
[ 2024-06-18 16:54:05,095 ] 113 werkzeug - INFO -  * Detected change in 'C:\\Users\\Public\\miniconda3\\Lib\\site-packages\\xgboost\\plotting.py', reloading
[ 2024-06-18 16:54:05,099 ] 113 werkzeug - INFO -  * Detected change in 'C:\\Users\\Public\\miniconda3\\Lib\\site-packages\\xgboost\\sklearn.py', reloading
[ 2024-06-18 16:54:05,116 ] 113 werkzeug - INFO -  * Detected change in 'C:\\Users\\Public\\miniconda3\\Lib\\site-packages\\zipp\\__init__.py', reloading
[ 2024-06-18 16:54:05,130 ] 113 werkzeug - INFO -  * Detected change in 'C:\\Users\\Public\\miniconda3\\Lib\\site-packages\\zmq\\constants.py', reloading
[ 2024-06-18 16:54:05,131 ] 113 werkzeug - INFO -  * Detected change in 'C:\\Users\\Public\\miniconda3\\Lib\\site-packages\\zmq\\error.py', reloading
[ 2024-06-18 16:54:05,147 ] 113 werkzeug - INFO -  * Detected change in 'C:\\Users\\Public\\miniconda3\\Lib\\site-packages\\zmq\\sugar\\context.py', reloading
[ 2024-06-18 16:54:05,147 ] 113 werkzeug - INFO -  * Detected change in 'C:\\Users\\Public\\miniconda3\\Lib\\site-packages\\zmq\\sugar\\frame.py', reloading
[ 2024-06-18 16:54:05,147 ] 113 werkzeug - INFO -  * Detected change in 'C:\\Users\\Public\\miniconda3\\Lib\\site-packages\\zmq\\sugar\\poll.py', reloading
[ 2024-06-18 16:54:05,162 ] 113 werkzeug - INFO -  * Detected change in 'C:\\Users\\Public\\miniconda3\\Lib\\site-packages\\zmq\\sugar\\socket.py', reloading
[ 2024-06-18 16:54:05,162 ] 113 werkzeug - INFO -  * Detected change in 'C:\\Users\\Public\\miniconda3\\Lib\\site-packages\\zmq\\sugar\\tracker.py', reloading
[ 2024-06-18 16:54:05,162 ] 113 werkzeug - INFO -  * Detected change in 'C:\\Users\\Public\\miniconda3\\Lib\\site-packages\\zmq\\sugar\\version.py', reloading
[ 2024-06-18 16:54:05,178 ] 113 werkzeug - INFO -  * Detected change in 'C:\\Users\\Public\\miniconda3\\Lib\\site-packages\\pythonwin\\pywin\\__init__.py', reloading
