[ 2024-04-12 12:43:42,899 ] 113 werkzeug - WARNING -  * Debugger is active!
[ 2024-04-12 12:43:42,945 ] 113 werkzeug - INFO -  * Debugger PIN: 623-489-910
[ 2024-04-12 12:43:43,462 ] 113 werkzeug - INFO -  * Detected change in 'C:\\Users\\Public\\miniconda3\\pkgs\\setuptools-66.0.0-py38haa95532_0\\Lib\\site-packages\\setuptools\\_distutils\\__pycache__\\file_util.cpython-38.pyc', reloading
[ 2024-04-12 12:43:43,478 ] 113 werkzeug - INFO -  * Detected change in 'C:\\Users\\Public\\miniconda3\\pkgs\\setuptools-66.0.0-py38haa95532_0\\Lib\\site-packages\\setuptools\\__pycache__\\extension.cpython-38.pyc', reloading
[ 2024-04-12 12:43:43,478 ] 113 werkzeug - INFO -  * Detected change in 'C:\\Users\\Public\\miniconda3\\pkgs\\setuptools-66.0.0-py38haa95532_0\\Lib\\site-packages\\setuptools\\_vendor\\importlib_resources\\__pycache__\\readers.cpython-38.pyc', reloading
[ 2024-04-12 12:43:43,493 ] 113 werkzeug - INFO -  * Detected change in 'C:\\Users\\Public\\miniconda3\\pkgs\\setuptools-66.0.0-py38haa95532_0\\Lib\\site-packages\\setuptools\\_vendor\\importlib_resources\\__pycache__\\abc.cpython-38.pyc', reloading
[ 2024-04-12 12:43:43,509 ] 113 werkzeug - INFO -  * Detected change in 'C:\\Users\\Public\\miniconda3\\pkgs\\setuptools-66.0.0-py38haa95532_0\\Lib\\site-packages\\setuptools\\_distutils\\__pycache__\\errors.cpython-38.pyc', reloading
[ 2024-04-12 12:43:43,525 ] 113 werkzeug - INFO -  * Detected change in 'C:\\Users\\Public\\miniconda3\\pkgs\\setuptools-66.0.0-py38haa95532_0\\Lib\\site-packages\\setuptools\\__pycache__\\depends.cpython-38.pyc', reloading
[ 2024-04-12 12:43:43,540 ] 113 werkzeug - INFO -  * Detected change in 'C:\\Users\\Public\\miniconda3\\pkgs\\setuptools-66.0.0-py38haa95532_0\\Lib\\site-packages\\setuptools\\_distutils\\__pycache__\\versionpredicate.cpython-38.pyc', reloading
[ 2024-04-12 12:43:43,555 ] 113 werkzeug - INFO -  * Detected change in 'C:\\Users\\Public\\miniconda3\\pkgs\\setuptools-66.0.0-py38haa95532_0\\Lib\\site-packages\\setuptools\\_distutils\\command\\__pycache__\\upload.cpython-38.pyc', reloading
[ 2024-04-12 12:43:43,571 ] 113 werkzeug - INFO -  * Detected change in 'C:\\Users\\Public\\miniconda3\\pkgs\\setuptools-66.0.0-py38haa95532_0\\Lib\\site-packages\\setuptools\\_distutils\\command\\__pycache__\\install_lib.cpython-38.pyc', reloading
[ 2024-04-12 12:43:43,586 ] 113 werkzeug - INFO -  * Detected change in 'C:\\Users\\Public\\miniconda3\\pkgs\\setuptools-66.0.0-py38haa95532_0\\Lib\\site-packages\\setuptools\\_distutils\\command\\__pycache__\\build_clib.cpython-38.pyc', reloading
[ 2024-04-12 12:43:43,602 ] 113 werkzeug - INFO -  * Detected change in 'C:\\Users\\Public\\miniconda3\\pkgs\\setuptools-66.0.0-py38haa95532_0\\Lib\\site-packages\\setuptools\\_vendor\\importlib_resources\\__pycache__\\simple.cpython-38.pyc', reloading
[ 2024-04-12 12:43:43,618 ] 113 werkzeug - INFO -  * Detected change in 'C:\\Users\\Public\\miniconda3\\pkgs\\setuptools-66.0.0-py38haa95532_0\\Lib\\site-packages\\setuptools\\command\\__pycache__\\dist_info.cpython-38.pyc', reloading
[ 2024-04-12 12:43:43,618 ] 113 werkzeug - INFO -  * Detected change in 'C:\\Users\\Public\\miniconda3\\pkgs\\setuptools-66.0.0-py38haa95532_0\\Lib\\site-packages\\setuptools\\command\\__pycache__\\setopt.cpython-38.pyc', reloading
[ 2024-04-12 12:43:43,633 ] 113 werkzeug - INFO -  * Detected change in 'C:\\Users\\Public\\miniconda3\\pkgs\\setuptools-66.0.0-py38haa95532_0\\Lib\\site-packages\\setuptools\\_vendor\\packaging\\__pycache__\\_musllinux.cpython-38.pyc', reloading
[ 2024-04-12 12:43:43,649 ] 113 werkzeug - INFO -  * Detected change in 'C:\\Users\\Public\\miniconda3\\pkgs\\setuptools-66.0.0-py38haa95532_0\\Lib\\site-packages\\setuptools\\_distutils\\command\\__pycache__\\check.cpython-38.pyc', reloading
[ 2024-04-12 12:43:43,665 ] 113 werkzeug - INFO -  * Detected change in 'C:\\Users\\Public\\miniconda3\\pkgs\\setuptools-66.0.0-py38haa95532_0\\Lib\\site-packages\\setuptools\\command\\__pycache__\\py36compat.cpython-38.pyc', reloading
[ 2024-04-12 12:43:43,680 ] 113 werkzeug - INFO -  * Detected change in 'C:\\Users\\Public\\miniconda3\\pkgs\\setuptools-66.0.0-py38haa95532_0\\Lib\\site-packages\\setuptools\\_distutils\\command\\__pycache__\\build_scripts.cpython-38.pyc', reloading
[ 2024-04-12 12:43:43,696 ] 113 werkzeug - INFO -  * Detected change in 'C:\\Users\\Public\\miniconda3\\pkgs\\setuptools-66.0.0-py38haa95532_0\\Lib\\site-packages\\setuptools\\__pycache__\\monkey.cpython-38.pyc', reloading
[ 2024-04-12 12:43:43,711 ] 113 werkzeug - INFO -  * Detected change in 'C:\\Users\\Public\\miniconda3\\pkgs\\setuptools-66.0.0-py38haa95532_0\\Lib\\site-packages\\setuptools\\command\\__pycache__\\install.cpython-38.pyc', reloading
[ 2024-04-12 12:43:43,727 ] 113 werkzeug - INFO -  * Detected change in 'C:\\Users\\Public\\miniconda3\\pkgs\\setuptools-66.0.0-py38haa95532_0\\Lib\\site-packages\\setuptools\\_vendor\\importlib_resources\\__pycache__\\_legacy.cpython-38.pyc', reloading
[ 2024-04-12 12:43:43,743 ] 113 werkzeug - INFO -  * Detected change in 'C:\\Users\\Public\\miniconda3\\pkgs\\setuptools-66.0.0-py38haa95532_0\\Lib\\site-packages\\setuptools\\command\\__pycache__\\install_lib.cpython-38.pyc', reloading
[ 2024-04-12 12:43:43,758 ] 113 werkzeug - INFO -  * Detected change in 'C:\\Users\\Public\\miniconda3\\pkgs\\setuptools-66.0.0-py38haa95532_0\\Lib\\site-packages\\setuptools\\_vendor\\packaging\\__pycache__\\requirements.cpython-38.pyc', reloading
[ 2024-04-12 12:43:43,774 ] 113 werkzeug - INFO -  * Detected change in 'C:\\Users\\Public\\miniconda3\\pkgs\\setuptools-66.0.0-py38haa95532_0\\Lib\\site-packages\\setuptools\\_distutils\\command\\__pycache__\\bdist.cpython-38.pyc', reloading
[ 2024-04-12 12:43:43,774 ] 113 werkzeug - INFO -  * Detected change in 'C:\\Users\\Public\\miniconda3\\pkgs\\setuptools-66.0.0-py38haa95532_0\\Lib\\site-packages\\setuptools\\_distutils\\command\\__pycache__\\build.cpython-38.pyc', reloading
[ 2024-04-12 12:43:43,790 ] 113 werkzeug - INFO -  * Detected change in 'C:\\Users\\Public\\miniconda3\\pkgs\\setuptools-66.0.0-py38haa95532_0\\Lib\\site-packages\\setuptools\\__pycache__\\glob.cpython-38.pyc', reloading
[ 2024-04-12 12:43:43,805 ] 113 werkzeug - INFO -  * Detected change in 'C:\\Users\\Public\\miniconda3\\pkgs\\setuptools-66.0.0-py38haa95532_0\\Lib\\site-packages\\setuptools\\_vendor\\packaging\\__pycache__\\utils.cpython-38.pyc', reloading
[ 2024-04-12 12:43:43,821 ] 113 werkzeug - INFO -  * Detected change in 'C:\\Users\\Public\\miniconda3\\pkgs\\setuptools-66.0.0-py38haa95532_0\\Lib\\site-packages\\setuptools\\_distutils\\command\\__pycache__\\bdist_dumb.cpython-38.pyc', reloading
[ 2024-04-12 12:43:43,836 ] 113 werkzeug - INFO -  * Detected change in 'C:\\Users\\Public\\miniconda3\\pkgs\\setuptools-66.0.0-py38haa95532_0\\Lib\\site-packages\\setuptools\\__pycache__\\namespaces.cpython-38.pyc', reloading
[ 2024-04-12 12:43:43,852 ] 113 werkzeug - INFO -  * Detected change in 'C:\\Users\\Public\\miniconda3\\pkgs\\setuptools-66.0.0-py38haa95532_0\\Lib\\site-packages\\setuptools\\_distutils\\__pycache__\\config.cpython-38.pyc', reloading
[ 2024-04-12 12:43:43,868 ] 113 werkzeug - INFO -  * Detected change in 'C:\\Users\\Public\\miniconda3\\pkgs\\setuptools-66.0.0-py38haa95532_0\\Lib\\site-packages\\setuptools\\_vendor\\importlib_resources\\__pycache__\\_compat.cpython-38.pyc', reloading
[ 2024-04-12 12:43:43,883 ] 113 werkzeug - INFO -  * Detected change in 'C:\\Users\\Public\\miniconda3\\pkgs\\setuptools-66.0.0-py38haa95532_0\\Lib\\site-packages\\setuptools\\_distutils\\command\\__pycache__\\install_egg_info.cpython-38.pyc', reloading
[ 2024-04-12 12:43:43,899 ] 113 werkzeug - INFO -  * Detected change in 'C:\\Users\\Public\\miniconda3\\pkgs\\setuptools-66.0.0-py38haa95532_0\\Lib\\site-packages\\setuptools\\__pycache__\\_entry_points.cpython-38.pyc', reloading
[ 2024-04-12 12:43:43,915 ] 113 werkzeug - INFO -  * Detected change in 'C:\\Users\\Public\\miniconda3\\pkgs\\setuptools-66.0.0-py38haa95532_0\\Lib\\site-packages\\setuptools\\_vendor\\importlib_metadata\\__pycache__\\_functools.cpython-38.pyc', reloading
[ 2024-04-12 12:43:43,930 ] 113 werkzeug - INFO -  * Detected change in 'C:\\Users\\Public\\miniconda3\\pkgs\\setuptools-66.0.0-py38haa95532_0\\Lib\\site-packages\\setuptools\\_vendor\\importlib_metadata\\__pycache__\\_text.cpython-38.pyc', reloading
[ 2024-04-12 12:43:43,930 ] 113 werkzeug - INFO -  * Detected change in 'C:\\Users\\Public\\miniconda3\\pkgs\\setuptools-66.0.0-py38haa95532_0\\Lib\\site-packages\\setuptools\\__pycache__\\installer.cpython-38.pyc', reloading
[ 2024-04-12 12:43:43,946 ] 113 werkzeug - INFO -  * Detected change in 'C:\\Users\\Public\\miniconda3\\pkgs\\setuptools-66.0.0-py38haa95532_0\\Lib\\site-packages\\setuptools\\extern\\__pycache__\\__init__.cpython-38.pyc', reloading
[ 2024-04-12 12:43:43,961 ] 113 werkzeug - INFO -  * Detected change in 'C:\\Users\\Public\\miniconda3\\pkgs\\setuptools-66.0.0-py38haa95532_0\\Lib\\site-packages\\setuptools\\_distutils\\__pycache__\\spawn.cpython-38.pyc', reloading
[ 2024-04-12 12:43:43,977 ] 113 werkzeug - INFO -  * Detected change in 'C:\\Users\\Public\\miniconda3\\pkgs\\setuptools-66.0.0-py38haa95532_0\\Lib\\site-packages\\setuptools\\_vendor\\tomli\\__pycache__\\_re.cpython-38.pyc', reloading
[ 2024-04-12 12:43:43,993 ] 113 werkzeug - INFO -  * Detected change in 'C:\\Users\\Public\\miniconda3\\pkgs\\setuptools-66.0.0-py38haa95532_0\\Lib\\site-packages\\setuptools\\_vendor\\packaging\\__pycache__\\_structures.cpython-38.pyc', reloading
[ 2024-04-12 12:43:44,008 ] 113 werkzeug - INFO -  * Detected change in 'C:\\Users\\Public\\miniconda3\\pkgs\\setuptools-66.0.0-py38haa95532_0\\Lib\\site-packages\\setuptools\\_distutils\\__pycache__\\dep_util.cpython-38.pyc', reloading
[ 2024-04-12 12:43:44,024 ] 113 werkzeug - INFO -  * Detected change in 'C:\\Users\\Public\\miniconda3\\pkgs\\setuptools-66.0.0-py38haa95532_0\\Lib\\site-packages\\setuptools\\_vendor\\importlib_resources\\__pycache__\\_common.cpython-38.pyc', reloading
