[ 2024-04-12 12:43:38,421 ] 113 werkzeug - WARNING -  * Debugger is active!
[ 2024-04-12 12:43:38,452 ] 113 werkzeug - INFO -  * Debugger PIN: 623-489-910
[ 2024-04-12 12:43:38,659 ] 113 werkzeug - INFO -  * Detected change in 'C:\\Users\\Public\\miniconda3\\pkgs\\setuptools-66.0.0-py38haa95532_0\\Lib\\site-packages\\setuptools\\_distutils\\__pycache__\\dist.cpython-38.pyc', reloading
[ 2024-04-12 12:43:38,706 ] 113 werkzeug - INFO -  * Detected change in 'C:\\Users\\Public\\miniconda3\\pkgs\\setuptools-66.0.0-py38haa95532_0\\Lib\\site-packages\\setuptools\\_distutils\\__pycache__\\ccompiler.cpython-38.pyc', reloading
[ 2024-04-12 12:43:38,721 ] 113 werkzeug - INFO -  * Detected change in 'C:\\Users\\Public\\miniconda3\\pkgs\\setuptools-66.0.0-py38haa95532_0\\Lib\\site-packages\\setuptools\\__pycache__\\package_index.cpython-38.pyc', reloading
[ 2024-04-12 12:43:38,737 ] 113 werkzeug - INFO -  * Detected change in 'C:\\Users\\Public\\miniconda3\\pkgs\\setuptools-66.0.0-py38haa95532_0\\Lib\\site-packages\\setuptools\\command\\__pycache__\\editable_wheel.cpython-38.pyc', reloading
[ 2024-04-12 12:43:38,753 ] 113 werkzeug - INFO -  * Detected change in 'C:\\Users\\Public\\miniconda3\\pkgs\\setuptools-66.0.0-py38haa95532_0\\Lib\\site-packages\\setuptools\\_vendor\\pyparsing\\__pycache__\\results.cpython-38.pyc', reloading
[ 2024-04-12 12:43:38,768 ] 113 werkzeug - INFO -  * Detected change in 'C:\\Users\\Public\\miniconda3\\pkgs\\setuptools-66.0.0-py38haa95532_0\\Lib\\site-packages\\setuptools\\command\\__pycache__\\egg_info.cpython-38.pyc', reloading
[ 2024-04-12 12:43:38,784 ] 113 werkzeug - INFO -  * Detected change in 'C:\\Users\\Public\\miniconda3\\pkgs\\setuptools-66.0.0-py38haa95532_0\\Lib\\site-packages\\setuptools\\config\\__pycache__\\setupcfg.cpython-38.pyc', reloading
[ 2024-04-12 12:43:38,784 ] 113 werkzeug - INFO -  * Detected change in 'C:\\Users\\Public\\miniconda3\\pkgs\\setuptools-66.0.0-py38haa95532_0\\Lib\\site-packages\\setuptools\\_vendor\\packaging\\__pycache__\\specifiers.cpython-38.pyc', reloading
[ 2024-04-12 12:43:38,815 ] 113 werkzeug - INFO -  * Detected change in 'C:\\Users\\Public\\miniconda3\\pkgs\\setuptools-66.0.0-py38haa95532_0\\Lib\\site-packages\\setuptools\\__pycache__\\discovery.cpython-38.pyc', reloading
[ 2024-04-12 12:43:38,815 ] 113 werkzeug - INFO -  * Detected change in 'C:\\Users\\Public\\miniconda3\\pkgs\\setuptools-66.0.0-py38haa95532_0\\Lib\\site-packages\\setuptools\\_vendor\\jaraco\\text\\__pycache__\\__init__.cpython-38.pyc', reloading
[ 2024-04-12 12:43:38,846 ] 113 werkzeug - INFO -  * Detected change in 'C:\\Users\\Public\\miniconda3\\pkgs\\setuptools-66.0.0-py38haa95532_0\\Lib\\site-packages\\setuptools\\_vendor\\more_itertools\\__pycache__\\recipes.cpython-38.pyc', reloading
[ 2024-04-12 12:43:38,862 ] 113 werkzeug - INFO -  * Detected change in 'C:\\Users\\Public\\miniconda3\\pkgs\\setuptools-66.0.0-py38haa95532_0\\Lib\\site-packages\\setuptools\\__pycache__\\build_meta.cpython-38.pyc', reloading
[ 2024-04-12 12:43:38,862 ] 113 werkzeug - INFO -  * Detected change in 'C:\\Users\\Public\\miniconda3\\pkgs\\setuptools-66.0.0-py38haa95532_0\\Lib\\site-packages\\setuptools\\_distutils\\__pycache__\\msvc9compiler.cpython-38.pyc', reloading
[ 2024-04-12 12:43:38,893 ] 113 werkzeug - INFO -  * Detected change in 'C:\\Users\\Public\\miniconda3\\pkgs\\setuptools-66.0.0-py38haa95532_0\\Lib\\site-packages\\setuptools\\config\\__pycache__\\expand.cpython-38.pyc', reloading
[ 2024-04-12 12:43:38,893 ] 113 werkzeug - INFO -  * Detected change in 'C:\\Users\\Public\\miniconda3\\pkgs\\setuptools-66.0.0-py38haa95532_0\\Lib\\site-packages\\setuptools\\_distutils\\command\\__pycache__\\install.cpython-38.pyc', reloading
[ 2024-04-12 12:43:38,925 ] 113 werkzeug - INFO -  * Detected change in 'C:\\Users\\Public\\miniconda3\\pkgs\\setuptools-66.0.0-py38haa95532_0\\Lib\\site-packages\\setuptools\\_vendor\\tomli\\__pycache__\\_parser.cpython-38.pyc', reloading
[ 2024-04-12 12:43:38,940 ] 113 werkzeug - INFO -  * Detected change in 'C:\\Users\\Public\\miniconda3\\pkgs\\setuptools-66.0.0-py38haa95532_0\\Lib\\site-packages\\setuptools\\_vendor\\pyparsing\\diagram\\__pycache__\\__init__.cpython-38.pyc', reloading
[ 2024-04-12 12:43:38,956 ] 113 werkzeug - INFO -  * Detected change in 'C:\\Users\\Public\\miniconda3\\pkgs\\setuptools-66.0.0-py38haa95532_0\\Lib\\site-packages\\setuptools\\_vendor\\__pycache__\\ordered_set.cpython-38.pyc', reloading
[ 2024-04-12 12:43:38,971 ] 113 werkzeug - INFO -  * Detected change in 'C:\\Users\\Public\\miniconda3\\pkgs\\setuptools-66.0.0-py38haa95532_0\\Lib\\site-packages\\setuptools\\config\\__pycache__\\pyprojecttoml.cpython-38.pyc', reloading
[ 2024-04-12 12:43:38,987 ] 113 werkzeug - INFO -  * Detected change in 'C:\\Users\\Public\\miniconda3\\pkgs\\setuptools-66.0.0-py38haa95532_0\\Lib\\site-packages\\setuptools\\_distutils\\command\\__pycache__\\build_ext.cpython-38.pyc', reloading
[ 2024-04-12 12:43:39,003 ] 113 werkzeug - INFO -  * Detected change in 'C:\\Users\\Public\\miniconda3\\pkgs\\setuptools-66.0.0-py38haa95532_0\\Lib\\site-packages\\setuptools\\_vendor\\jaraco\\__pycache__\\functools.cpython-38.pyc', reloading
[ 2024-04-12 12:43:39,018 ] 113 werkzeug - INFO -  * Detected change in 'C:\\Users\\Public\\miniconda3\\pkgs\\setuptools-66.0.0-py38haa95532_0\\Lib\\site-packages\\setuptools\\__pycache__\\sandbox.cpython-38.pyc', reloading
[ 2024-04-12 12:43:39,034 ] 113 werkzeug - INFO -  * Detected change in 'C:\\Users\\Public\\miniconda3\\pkgs\\setuptools-66.0.0-py38haa95532_0\\Lib\\site-packages\\setuptools\\_distutils\\__pycache__\\msvccompiler.cpython-38.pyc', reloading
[ 2024-04-12 12:43:39,051 ] 113 werkzeug - INFO -  * Detected change in 'C:\\Users\\Public\\miniconda3\\pkgs\\setuptools-66.0.0-py38haa95532_0\\Lib\\site-packages\\setuptools\\_distutils\\command\\__pycache__\\sdist.cpython-38.pyc', reloading
[ 2024-04-12 12:43:39,068 ] 113 werkzeug - INFO -  * Detected change in 'C:\\Users\\Public\\miniconda3\\pkgs\\setuptools-66.0.0-py38haa95532_0\\Lib\\site-packages\\setuptools\\_distutils\\__pycache__\\cmd.cpython-38.pyc', reloading
[ 2024-04-12 12:43:39,084 ] 113 werkzeug - INFO -  * Detected change in 'C:\\Users\\Public\\miniconda3\\pkgs\\setuptools-66.0.0-py38haa95532_0\\Lib\\site-packages\\setuptools\\command\\__pycache__\\build_py.cpython-38.pyc', reloading
[ 2024-04-12 12:43:39,100 ] 113 werkzeug - INFO -  * Detected change in 'C:\\Users\\Public\\miniconda3\\pkgs\\setuptools-66.0.0-py38haa95532_0\\Lib\\site-packages\\setuptools\\_distutils\\__pycache__\\_msvccompiler.cpython-38.pyc', reloading
[ 2024-04-12 12:43:39,100 ] 113 werkzeug - INFO -  * Detected change in 'C:\\Users\\Public\\miniconda3\\pkgs\\setuptools-66.0.0-py38haa95532_0\\Lib\\site-packages\\setuptools\\config\\__pycache__\\_apply_pyprojecttoml.cpython-38.pyc', reloading
[ 2024-04-12 12:43:39,115 ] 113 werkzeug - INFO -  * Detected change in 'C:\\Users\\Public\\miniconda3\\pkgs\\setuptools-66.0.0-py38haa95532_0\\Lib\\site-packages\\setuptools\\_distutils\\__pycache__\\util.cpython-38.pyc', reloading
[ 2024-04-12 12:43:39,131 ] 113 werkzeug - INFO -  * Detected change in 'C:\\Users\\Public\\miniconda3\\pkgs\\setuptools-66.0.0-py38haa95532_0\\Lib\\site-packages\\setuptools\\_distutils\\__pycache__\\sysconfig.cpython-38.pyc', reloading
[ 2024-04-12 12:43:39,146 ] 113 werkzeug - INFO -  * Detected change in 'C:\\Users\\Public\\miniconda3\\pkgs\\setuptools-66.0.0-py38haa95532_0\\Lib\\site-packages\\setuptools\\_vendor\\packaging\\__pycache__\\version.cpython-38.pyc', reloading
[ 2024-04-12 12:43:39,178 ] 113 werkzeug - INFO -  * Detected change in 'C:\\Users\\Public\\miniconda3\\pkgs\\setuptools-66.0.0-py38haa95532_0\\Lib\\site-packages\\setuptools\\command\\__pycache__\\bdist_egg.cpython-38.pyc', reloading
[ 2024-04-12 12:43:39,193 ] 113 werkzeug - INFO -  * Detected change in 'C:\\Users\\Public\\miniconda3\\pkgs\\setuptools-66.0.0-py38haa95532_0\\Lib\\site-packages\\setuptools\\_distutils\\command\\__pycache__\\bdist_rpm.cpython-38.pyc', reloading
[ 2024-04-12 12:43:39,198 ] 113 werkzeug - INFO -  * Detected change in 'C:\\Users\\Public\\miniconda3\\pkgs\\setuptools-66.0.0-py38haa95532_0\\Lib\\site-packages\\setuptools\\_vendor\\packaging\\__pycache__\\tags.cpython-38.pyc', reloading
[ 2024-04-12 12:43:39,213 ] 113 werkzeug - INFO -  * Detected change in 'C:\\Users\\Public\\miniconda3\\pkgs\\setuptools-66.0.0-py38haa95532_0\\Lib\\site-packages\\setuptools\\_vendor\\pyparsing\\__pycache__\\testing.cpython-38.pyc', reloading
[ 2024-04-12 12:43:39,229 ] 113 werkzeug - INFO -  * Detected change in 'C:\\Users\\Public\\miniconda3\\pkgs\\setuptools-66.0.0-py38haa95532_0\\Lib\\site-packages\\setuptools\\command\\__pycache__\\build_ext.cpython-38.pyc', reloading
