[ 2024-06-18 16:54:00,426 ] 113 werkzeug - WARNING -  * Debugger is active!
[ 2024-06-18 16:54:00,464 ] 113 werkzeug - INFO -  * Debugger PIN: 161-147-940
[ 2024-06-18 16:54:00,537 ] 113 werkzeug - INFO -  * Detected change in 'C:\\Users\\Public\\miniconda3\\Lib\\site-packages\\semver\\_deprecated.py', reloading
[ 2024-06-18 16:54:00,554 ] 113 werkzeug - INFO -  * Detected change in 'C:\\Users\\Public\\miniconda3\\Lib\\site-packages\\semver\\version.py', reloading
[ 2024-06-18 16:54:00,559 ] 113 werkzeug - INFO -  * Detected change in 'C:\\Users\\Public\\miniconda3\\Lib\\site-packages\\semver\\__about__.py', reloading
[ 2024-06-18 16:54:00,561 ] 113 werkzeug - INFO -  * Detected change in 'C:\\Users\\Public\\miniconda3\\Lib\\site-packages\\shortuuid\\__init__.py', reloading
[ 2024-06-18 16:54:00,569 ] 113 werkzeug - INFO -  * Detected change in 'C:\\Users\\Public\\miniconda3\\Lib\\site-packages\\shortuuid\\main.py', reloading
[ 2024-06-18 16:54:00,572 ] 113 werkzeug - INFO -  * Detected change in 'C:\\Users\\Public\\miniconda3\\Lib\\site-packages\\shtab\\__init__.py', reloading
[ 2024-06-18 16:54:00,590 ] 113 werkzeug - INFO -  * Detected change in 'C:\\Users\\Public\\miniconda3\\Lib\\site-packages\\smmap\\__init__.py', reloading
[ 2024-06-18 16:54:00,591 ] 113 werkzeug - INFO -  * Detected change in 'C:\\Users\\Public\\miniconda3\\Lib\\site-packages\\sniffio\\__init__.py', reloading
[ 2024-06-18 16:54:00,597 ] 113 werkzeug - INFO -  * Detected change in 'C:\\Users\\Public\\miniconda3\\Lib\\site-packages\\sniffio\\_impl.py', reloading
[ 2024-06-18 16:54:00,602 ] 113 werkzeug - INFO -  * Detected change in 'C:\\Users\\Public\\miniconda3\\Lib\\site-packages\\soupsieve\\__init__.py', reloading
[ 2024-06-18 16:54:00,612 ] 113 werkzeug - INFO -  * Detected change in 'C:\\Users\\Public\\miniconda3\\Lib\\site-packages\\soupsieve\\util.py', reloading
[ 2024-06-18 16:54:00,616 ] 113 werkzeug - INFO -  * Detected change in 'C:\\Users\\Public\\miniconda3\\Lib\\site-packages\\sqlalchemy\\__init__.py', reloading
[ 2024-06-18 16:54:00,661 ] 113 werkzeug - INFO -  * Detected change in 'C:\\Users\\Public\\miniconda3\\Lib\\site-packages\\sqlalchemy\\engine\\__init__.py', reloading
[ 2024-06-18 16:54:00,670 ] 113 werkzeug - INFO -  * Detected change in 'C:\\Users\\Public\\miniconda3\\Lib\\site-packages\\sqlalchemy\\engine\\interfaces.py', reloading
[ 2024-06-18 16:54:00,686 ] 113 werkzeug - INFO -  * Detected change in 'C:\\Users\\Public\\miniconda3\\Lib\\site-packages\\sqlalchemy\\engine\\row.py', reloading
[ 2024-06-18 16:54:00,693 ] 113 werkzeug - INFO -  * Detected change in 'C:\\Users\\Public\\miniconda3\\Lib\\site-packages\\sqlalchemy\\engine\\_py_row.py', reloading
[ 2024-06-18 16:54:00,697 ] 113 werkzeug - INFO -  * Detected change in 'C:\\Users\\Public\\miniconda3\\Lib\\site-packages\\sqlalchemy\\engine\\result.py', reloading
[ 2024-06-18 16:54:00,716 ] 113 werkzeug - INFO -  * Detected change in 'C:\\Users\\Public\\miniconda3\\Lib\\site-packages\\sqlalchemy\\sql\\compiler.py', reloading
[ 2024-06-18 16:54:00,792 ] 113 werkzeug - INFO -  * Detected change in 'C:\\Users\\Public\\miniconda3\\Lib\\site-packages\\sqlalchemy\\engine\\base.py', reloading
[ 2024-06-18 16:54:00,819 ] 113 werkzeug - INFO -  * Detected change in 'C:\\Users\\Public\\miniconda3\\Lib\\site-packages\\sqlalchemy\\engine\\create.py', reloading
[ 2024-06-18 16:54:00,836 ] 113 werkzeug - INFO -  * Detected change in 'C:\\Users\\Public\\miniconda3\\Lib\\site-packages\\sqlalchemy\\engine\\mock.py', reloading
[ 2024-06-18 16:54:00,848 ] 113 werkzeug - INFO -  * Detected change in 'C:\\Users\\Public\\miniconda3\\Lib\\site-packages\\sqlalchemy\\engine\\cursor.py', reloading
[ 2024-06-18 16:54:00,867 ] 113 werkzeug - INFO -  * Detected change in 'C:\\Users\\Public\\miniconda3\\Lib\\site-packages\\sqlalchemy\\engine\\reflection.py', reloading
[ 2024-06-18 16:54:00,915 ] 113 werkzeug - INFO -  * Detected change in 'C:\\Users\\Public\\miniconda3\\Lib\\site-packages\\sqlalchemy\\engine\\url.py', reloading
[ 2024-06-18 16:54:00,938 ] 113 werkzeug - INFO -  * Detected change in 'C:\\Users\\Public\\miniconda3\\Lib\\site-packages\\sqlalchemy\\inspection.py', reloading
[ 2024-06-18 16:54:00,947 ] 113 werkzeug - INFO -  * Detected change in 'C:\\Users\\Public\\miniconda3\\Lib\\site-packages\\sqlalchemy\\pool\\__init__.py', reloading
[ 2024-06-18 16:54:00,958 ] 113 werkzeug - INFO -  * Detected change in 'C:\\Users\\Public\\miniconda3\\Lib\\site-packages\\sqlalchemy\\pool\\impl.py', reloading
[ 2024-06-18 16:54:00,959 ] 113 werkzeug - INFO -  * Detected change in 'C:\\Users\\Public\\miniconda3\\Lib\\site-packages\\sqlalchemy\\pool\\base.py', reloading
[ 2024-06-18 16:54:00,975 ] 113 werkzeug - INFO -  * Detected change in 'C:\\Users\\Public\\miniconda3\\Lib\\site-packages\\sqlalchemy\\schema.py', reloading
[ 2024-06-18 16:54:01,000 ] 113 werkzeug - INFO -  * Detected change in 'C:\\Users\\Public\\miniconda3\\Lib\\site-packages\\sqlalchemy\\sql\\ddl.py', reloading
[ 2024-06-18 16:54:01,014 ] 113 werkzeug - INFO -  * Detected change in 'C:\\Users\\Public\\miniconda3\\Lib\\site-packages\\sqlalchemy\\sql\\schema.py', reloading
[ 2024-06-18 16:54:01,075 ] 113 werkzeug - INFO -  * Detected change in 'C:\\Users\\Public\\miniconda3\\Lib\\site-packages\\sqlalchemy\\sql\\__init__.py', reloading
[ 2024-06-18 16:54:01,081 ] 113 werkzeug - INFO -  * Detected change in 'C:\\Users\\Public\\miniconda3\\Lib\\site-packages\\sqlalchemy\\sql\\_typing.py', reloading
[ 2024-06-18 16:54:01,092 ] 113 werkzeug - INFO -  * Detected change in 'C:\\Users\\Public\\miniconda3\\Lib\\site-packages\\sqlalchemy\\sql\\expression.py', reloading
[ 2024-06-18 16:54:01,127 ] 113 werkzeug - INFO -  * Detected change in 'C:\\Users\\Public\\miniconda3\\Lib\\site-packages\\sqlalchemy\\sql\\selectable.py', reloading
[ 2024-06-18 16:54:01,164 ] 113 werkzeug - INFO -  * Detected change in 'C:\\Users\\Public\\miniconda3\\Lib\\site-packages\\sqlalchemy\\sql\\_selectable_constructors.py', reloading
[ 2024-06-18 16:54:01,169 ] 113 werkzeug - INFO -  * Detected change in 'C:\\Users\\Public\\miniconda3\\Lib\\site-packages\\sqlalchemy\\sql\\_elements_constructors.py', reloading
[ 2024-06-18 16:54:01,181 ] 113 werkzeug - INFO -  * Detected change in 'C:\\Users\\Public\\miniconda3\\Lib\\site-packages\\sqlalchemy\\sql\\elements.py', reloading
[ 2024-06-18 16:54:01,203 ] 113 werkzeug - INFO -  * Detected change in 'C:\\Users\\Public\\miniconda3\\Lib\\site-packages\\sqlalchemy\\sql\\cache_key.py', reloading
[ 2024-06-18 16:54:01,213 ] 113 werkzeug - INFO -  * Detected change in 'C:\\Users\\Public\\miniconda3\\Lib\\site-packages\\sqlalchemy\\sql\\base.py', reloading
[ 2024-06-18 16:54:01,233 ] 113 werkzeug - INFO -  * Detected change in 'C:\\Users\\Public\\miniconda3\\Lib\\site-packages\\sqlalchemy\\sql\\operators.py', reloading
[ 2024-06-18 16:54:01,250 ] 113 werkzeug - INFO -  * Detected change in 'C:\\Users\\Public\\miniconda3\\Lib\\site-packages\\sqlalchemy\\sql\\dml.py', reloading
[ 2024-06-18 16:54:01,259 ] 113 werkzeug - INFO -  * Detected change in 'C:\\Users\\Public\\miniconda3\\Lib\\site-packages\\sqlalchemy\\sql\\_dml_constructors.py', reloading
[ 2024-06-18 16:54:01,263 ] 113 werkzeug - INFO -  * Detected change in 'C:\\Users\\Public\\miniconda3\\Lib\\site-packages\\sqlalchemy\\sql\\functions.py', reloading
[ 2024-06-18 16:54:01,278 ] 113 werkzeug - INFO -  * Detected change in 'C:\\Users\\Public\\miniconda3\\Lib\\site-packages\\sqlalchemy\\sql\\lambdas.py', reloading
[ 2024-06-18 16:54:01,286 ] 113 werkzeug - INFO -  * Detected change in 'C:\\Users\\Public\\miniconda3\\Lib\\site-packages\\sqlalchemy\\sql\\visitors.py', reloading
[ 2024-06-18 16:54:01,299 ] 113 werkzeug - INFO -  * Detected change in 'C:\\Users\\Public\\miniconda3\\Lib\\site-packages\\sqlalchemy\\types.py', reloading
[ 2024-06-18 16:54:01,305 ] 113 werkzeug - INFO -  * Detected change in 'C:\\Users\\Public\\miniconda3\\Lib\\site-packages\\sqlalchemy\\sql\\sqltypes.py', reloading
[ 2024-06-18 16:54:01,341 ] 113 werkzeug - INFO -  * Detected change in 'C:\\Users\\Public\\miniconda3\\Lib\\site-packages\\sqlalchemy\\sql\\type_api.py', reloading
[ 2024-06-18 16:54:01,371 ] 113 werkzeug - INFO -  * Detected change in 'C:\\Users\\Public\\miniconda3\\Lib\\site-packages\\sqlparse\\__init__.py', reloading
[ 2024-06-18 16:54:01,384 ] 113 werkzeug - INFO -  * Detected change in 'C:\\Users\\Public\\miniconda3\\Lib\\site-packages\\sqltrie\\__init__.py', reloading
[ 2024-06-18 16:54:01,390 ] 113 werkzeug - INFO -  * Detected change in 'C:\\Users\\Public\\miniconda3\\Lib\\site-packages\\stack_data\\__init__.py', reloading
[ 2024-06-18 16:54:01,396 ] 113 werkzeug - INFO -  * Detected change in 'C:\\Users\\Public\\miniconda3\\Lib\\site-packages\\streamlit\\__init__.py', reloading
[ 2024-06-18 16:54:01,471 ] 113 werkzeug - INFO -  * Detected change in 'C:\\Users\\Public\\miniconda3\\Lib\\site-packages\\streamlit\\echo.py', reloading
[ 2024-06-18 16:54:01,478 ] 113 werkzeug - INFO -  * Detected change in 'C:\\Users\\Public\\miniconda3\\Lib\\site-packages\\streamlit\\elements\\spinner.py', reloading
[ 2024-06-18 16:54:01,495 ] 113 werkzeug - INFO -  * Detected change in 'C:\\Users\\Public\\miniconda3\\Lib\\site-packages\\streamlit\\commands\\page_config.py', reloading
[ 2024-06-18 16:54:01,522 ] 113 werkzeug - INFO -  * Detected change in 'C:\\Users\\Public\\miniconda3\\Lib\\site-packages\\streamlit\\commands\\execution_control.py', reloading
